#
# There is insufficient memory for the Java Runtime Environment to continue.
# Native memory allocation (mmap) failed to map 65536 bytes for Failed to commit area from 0x0000022cad240000 to 0x0000022cad250000 of length 65536.
# Possible reasons:
#   The system is out of physical RAM or swap space
#   The process is running with CompressedOops enabled, and the Java Heap may be blocking the growth of the native heap
# Possible solutions:
#   Reduce memory load on the system
#   Increase physical memory or swap space
#   Check if swap backing store is full
#   Decrease Java heap size (-Xmx/-Xms)
#   Decrease number of Java threads
#   Decrease Java thread stack sizes (-Xss)
#   Set larger code cache with -XX:ReservedCodeCacheSize=
#   JVM is running with Zero Based Compressed Oops mode in which the Java heap is
#     placed in the first 32GB address space. The Java Heap base address is the
#     maximum limit for the native heap growth. Please use -XX:HeapBaseMinAddress
#     to set the Java Heap base and to place the Java Heap above 32GB virtual address.
# This output file may be truncated or incomplete.
#
#  Out of Memory Error (t:/workspace/open/src/hotspot/os/windows/os_windows.cpp:3269), pid=14584, tid=1892
#
# JRE version: OpenJDK Runtime Environment (11.0.2+9) (build 11.0.2+9)
# Java VM: OpenJDK 64-Bit Server VM (11.0.2+9, mixed mode, tiered, compressed oops, g1 gc, windows-amd64)
# No core dump will be written. Minidumps are not enabled by default on client versions of Windows
#

---------------  S U M M A R Y ------------

Command Line: -Xmx4096m --illegal-access=deny -DlanguageId_xjal=en0s9buz -DflowchartCountersVisible_xjal=true -DbuiltInTileCachePath_xjal=C:\Program Files\AnyLogic 8.7 University\plugins\com.anylogic.gis_8.7.11.202204112018\tiles -DflowchartPortStateAnimated_xjal=true -DenableWarnings_xjal=true -DenableObject3DLod_xjal=true -DstandaloneBrowserPath_xjal=C:/Program Files/AnyLogic 8.7 University/chromium/chromium-win64/chrome.exe -DstandaloneBrowserCommandArguments_xjal=--app=$1 -DanylogicIncomingPort_xjal=7880 -DbrowserUserDataPath_xjal=--user-data-dir=C:\Users\Mels\.AnyLogicUniversity\Workspace8.7\chromium\userData -DuseProxy_xjal=false -Dfile.encoding=Cp1252 com.anylogic.ms.MS brabant_buurtmodel_ui.Simulation 1a40456

Host: Intel(R) Core(TM) i7-7700HQ CPU @ 2.80GHz, 8 cores, 7G,  Windows 10 , 64 bit Build 19041 (10.0.19041.1645)
Time: Tue May  3 12:32:38 2022 W. Europe Summer Time elapsed time: 107 seconds (0d 0h 1m 47s)

---------------  T H R E A D  ---------------

Current thread (0x0000022cb735e800):  VMThread "VM Thread" [stack: 0x0000008ff8500000,0x0000008ff8600000] [id=1892]

Stack: [0x0000008ff8500000,0x0000008ff8600000]
[error occurred during error reporting (printing stack bounds), id 0xc0000005, EXCEPTION_ACCESS_VIOLATION (0xc0000005) at pc=0x0000022c9b530bad]

Native frames: (J=compiled Java code, j=interpreted, Vv=VM code, C=native code)
V  [jvm.dll+0x63489a]
V  [jvm.dll+0x771f9f]
V  [jvm.dll+0x773648]
V  [jvm.dll+0x773c65]
V  [jvm.dll+0x773c1b]
V  [jvm.dll+0x633fa6]
V  [jvm.dll+0x634368]
C  [ntdll.dll+0xa20cf]
C  [ntdll.dll+0x51454]
C  [ntdll.dll+0xa0bfe]
C  0x0000022c9b530bad

VM_Operation (0x0000008ffb6fdf40): G1CollectForAllocation, mode: safepoint, requested by thread 0x0000022cbc886000


---------------  P R O C E S S  ---------------

Threads class SMR info:
_java_thread_list=0x0000022cbaadf810, length=44, elements={
0x0000022cb7b64800, 0x0000022cb7b66000, 0x0000022cb7bf1800, 0x0000022cb7bf2800,
0x0000022cb7b9d800, 0x0000022cb7ba8800, 0x0000022cb7bf8000, 0x0000022cb7d50000,
0x0000022cb7d52000, 0x0000022cb8f54000, 0x0000022c931ff800, 0x0000022cba545800,
0x0000022cba546000, 0x0000022cb9077800, 0x0000022cb8fae800, 0x0000022cb8faf800,
0x0000022cb9088800, 0x0000022cb91ec000, 0x0000022cbb05a800, 0x0000022cb8f60800,
0x0000022cb8f5e000, 0x0000022cb8f5f800, 0x0000022cbc879000, 0x0000022cbc879800,
0x0000022cbc87a800, 0x0000022cbc87d000, 0x0000022cbc87b800, 0x0000022cbc87c000,
0x0000022cbc87d800, 0x0000022cbc878000, 0x0000022cbc883800, 0x0000022cbc880000,
0x0000022cbc87f800, 0x0000022cbc884800, 0x0000022cbc882800, 0x0000022cbc882000,
0x0000022cbc87e800, 0x0000022cbc885000, 0x0000022cbc886000, 0x0000022cbc886800,
0x0000022cb86f6800, 0x0000022cb8ba0800, 0x0000022cb8f5e800, 0x0000022cb815b000
}

Java Threads: ( => current thread )
  0x0000022cb7b64800 JavaThread "Reference Handler" daemon [_thread_blocked, id=19704, stack(0x0000008ff8600000,0x0000008ff8700000)]
  0x0000022cb7b66000 JavaThread "Finalizer" daemon [_thread_blocked, id=1124, stack(0x0000008ff8700000,0x0000008ff8800000)]
  0x0000022cb7bf1800 JavaThread "Signal Dispatcher" daemon [_thread_blocked, id=7072, stack(0x0000008ff8800000,0x0000008ff8900000)]
  0x0000022cb7bf2800 JavaThread "Attach Listener" daemon [_thread_blocked, id=7196, stack(0x0000008ff8900000,0x0000008ff8a00000)]
  0x0000022cb7b9d800 JavaThread "C2 CompilerThread0" daemon [_thread_blocked, id=15252, stack(0x0000008ff8a00000,0x0000008ff8b00000)]
  0x0000022cb7ba8800 JavaThread "C1 CompilerThread0" daemon [_thread_blocked, id=5424, stack(0x0000008ff8b00000,0x0000008ff8c00000)]
  0x0000022cb7bf8000 JavaThread "Sweeper thread" daemon [_thread_blocked, id=25236, stack(0x0000008ff8c00000,0x0000008ff8d00000)]
  0x0000022cb7d50000 JavaThread "Service Thread" daemon [_thread_blocked, id=14372, stack(0x0000008ff8d00000,0x0000008ff8e00000)]
  0x0000022cb7d52000 JavaThread "Common-Cleaner" daemon [_thread_blocked, id=13060, stack(0x0000008ff8f00000,0x0000008ff9000000)]
  0x0000022cb8f54000 JavaThread "Thread-0" [_thread_blocked, id=21552, stack(0x0000008ff9400000,0x0000008ff9500000)]
  0x0000022c931ff800 JavaThread "DestroyJavaVM" [_thread_blocked, id=25584, stack(0x0000008ff7f00000,0x0000008ff8000000)]
  0x0000022cba545800 JavaThread "qtp1005817318-18" [_thread_blocked, id=18012, stack(0x0000008ff9800000,0x0000008ff9900000)]
  0x0000022cba546000 JavaThread "qtp1005817318-19" [_thread_in_native, id=17916, stack(0x0000008ff9900000,0x0000008ff9a00000)]
  0x0000022cb9077800 JavaThread "qtp1005817318-20" [_thread_blocked, id=11624, stack(0x0000008ff9a00000,0x0000008ff9b00000)]
  0x0000022cb8fae800 JavaThread "qtp1005817318-21" [_thread_blocked, id=6208, stack(0x0000008ff9b00000,0x0000008ff9c00000)]
  0x0000022cb8faf800 JavaThread "qtp1005817318-22-acceptor-0@26a56f55-ServerConnector@77eea385{HTTP/1.1, (http/1.1)}{0.0.0.0:20557}" [_thread_in_native, id=16512, stack(0x0000008ff9c00000,0x0000008ff9d00000)]
  0x0000022cb9088800 JavaThread "qtp1005817318-23" [_thread_in_native, id=22332, stack(0x0000008ff9d00000,0x0000008ff9e00000)]
  0x0000022cb91ec000 JavaThread "qtp1005817318-24" [_thread_blocked, id=23112, stack(0x0000008ff9e00000,0x0000008ff9f00000)]
  0x0000022cbb05a800 JavaThread "qtp1005817318-25" [_thread_in_native, id=25120, stack(0x0000008ff9f00000,0x0000008ffa000000)]
  0x0000022cb8f60800 JavaThread "Session-HouseKeeper-423ddb30-1" [_thread_blocked, id=2500, stack(0x0000008ffa000000,0x0000008ffa100000)]
  0x0000022cb8f5e000 JavaThread "Java2D Disposer" daemon [_thread_blocked, id=23056, stack(0x0000008ffa100000,0x0000008ffa200000)]
  0x0000022cb8f5f800 JavaThread "AWT-Windows" daemon [_thread_in_native, id=20100, stack(0x0000008ffa300000,0x0000008ffa400000)]
  0x0000022cbc879000 JavaThread "Connector-Scheduler-77eea385-1" [_thread_blocked, id=22628, stack(0x0000008ffaa00000,0x0000008ffab00000)]
  0x0000022cbc879800 JavaThread "qtp1005817318-32" [_thread_blocked, id=5376, stack(0x0000008ffab00000,0x0000008ffac00000)]
  0x0000022cbc87a800 JavaThread "qtp1005817318-33" [_thread_blocked, id=6908, stack(0x0000008ffac00000,0x0000008ffad00000)]
  0x0000022cbc87d000 JavaThread "qtp1005817318-34" [_thread_blocked, id=7472, stack(0x0000008ffad00000,0x0000008ffae00000)]
  0x0000022cbc87b800 JavaThread "qtp1005817318-35" [_thread_blocked, id=4204, stack(0x0000008ffae00000,0x0000008ffaf00000)]
  0x0000022cbc87c000 JavaThread "qtp1005817318-36" [_thread_blocked, id=10684, stack(0x0000008ffaf00000,0x0000008ffb000000)]
  0x0000022cbc87d800 JavaThread "qtp1005817318-37" [_thread_blocked, id=24324, stack(0x0000008ffb000000,0x0000008ffb100000)]
  0x0000022cbc878000 JavaThread "Frame Collector" [_thread_blocked, id=8544, stack(0x0000008ffb300000,0x0000008ffb400000)]
  0x0000022cbc883800 JavaThread "qtp1005817318-42" [_thread_blocked, id=23520, stack(0x0000008ffb700000,0x0000008ffb800000)]
  0x0000022cbc880000 JavaThread "qtp1005817318-44" [_thread_blocked, id=10024, stack(0x0000008ffb800000,0x0000008ffb900000)]
  0x0000022cbc87f800 JavaThread "qtp1005817318-45" [_thread_blocked, id=2912, stack(0x0000008ffb900000,0x0000008ffba00000)]
  0x0000022cbc884800 JavaThread "gis-tile-loading-0" [_thread_blocked, id=21520, stack(0x0000008ff7c00000,0x0000008ff7d00000)]
  0x0000022cbc882800 JavaThread "gis-tile-loading-1" [_thread_blocked, id=21132, stack(0x0000008ff7d00000,0x0000008ff7e00000)]
  0x0000022cbc882000 JavaThread "gis-tile-loading-2" [_thread_blocked, id=18484, stack(0x0000008ff7e00000,0x0000008ff7f00000)]
  0x0000022cbc87e800 JavaThread "gis-tile-loading-3" [_thread_blocked, id=9288, stack(0x0000008ffa400000,0x0000008ffa500000)]
  0x0000022cbc885000 JavaThread "gis-tile-loading-4" [_thread_blocked, id=22216, stack(0x0000008ffb400000,0x0000008ffb500000)]
  0x0000022cbc886000 JavaThread "gis-tile-loading-5" [_thread_blocked, id=12132, stack(0x0000008ffb600000,0x0000008ffb700000)]
  0x0000022cbc886800 JavaThread "gis-tile-loading-6" [_thread_blocked, id=11332, stack(0x0000008ffba00000,0x0000008ffbb00000)]
  0x0000022cb86f6800 JavaThread "C2 CompilerThread1" daemon [_thread_blocked, id=21420, stack(0x0000008ffbb00000,0x0000008ffbc00000)]
  0x0000022cb8ba0800 JavaThread "C2 CompilerThread2" daemon [_thread_blocked, id=4860, stack(0x0000008ffbc00000,0x0000008ffbd00000)]
  0x0000022cb8f5e800 JavaThread "AWT-Shutdown" [_thread_blocked, id=11304, stack(0x0000008ffbd00000,0x0000008ffbe00000)]
  0x0000022cb815b000 JavaThread "AWT-EventQueue-0" [_thread_blocked, id=24652, stack(0x0000008ffbe00000,0x0000008ffbf00000)]

Other Threads:
=>0x0000022cb735e800 VMThread "VM Thread" [stack: 0x0000008ff8500000,0x0000008ff8600000] [id=1892]
  0x0000022cb7d51000 WatcherThread [stack: 0x0000008ff8e00000,0x0000008ff8f00000] [id=3208]
  0x0000022c93216000 GCTaskThread "GC Thread#0" [stack: 0x0000008ff8000000,0x0000008ff8100000] [id=3964]
  0x0000022cb8bdc000 GCTaskThread "GC Thread#1" [stack: 0x0000008ff9200000,0x0000008ff9300000] [id=10508]
  0x0000022cb8a7f800 GCTaskThread "GC Thread#2" [stack: 0x0000008ff9300000,0x0000008ff9400000] [id=12440]
  0x0000022cb92cc000 GCTaskThread "GC Thread#3" [stack: 0x0000008ff9600000,0x0000008ff9700000] [id=21872]
  0x0000022cbbd1a000 GCTaskThread "GC Thread#4" [stack: 0x0000008ff9500000,0x0000008ff9600000] [id=21532]
  0x0000022cbbefb000 GCTaskThread "GC Thread#5" [stack: 0x0000008ffa500000,0x0000008ffa600000] [id=25412]
  0x0000022cba4c0800 GCTaskThread "GC Thread#6" [stack: 0x0000008ffa600000,0x0000008ffa700000] [id=22884]
  0x0000022cba557000 GCTaskThread "GC Thread#7" [stack: 0x0000008ffa700000,0x0000008ffa800000] [id=10844]
  0x0000022c93273000 ConcurrentGCThread "G1 Main Marker" [stack: 0x0000008ff8100000,0x0000008ff8200000] [id=19768]
  0x0000022c93276800 ConcurrentGCThread "G1 Conc#0" [stack: 0x0000008ff8200000,0x0000008ff8300000] [id=23304]
  0x0000022cb8dcc000 ConcurrentGCThread "G1 Conc#1" [stack: 0x0000008ff9700000,0x0000008ff9800000] [id=23316]
  0x0000022cb71c1800 ConcurrentGCThread "G1 Refine#0" [stack: 0x0000008ff8300000,0x0000008ff8400000] [id=12448]
  0x0000022cbd971000 ConcurrentGCThread "G1 Refine#1" [stack: 0x0000008ffa200000,0x0000008ffa300000] [id=1844]
  0x0000022cbd971800 ConcurrentGCThread "G1 Refine#2" [stack: 0x0000008ffa800000,0x0000008ffa900000] [id=13232]
  0x0000022cbd972800 ConcurrentGCThread "G1 Refine#3" [stack: 0x0000008ffa900000,0x0000008ffaa00000] [id=8316]
  0x0000022cbd973000 ConcurrentGCThread "G1 Refine#4" [stack: 0x0000008ffb100000,0x0000008ffb200000] [id=25060]
  0x0000022cbd974000 ConcurrentGCThread "G1 Refine#5" [stack: 0x0000008ffb200000,0x0000008ffb300000] [id=4868]
  0x0000022cb71c2000 ConcurrentGCThread "G1 Young RemSet Sampling" [stack: 0x0000008ff8400000,0x0000008ff8500000] [id=6292]

Threads with active compile tasks:
C2 CompilerThread06303       4       sun.java2d.marlin.DRenderer::_endRendering (2480 bytes)
C1 CompilerThread06465   !   3       java.awt.EventDispatchThread::pumpOneEventForFilters (113 bytes)
C2 CompilerThread16425       4       javax.swing.JComponent::firePropertyChange (8 bytes)

VM state:at safepoint (normal execution)

VM Mutex/Monitor currently owned by a thread:  ([mutex/lock_event])
[0x0000022c931fc550] Threads_lock - owner thread: 0x0000022cb735e800
[0x0000022c931fcee0] Heap_lock - owner thread: 0x0000022cbc886000

Heap address: 0x0000000700000000, size: 4096 MB, Compressed Oops mode: Zero based, Oop shift amount: 3
Narrow klass base: 0x0000000800000000, Narrow klass shift: 0
Compressed class space size: 1073741824 Address: 0x0000000800000000

Heap:
 garbage-first heap   total 1093632K, used 192044K [0x0000000700000000, 0x0000000800000000)
  region size 1024K, 12 young (12288K), 12 survivors (12288K)
 Metaspace       used 44432K, capacity 45206K, committed 45304K, reserved 1089536K
  class space    used 4728K, capacity 5063K, committed 5120K, reserved 1048576K
Heap Regions: E=young(eden), S=young(survivor), O=old, HS=humongous(starts), HC=humongous(continues), CS=collection set, F=free, A=archive, TAMS=top-at-mark-start (previous, next)
|   0|0x0000000700000000, 0x0000000700100000, 0x0000000700100000|100%| O|  |TAMS 0x0000000700100000, 0x0000000700100000| Untracked 
|   1|0x0000000700100000, 0x0000000700200000, 0x0000000700200000|100%|HS|  |TAMS 0x0000000700200000, 0x0000000700200000| Complete 
|   2|0x0000000700200000, 0x0000000700300000, 0x0000000700300000|100%| O|  |TAMS 0x0000000700300000, 0x0000000700300000| Untracked 
|   3|0x0000000700300000, 0x0000000700400000, 0x0000000700400000|100%| O|  |TAMS 0x0000000700400000, 0x0000000700400000| Untracked 
|   4|0x0000000700400000, 0x0000000700500000, 0x0000000700500000|100%| O|  |TAMS 0x0000000700500000, 0x0000000700500000| Untracked 
|   5|0x0000000700500000, 0x0000000700600000, 0x0000000700600000|100%| O|  |TAMS 0x0000000700600000, 0x0000000700600000| Untracked 
|   6|0x0000000700600000, 0x0000000700700000, 0x0000000700700000|100%| O|  |TAMS 0x0000000700700000, 0x0000000700700000| Untracked 
|   7|0x0000000700700000, 0x0000000700800000, 0x0000000700800000|100%| O|  |TAMS 0x0000000700800000, 0x0000000700800000| Untracked 
|   8|0x0000000700800000, 0x0000000700900000, 0x0000000700900000|100%| O|  |TAMS 0x0000000700900000, 0x0000000700900000| Untracked 
|   9|0x0000000700900000, 0x0000000700a00000, 0x0000000700a00000|100%| O|  |TAMS 0x0000000700a00000, 0x0000000700a00000| Untracked 
|  10|0x0000000700a00000, 0x0000000700b00000, 0x0000000700b00000|100%| O|  |TAMS 0x0000000700b00000, 0x0000000700b00000| Untracked 
|  11|0x0000000700b00000, 0x0000000700c00000, 0x0000000700c00000|100%| O|  |TAMS 0x0000000700c00000, 0x0000000700c00000| Untracked 
|  12|0x0000000700c00000, 0x0000000700d00000, 0x0000000700d00000|100%| O|  |TAMS 0x0000000700d00000, 0x0000000700d00000| Untracked 
|  13|0x0000000700d00000, 0x0000000700e00000, 0x0000000700e00000|100%| O|  |TAMS 0x0000000700e00000, 0x0000000700e00000| Untracked 
|  14|0x0000000700e00000, 0x0000000700f00000, 0x0000000700f00000|100%| O|  |TAMS 0x0000000700f00000, 0x0000000700f00000| Untracked 
|  15|0x0000000700f00000, 0x0000000701000000, 0x0000000701000000|100%| O|  |TAMS 0x0000000701000000, 0x0000000701000000| Untracked 
|  16|0x0000000701000000, 0x0000000701100000, 0x0000000701100000|100%| O|  |TAMS 0x0000000701100000, 0x0000000701100000| Untracked 
|  17|0x0000000701100000, 0x0000000701200000, 0x0000000701200000|100%| O|  |TAMS 0x0000000701200000, 0x0000000701200000| Untracked 
|  18|0x0000000701200000, 0x0000000701300000, 0x0000000701300000|100%| O|  |TAMS 0x0000000701300000, 0x0000000701300000| Untracked 
|  19|0x0000000701300000, 0x0000000701400000, 0x0000000701400000|100%| O|  |TAMS 0x0000000701400000, 0x0000000701400000| Untracked 
|  20|0x0000000701400000, 0x0000000701500000, 0x0000000701500000|100%| O|  |TAMS 0x0000000701500000, 0x0000000701500000| Untracked 
|  21|0x0000000701500000, 0x0000000701600000, 0x0000000701600000|100%| O|  |TAMS 0x0000000701600000, 0x0000000701600000| Untracked 
|  22|0x0000000701600000, 0x0000000701700000, 0x0000000701700000|100%| O|  |TAMS 0x0000000701700000, 0x0000000701700000| Untracked 
|  23|0x0000000701700000, 0x0000000701800000, 0x0000000701800000|100%| O|  |TAMS 0x0000000701800000, 0x0000000701800000| Untracked 
|  24|0x0000000701800000, 0x0000000701900000, 0x0000000701900000|100%| O|  |TAMS 0x0000000701900000, 0x0000000701900000| Untracked 
|  25|0x0000000701900000, 0x0000000701a00000, 0x0000000701a00000|100%| O|  |TAMS 0x0000000701a00000, 0x0000000701a00000| Untracked 
|  26|0x0000000701a00000, 0x0000000701b00000, 0x0000000701b00000|100%| O|  |TAMS 0x0000000701b00000, 0x0000000701b00000| Untracked 
|  27|0x0000000701b00000, 0x0000000701c00000, 0x0000000701c00000|100%| O|  |TAMS 0x0000000701c00000, 0x0000000701c00000| Untracked 
|  28|0x0000000701c00000, 0x0000000701d00000, 0x0000000701d00000|100%| O|  |TAMS 0x0000000701d00000, 0x0000000701d00000| Untracked 
|  29|0x0000000701d00000, 0x0000000701e00000, 0x0000000701e00000|100%| O|  |TAMS 0x0000000701e00000, 0x0000000701e00000| Untracked 
|  30|0x0000000701e00000, 0x0000000701f00000, 0x0000000701f00000|100%| O|  |TAMS 0x0000000701f00000, 0x0000000701f00000| Untracked 
|  31|0x0000000701f00000, 0x0000000702000000, 0x0000000702000000|100%| O|  |TAMS 0x0000000702000000, 0x0000000702000000| Untracked 
|  32|0x0000000702000000, 0x0000000702100000, 0x0000000702100000|100%| O|  |TAMS 0x0000000702100000, 0x0000000702100000| Untracked 
|  33|0x0000000702100000, 0x0000000702200000, 0x0000000702200000|100%| O|  |TAMS 0x0000000702200000, 0x0000000702200000| Untracked 
|  34|0x0000000702200000, 0x0000000702300000, 0x0000000702300000|100%| O|  |TAMS 0x0000000702300000, 0x0000000702300000| Untracked 
|  35|0x0000000702300000, 0x0000000702400000, 0x0000000702400000|100%| O|  |TAMS 0x0000000702400000, 0x0000000702400000| Untracked 
|  36|0x0000000702400000, 0x0000000702500000, 0x0000000702500000|100%| O|  |TAMS 0x0000000702500000, 0x0000000702500000| Untracked 
|  37|0x0000000702500000, 0x0000000702600000, 0x0000000702600000|100%| O|  |TAMS 0x0000000702600000, 0x0000000702600000| Untracked 
|  38|0x0000000702600000, 0x0000000702700000, 0x0000000702700000|100%| O|  |TAMS 0x0000000702700000, 0x0000000702700000| Untracked 
|  39|0x0000000702700000, 0x0000000702800000, 0x0000000702800000|100%| O|  |TAMS 0x0000000702700000, 0x0000000702800000| Untracked 
|  40|0x0000000702800000, 0x0000000702900000, 0x0000000702900000|100%| O|  |TAMS 0x0000000702900000, 0x0000000702900000| Untracked 
|  41|0x0000000702900000, 0x0000000702a00000, 0x0000000702a00000|100%| O|  |TAMS 0x0000000702900000, 0x0000000702a00000| Untracked 
|  42|0x0000000702a00000, 0x0000000702b00000, 0x0000000702b00000|100%| O|  |TAMS 0x0000000702b00000, 0x0000000702b00000| Untracked 
|  43|0x0000000702b00000, 0x0000000702c00000, 0x0000000702c00000|100%| O|  |TAMS 0x0000000702c00000, 0x0000000702c00000| Untracked 
|  44|0x0000000702c00000, 0x0000000702d00000, 0x0000000702d00000|100%| O|  |TAMS 0x0000000702c00000, 0x0000000702d00000| Untracked 
|  45|0x0000000702d00000, 0x0000000702e00000, 0x0000000702e00000|100%| O|  |TAMS 0x0000000702d00000, 0x0000000702e00000| Untracked 
|  46|0x0000000702e00000, 0x0000000702f00000, 0x0000000702f00000|100%| O|  |TAMS 0x0000000702e00000, 0x0000000702f00000| Untracked 
|  47|0x0000000702f00000, 0x0000000703000000, 0x0000000703000000|100%| O|  |TAMS 0x0000000702f00000, 0x0000000703000000| Untracked 
|  48|0x0000000703000000, 0x0000000703100000, 0x0000000703100000|100%|HS|  |TAMS 0x0000000703100000, 0x0000000703100000| Complete 
|  49|0x0000000703100000, 0x0000000703200000, 0x0000000703200000|100%|HC|  |TAMS 0x0000000703200000, 0x0000000703200000| Complete 
|  50|0x0000000703200000, 0x0000000703300000, 0x0000000703300000|100%|HC|  |TAMS 0x0000000703300000, 0x0000000703300000| Complete 
|  51|0x0000000703300000, 0x0000000703400000, 0x0000000703400000|100%|HC|  |TAMS 0x0000000703400000, 0x0000000703400000| Complete 
|  52|0x0000000703400000, 0x0000000703500000, 0x0000000703500000|100%| O|  |TAMS 0x0000000703400000, 0x0000000703500000| Untracked 
|  53|0x0000000703500000, 0x0000000703600000, 0x0000000703600000|100%| O|  |TAMS 0x0000000703500000, 0x0000000703600000| Untracked 
|  54|0x0000000703600000, 0x0000000703700000, 0x0000000703700000|100%| O|  |TAMS 0x0000000703600000, 0x0000000703700000| Untracked 
|  55|0x0000000703700000, 0x0000000703800000, 0x0000000703800000|100%| O|  |TAMS 0x0000000703700000, 0x0000000703800000| Untracked 
|  56|0x0000000703800000, 0x0000000703900000, 0x0000000703900000|100%| O|  |TAMS 0x0000000703800000, 0x0000000703900000| Untracked 
|  57|0x0000000703900000, 0x0000000703a00000, 0x0000000703a00000|100%| O|  |TAMS 0x0000000703900000, 0x0000000703a00000| Untracked 
|  58|0x0000000703a00000, 0x0000000703b00000, 0x0000000703b00000|100%| O|  |TAMS 0x0000000703a00000, 0x0000000703b00000| Untracked 
|  59|0x0000000703b00000, 0x0000000703c00000, 0x0000000703c00000|100%| O|  |TAMS 0x0000000703b00000, 0x0000000703c00000| Untracked 
|  60|0x0000000703c00000, 0x0000000703d00000, 0x0000000703d00000|100%|HS|  |TAMS 0x0000000703c00000, 0x0000000703d00000| Complete 
|  61|0x0000000703d00000, 0x0000000703e00000, 0x0000000703e00000|100%|HC|  |TAMS 0x0000000703d00000, 0x0000000703e00000| Complete 
|  62|0x0000000703e00000, 0x0000000703f00000, 0x0000000703f00000|100%|HC|  |TAMS 0x0000000703e00000, 0x0000000703f00000| Complete 
|  63|0x0000000703f00000, 0x0000000704000000, 0x0000000704000000|100%|HC|  |TAMS 0x0000000703f00000, 0x0000000704000000| Complete 
|  64|0x0000000704000000, 0x0000000704100000, 0x0000000704100000|100%| O|  |TAMS 0x0000000704100000, 0x0000000704100000| Untracked 
|  65|0x0000000704100000, 0x0000000704200000, 0x0000000704200000|100%| O|  |TAMS 0x0000000704200000, 0x0000000704200000| Untracked 
|  66|0x0000000704200000, 0x0000000704300000, 0x0000000704300000|100%| O|  |TAMS 0x0000000704300000, 0x0000000704300000| Untracked 
|  67|0x0000000704300000, 0x0000000704400000, 0x0000000704400000|100%| O|  |TAMS 0x0000000704400000, 0x0000000704400000| Untracked 
|  68|0x0000000704400000, 0x0000000704500000, 0x0000000704500000|100%| O|  |TAMS 0x0000000704500000, 0x0000000704500000| Untracked 
|  69|0x0000000704500000, 0x0000000704600000, 0x0000000704600000|100%| O|  |TAMS 0x0000000704600000, 0x0000000704600000| Untracked 
|  70|0x0000000704600000, 0x0000000704700000, 0x0000000704700000|100%| O|  |TAMS 0x0000000704700000, 0x0000000704700000| Untracked 
|  71|0x0000000704700000, 0x0000000704800000, 0x0000000704800000|100%| O|  |TAMS 0x0000000704800000, 0x0000000704800000| Untracked 
|  72|0x0000000704800000, 0x0000000704900000, 0x0000000704900000|100%| O|  |TAMS 0x0000000704800000, 0x0000000704900000| Untracked 
|  73|0x0000000704900000, 0x0000000704a00000, 0x0000000704a00000|100%| O|  |TAMS 0x0000000704900000, 0x0000000704a00000| Untracked 
|  74|0x0000000704a00000, 0x0000000704b00000, 0x0000000704b00000|100%| O|  |TAMS 0x0000000704b00000, 0x0000000704b00000| Untracked 
|  75|0x0000000704b00000, 0x0000000704c00000, 0x0000000704c00000|100%| O|  |TAMS 0x0000000704c00000, 0x0000000704c00000| Untracked 
|  76|0x0000000704c00000, 0x0000000704d00000, 0x0000000704d00000|100%|HS|  |TAMS 0x0000000704d00000, 0x0000000704d00000| Complete 
|  77|0x0000000704d00000, 0x0000000704e00000, 0x0000000704e00000|100%|HC|  |TAMS 0x0000000704e00000, 0x0000000704e00000| Complete 
|  78|0x0000000704e00000, 0x0000000704f00000, 0x0000000704f00000|100%|HC|  |TAMS 0x0000000704f00000, 0x0000000704f00000| Complete 
|  79|0x0000000704f00000, 0x0000000705000000, 0x0000000705000000|100%|HC|  |TAMS 0x0000000705000000, 0x0000000705000000| Complete 
|  80|0x0000000705000000, 0x0000000705100000, 0x0000000705100000|100%|HS|  |TAMS 0x0000000705000000, 0x0000000705100000| Complete 
|  81|0x0000000705100000, 0x0000000705200000, 0x0000000705200000|100%|HC|  |TAMS 0x0000000705100000, 0x0000000705200000| Complete 
|  82|0x0000000705200000, 0x0000000705300000, 0x0000000705300000|100%|HC|  |TAMS 0x0000000705200000, 0x0000000705300000| Complete 
|  83|0x0000000705300000, 0x0000000705400000, 0x0000000705400000|100%|HC|  |TAMS 0x0000000705300000, 0x0000000705400000| Complete 
|  84|0x0000000705400000, 0x0000000705500000, 0x0000000705500000|100%|HS|  |TAMS 0x0000000705500000, 0x0000000705500000| Complete 
|  85|0x0000000705500000, 0x0000000705600000, 0x0000000705600000|100%|HC|  |TAMS 0x0000000705600000, 0x0000000705600000| Complete 
|  86|0x0000000705600000, 0x0000000705700000, 0x0000000705700000|100%|HC|  |TAMS 0x0000000705700000, 0x0000000705700000| Complete 
|  87|0x0000000705700000, 0x0000000705800000, 0x0000000705800000|100%|HC|  |TAMS 0x0000000705800000, 0x0000000705800000| Complete 
|  88|0x0000000705800000, 0x0000000705900000, 0x0000000705900000|100%| O|  |TAMS 0x0000000705900000, 0x0000000705900000| Untracked 
|  89|0x0000000705900000, 0x0000000705a00000, 0x0000000705a00000|100%|HS|  |TAMS 0x0000000705a00000, 0x0000000705a00000| Complete 
|  90|0x0000000705a00000, 0x0000000705b00000, 0x0000000705b00000|100%|HC|  |TAMS 0x0000000705b00000, 0x0000000705b00000| Complete 
|  91|0x0000000705b00000, 0x0000000705c00000, 0x0000000705c00000|100%|HC|  |TAMS 0x0000000705c00000, 0x0000000705c00000| Complete 
|  92|0x0000000705c00000, 0x0000000705d00000, 0x0000000705d00000|100%|HC|  |TAMS 0x0000000705d00000, 0x0000000705d00000| Complete 
|  93|0x0000000705d00000, 0x0000000705e00000, 0x0000000705e00000|100%|HS|  |TAMS 0x0000000705e00000, 0x0000000705e00000| Complete 
|  94|0x0000000705e00000, 0x0000000705f00000, 0x0000000705f00000|100%|HC|  |TAMS 0x0000000705f00000, 0x0000000705f00000| Complete 
|  95|0x0000000705f00000, 0x0000000706000000, 0x0000000706000000|100%|HC|  |TAMS 0x0000000706000000, 0x0000000706000000| Complete 
|  96|0x0000000706000000, 0x0000000706100000, 0x0000000706100000|100%|HC|  |TAMS 0x0000000706100000, 0x0000000706100000| Complete 
|  97|0x0000000706100000, 0x0000000706200000, 0x0000000706200000|100%| O|  |TAMS 0x0000000706200000, 0x0000000706200000| Untracked 
|  98|0x0000000706200000, 0x0000000706300000, 0x0000000706300000|100%| O|  |TAMS 0x0000000706300000, 0x0000000706300000| Untracked 
|  99|0x0000000706300000, 0x0000000706400000, 0x0000000706400000|100%| O|  |TAMS 0x000000070634a400, 0x0000000706400000| Untracked 
| 100|0x0000000706400000, 0x0000000706500000, 0x0000000706500000|100%| O|  |TAMS 0x0000000706400000, 0x0000000706500000| Untracked 
| 101|0x0000000706500000, 0x0000000706600000, 0x0000000706600000|100%|HS|  |TAMS 0x0000000706600000, 0x0000000706600000| Complete 
| 102|0x0000000706600000, 0x0000000706700000, 0x0000000706700000|100%|HC|  |TAMS 0x0000000706700000, 0x0000000706700000| Complete 
| 103|0x0000000706700000, 0x0000000706800000, 0x0000000706800000|100%|HC|  |TAMS 0x0000000706800000, 0x0000000706800000| Complete 
| 104|0x0000000706800000, 0x0000000706900000, 0x0000000706900000|100%|HC|  |TAMS 0x0000000706900000, 0x0000000706900000| Complete 
| 105|0x0000000706900000, 0x0000000706a00000, 0x0000000706a00000|100%| O|  |TAMS 0x0000000706900000, 0x0000000706a00000| Untracked 
| 106|0x0000000706a00000, 0x0000000706b00000, 0x0000000706b00000|100%| O|  |TAMS 0x0000000706b00000, 0x0000000706b00000| Untracked 
| 107|0x0000000706b00000, 0x0000000706c00000, 0x0000000706c00000|100%| O|  |TAMS 0x0000000706c00000, 0x0000000706c00000| Untracked 
| 108|0x0000000706c00000, 0x0000000706d00000, 0x0000000706d00000|100%| O|  |TAMS 0x0000000706d00000, 0x0000000706d00000| Untracked 
| 109|0x0000000706d00000, 0x0000000706e00000, 0x0000000706e00000|100%| O|  |TAMS 0x0000000706e00000, 0x0000000706e00000| Untracked 
| 110|0x0000000706e00000, 0x0000000706f00000, 0x0000000706f00000|100%| O|  |TAMS 0x0000000706e00000, 0x0000000706f00000| Untracked 
| 111|0x0000000706f00000, 0x0000000707000000, 0x0000000707000000|100%|HS|  |TAMS 0x0000000706f00000, 0x0000000707000000| Complete 
| 112|0x0000000707000000, 0x0000000707100000, 0x0000000707100000|100%|HC|  |TAMS 0x0000000707000000, 0x0000000707100000| Complete 
| 113|0x0000000707100000, 0x0000000707200000, 0x0000000707200000|100%|HC|  |TAMS 0x0000000707100000, 0x0000000707200000| Complete 
| 114|0x0000000707200000, 0x0000000707300000, 0x0000000707300000|100%|HC|  |TAMS 0x0000000707200000, 0x0000000707300000| Complete 
| 115|0x0000000707300000, 0x0000000707400000, 0x0000000707400000|100%| O|  |TAMS 0x0000000707300000, 0x0000000707400000| Untracked 
| 116|0x0000000707400000, 0x0000000707500000, 0x0000000707500000|100%| O|  |TAMS 0x0000000707500000, 0x0000000707500000| Untracked 
| 117|0x0000000707500000, 0x0000000707600000, 0x0000000707600000|100%| O|  |TAMS 0x0000000707600000, 0x0000000707600000| Untracked 
| 118|0x0000000707600000, 0x0000000707700000, 0x0000000707700000|100%|HS|  |TAMS 0x0000000707700000, 0x0000000707700000| Complete 
| 119|0x0000000707700000, 0x0000000707800000, 0x0000000707800000|100%|HC|  |TAMS 0x0000000707800000, 0x0000000707800000| Complete 
| 120|0x0000000707800000, 0x0000000707900000, 0x0000000707900000|100%|HC|  |TAMS 0x0000000707900000, 0x0000000707900000| Complete 
| 121|0x0000000707900000, 0x0000000707a00000, 0x0000000707a00000|100%|HC|  |TAMS 0x0000000707a00000, 0x0000000707a00000| Complete 
| 122|0x0000000707a00000, 0x0000000707b00000, 0x0000000707b00000|100%| O|  |TAMS 0x0000000707a00000, 0x0000000707b00000| Untracked 
| 123|0x0000000707b00000, 0x0000000707c00000, 0x0000000707c00000|100%|HS|  |TAMS 0x0000000707c00000, 0x0000000707c00000| Complete 
| 124|0x0000000707c00000, 0x0000000707d00000, 0x0000000707d00000|100%|HC|  |TAMS 0x0000000707d00000, 0x0000000707d00000| Complete 
| 125|0x0000000707d00000, 0x0000000707e00000, 0x0000000707e00000|100%|HC|  |TAMS 0x0000000707e00000, 0x0000000707e00000| Complete 
| 126|0x0000000707e00000, 0x0000000707f00000, 0x0000000707f00000|100%|HC|  |TAMS 0x0000000707f00000, 0x0000000707f00000| Complete 
| 127|0x0000000707f00000, 0x0000000708000000, 0x0000000708000000|100%| O|  |TAMS 0x0000000708000000, 0x0000000708000000| Untracked 
| 128|0x0000000708000000, 0x0000000708100000, 0x0000000708100000|100%| O|  |TAMS 0x0000000708000000, 0x0000000708100000| Untracked 
| 129|0x0000000708100000, 0x0000000708200000, 0x0000000708200000|100%| O|  |TAMS 0x0000000708100000, 0x0000000708200000| Untracked 
| 130|0x0000000708200000, 0x0000000708300000, 0x0000000708300000|100%| O|  |TAMS 0x0000000708200000, 0x0000000708300000| Untracked 
| 131|0x0000000708300000, 0x0000000708400000, 0x0000000708400000|100%| O|  |TAMS 0x0000000708400000, 0x0000000708400000| Untracked 
| 132|0x0000000708400000, 0x0000000708500000, 0x0000000708500000|100%| O|  |TAMS 0x0000000708500000, 0x0000000708500000| Untracked 
| 133|0x0000000708500000, 0x0000000708600000, 0x0000000708600000|100%| O|  |TAMS 0x0000000708500000, 0x0000000708600000| Untracked 
| 134|0x0000000708600000, 0x0000000708700000, 0x0000000708700000|100%| O|  |TAMS 0x0000000708700000, 0x0000000708700000| Untracked 
| 135|0x0000000708700000, 0x0000000708800000, 0x0000000708800000|100%| O|  |TAMS 0x0000000708700000, 0x0000000708800000| Untracked 
| 136|0x0000000708800000, 0x0000000708900000, 0x0000000708900000|100%| O|  |TAMS 0x0000000708800000, 0x0000000708900000| Untracked 
| 137|0x0000000708900000, 0x0000000708a00000, 0x0000000708a00000|100%| O|  |TAMS 0x0000000708900000, 0x0000000708a00000| Untracked 
| 138|0x0000000708a00000, 0x0000000708b00000, 0x0000000708b00000|100%| O|  |TAMS 0x0000000708a00000, 0x0000000708b00000| Untracked 
| 139|0x0000000708b00000, 0x0000000708c00000, 0x0000000708c00000|100%| O|  |TAMS 0x0000000708c00000, 0x0000000708c00000| Untracked 
| 140|0x0000000708c00000, 0x0000000708d00000, 0x0000000708d00000|100%|HS|  |TAMS 0x0000000708d00000, 0x0000000708d00000| Complete 
| 141|0x0000000708d00000, 0x0000000708e00000, 0x0000000708e00000|100%|HC|  |TAMS 0x0000000708e00000, 0x0000000708e00000| Complete 
| 142|0x0000000708e00000, 0x0000000708f00000, 0x0000000708f00000|100%|HC|  |TAMS 0x0000000708f00000, 0x0000000708f00000| Complete 
| 143|0x0000000708f00000, 0x0000000709000000, 0x0000000709000000|100%|HC|  |TAMS 0x0000000709000000, 0x0000000709000000| Complete 
| 144|0x0000000709000000, 0x0000000709100000, 0x0000000709100000|100%| O|  |TAMS 0x0000000709100000, 0x0000000709100000| Untracked 
| 145|0x0000000709100000, 0x0000000709200000, 0x0000000709200000|100%| O|  |TAMS 0x0000000709100000, 0x0000000709200000| Untracked 
| 146|0x0000000709200000, 0x0000000709300000, 0x0000000709300000|100%| O|  |TAMS 0x0000000709200000, 0x0000000709300000| Untracked 
| 147|0x0000000709300000, 0x0000000709400000, 0x0000000709400000|100%| O|  |TAMS 0x0000000709300000, 0x0000000709400000| Untracked 
| 148|0x0000000709400000, 0x0000000709500000, 0x0000000709500000|100%| O|  |TAMS 0x0000000709400000, 0x0000000709500000| Untracked 
| 149|0x0000000709500000, 0x0000000709600000, 0x0000000709600000|100%|HS|  |TAMS 0x0000000709500000, 0x0000000709600000| Complete 
| 150|0x0000000709600000, 0x0000000709700000, 0x0000000709700000|100%|HC|  |TAMS 0x0000000709600000, 0x0000000709700000| Complete 
| 151|0x0000000709700000, 0x0000000709800000, 0x0000000709800000|100%|HC|  |TAMS 0x0000000709700000, 0x0000000709800000| Complete 
| 152|0x0000000709800000, 0x0000000709900000, 0x0000000709900000|100%|HC|  |TAMS 0x0000000709800000, 0x0000000709900000| Complete 
| 153|0x0000000709900000, 0x0000000709a00000, 0x0000000709a00000|100%| O|  |TAMS 0x0000000709900000, 0x0000000709a00000| Untracked 
| 154|0x0000000709a00000, 0x0000000709b00000, 0x0000000709b00000|100%| O|  |TAMS 0x0000000709b00000, 0x0000000709b00000| Untracked 
| 155|0x0000000709b00000, 0x0000000709c00000, 0x0000000709c00000|100%| O|  |TAMS 0x0000000709c00000, 0x0000000709c00000| Untracked 
| 156|0x0000000709c00000, 0x0000000709d00000, 0x0000000709d00000|100%| O|  |TAMS 0x0000000709d00000, 0x0000000709d00000| Untracked 
| 157|0x0000000709d00000, 0x0000000709e00000, 0x0000000709e00000|100%| O|  |TAMS 0x0000000709e00000, 0x0000000709e00000| Untracked 
| 158|0x0000000709e00000, 0x0000000709f00000, 0x0000000709f00000|100%| O|  |TAMS 0x0000000709f00000, 0x0000000709f00000| Untracked 
| 159|0x0000000709f00000, 0x000000070a000000, 0x000000070a000000|100%| O|  |TAMS 0x000000070a000000, 0x000000070a000000| Untracked 
| 160|0x000000070a000000, 0x000000070a100000, 0x000000070a100000|100%| O|  |TAMS 0x000000070a100000, 0x000000070a100000| Untracked 
| 161|0x000000070a100000, 0x000000070a200000, 0x000000070a200000|100%| O|  |TAMS 0x000000070a200000, 0x000000070a200000| Untracked 
| 162|0x000000070a200000, 0x000000070a300000, 0x000000070a300000|100%| O|  |TAMS 0x000000070a300000, 0x000000070a300000| Untracked 
| 163|0x000000070a300000, 0x000000070a400000, 0x000000070a400000|100%| O|  |TAMS 0x000000070a400000, 0x000000070a400000| Untracked 
| 164|0x000000070a400000, 0x000000070a500000, 0x000000070a500000|100%| O|  |TAMS 0x000000070a500000, 0x000000070a500000| Untracked 
| 165|0x000000070a500000, 0x000000070a600000, 0x000000070a600000|100%| O|  |TAMS 0x000000070a500000, 0x000000070a600000| Untracked 
| 166|0x000000070a600000, 0x000000070a700000, 0x000000070a700000|100%|HS|  |TAMS 0x000000070a600000, 0x000000070a700000| Complete 
| 167|0x000000070a700000, 0x000000070a800000, 0x000000070a800000|100%|HC|  |TAMS 0x000000070a700000, 0x000000070a800000| Complete 
| 168|0x000000070a800000, 0x000000070a900000, 0x000000070a900000|100%|HC|  |TAMS 0x000000070a800000, 0x000000070a900000| Complete 
| 169|0x000000070a900000, 0x000000070aa00000, 0x000000070aa00000|100%|HC|  |TAMS 0x000000070a900000, 0x000000070aa00000| Complete 
| 170|0x000000070aa00000, 0x000000070ab00000, 0x000000070ab00000|100%| O|  |TAMS 0x000000070aa00000, 0x000000070ab00000| Untracked 
| 171|0x000000070ab00000, 0x000000070ac00000, 0x000000070ac00000|100%| O|  |TAMS 0x000000070ab00000, 0x000000070ac00000| Untracked 
| 172|0x000000070ac00000, 0x000000070ad00000, 0x000000070ad00000|100%| O|  |TAMS 0x000000070ac00000, 0x000000070ad00000| Untracked 
| 173|0x000000070ad00000, 0x000000070ae00000, 0x000000070ae00000|100%| O|  |TAMS 0x000000070ad00000, 0x000000070ae00000| Untracked 
| 174|0x000000070ae00000, 0x000000070af00000, 0x000000070af00000|100%| O|  |TAMS 0x000000070ae00000, 0x000000070af00000| Untracked 
| 175|0x000000070af00000, 0x000000070af8b000, 0x000000070b000000| 54%| O|  |TAMS 0x000000070af00000, 0x000000070af8b000| Untracked 
| 176|0x000000070b000000, 0x000000070b000000, 0x000000070b100000|  0%| F|  |TAMS 0x000000070b000000, 0x000000070b000000| Untracked 
| 177|0x000000070b100000, 0x000000070b100000, 0x000000070b200000|  0%| F|  |TAMS 0x000000070b100000, 0x000000070b100000| Untracked 
| 178|0x000000070b200000, 0x000000070b200000, 0x000000070b300000|  0%| F|  |TAMS 0x000000070b200000, 0x000000070b200000| Untracked 
| 179|0x000000070b300000, 0x000000070b300000, 0x000000070b400000|  0%| F|  |TAMS 0x000000070b300000, 0x000000070b300000| Untracked 
| 180|0x000000070b400000, 0x000000070b400000, 0x000000070b500000|  0%| F|  |TAMS 0x000000070b400000, 0x000000070b400000| Untracked 
| 181|0x000000070b500000, 0x000000070b500000, 0x000000070b600000|  0%| F|  |TAMS 0x000000070b500000, 0x000000070b500000| Untracked 
| 182|0x000000070b600000, 0x000000070b600000, 0x000000070b700000|  0%| F|  |TAMS 0x000000070b600000, 0x000000070b600000| Untracked 
| 183|0x000000070b700000, 0x000000070b700000, 0x000000070b800000|  0%| F|  |TAMS 0x000000070b700000, 0x000000070b700000| Untracked 
| 184|0x000000070b800000, 0x000000070b800000, 0x000000070b900000|  0%| F|  |TAMS 0x000000070b800000, 0x000000070b800000| Untracked 
| 185|0x000000070b900000, 0x000000070b900000, 0x000000070ba00000|  0%| F|  |TAMS 0x000000070b900000, 0x000000070b900000| Untracked 
| 186|0x000000070ba00000, 0x000000070ba00000, 0x000000070bb00000|  0%| F|  |TAMS 0x000000070ba00000, 0x000000070ba00000| Untracked 
| 187|0x000000070bb00000, 0x000000070bb00000, 0x000000070bc00000|  0%| F|  |TAMS 0x000000070bb00000, 0x000000070bb00000| Untracked 
| 188|0x000000070bc00000, 0x000000070bc00000, 0x000000070bd00000|  0%| F|  |TAMS 0x000000070bc00000, 0x000000070bc00000| Untracked 
| 189|0x000000070bd00000, 0x000000070bd00000, 0x000000070be00000|  0%| F|  |TAMS 0x000000070bd00000, 0x000000070bd00000| Untracked 
| 190|0x000000070be00000, 0x000000070be00000, 0x000000070bf00000|  0%| F|  |TAMS 0x000000070be00000, 0x000000070be00000| Untracked 
| 191|0x000000070bf00000, 0x000000070bf00000, 0x000000070c000000|  0%| F|  |TAMS 0x000000070bf00000, 0x000000070bf00000| Untracked 
| 192|0x000000070c000000, 0x000000070c000000, 0x000000070c100000|  0%| F|  |TAMS 0x000000070c000000, 0x000000070c000000| Untracked 
| 193|0x000000070c100000, 0x000000070c100000, 0x000000070c200000|  0%| F|  |TAMS 0x000000070c100000, 0x000000070c100000| Untracked 
| 194|0x000000070c200000, 0x000000070c200000, 0x000000070c300000|  0%| F|  |TAMS 0x000000070c200000, 0x000000070c200000| Untracked 
| 195|0x000000070c300000, 0x000000070c300000, 0x000000070c400000|  0%| F|  |TAMS 0x000000070c300000, 0x000000070c300000| Untracked 
| 196|0x000000070c400000, 0x000000070c400000, 0x000000070c500000|  0%| F|  |TAMS 0x000000070c400000, 0x000000070c400000| Untracked 
| 197|0x000000070c500000, 0x000000070c500000, 0x000000070c600000|  0%| F|  |TAMS 0x000000070c500000, 0x000000070c500000| Untracked 
| 198|0x000000070c600000, 0x000000070c600000, 0x000000070c700000|  0%| F|  |TAMS 0x000000070c600000, 0x000000070c600000| Untracked 
| 199|0x000000070c700000, 0x000000070c700000, 0x000000070c800000|  0%| F|  |TAMS 0x000000070c700000, 0x000000070c700000| Untracked 
| 200|0x000000070c800000, 0x000000070c800000, 0x000000070c900000|  0%| F|  |TAMS 0x000000070c800000, 0x000000070c800000| Untracked 
| 201|0x000000070c900000, 0x000000070c900000, 0x000000070ca00000|  0%| F|  |TAMS 0x000000070c900000, 0x000000070c900000| Untracked 
| 202|0x000000070ca00000, 0x000000070ca00000, 0x000000070cb00000|  0%| F|  |TAMS 0x000000070ca00000, 0x000000070ca00000| Untracked 
| 203|0x000000070cb00000, 0x000000070cb00000, 0x000000070cc00000|  0%| F|  |TAMS 0x000000070cb00000, 0x000000070cb00000| Untracked 
| 204|0x000000070cc00000, 0x000000070cc00000, 0x000000070cd00000|  0%| F|  |TAMS 0x000000070cc00000, 0x000000070cc00000| Untracked 
| 205|0x000000070cd00000, 0x000000070cd00000, 0x000000070ce00000|  0%| F|  |TAMS 0x000000070cd00000, 0x000000070cd00000| Untracked 
| 206|0x000000070ce00000, 0x000000070ce00000, 0x000000070cf00000|  0%| F|  |TAMS 0x000000070ce00000, 0x000000070ce00000| Untracked 
| 207|0x000000070cf00000, 0x000000070cf00000, 0x000000070d000000|  0%| F|  |TAMS 0x000000070cf00000, 0x000000070cf00000| Untracked 
| 208|0x000000070d000000, 0x000000070d000000, 0x000000070d100000|  0%| F|  |TAMS 0x000000070d000000, 0x000000070d000000| Untracked 
| 209|0x000000070d100000, 0x000000070d100000, 0x000000070d200000|  0%| F|  |TAMS 0x000000070d100000, 0x000000070d100000| Untracked 
| 210|0x000000070d200000, 0x000000070d200000, 0x000000070d300000|  0%| F|  |TAMS 0x000000070d200000, 0x000000070d200000| Untracked 
| 211|0x000000070d300000, 0x000000070d300000, 0x000000070d400000|  0%| F|  |TAMS 0x000000070d300000, 0x000000070d300000| Untracked 
| 212|0x000000070d400000, 0x000000070d400000, 0x000000070d500000|  0%| F|  |TAMS 0x000000070d400000, 0x000000070d400000| Untracked 
| 213|0x000000070d500000, 0x000000070d500000, 0x000000070d600000|  0%| F|  |TAMS 0x000000070d500000, 0x000000070d500000| Untracked 
| 214|0x000000070d600000, 0x000000070d600000, 0x000000070d700000|  0%| F|  |TAMS 0x000000070d600000, 0x000000070d600000| Untracked 
| 215|0x000000070d700000, 0x000000070d700000, 0x000000070d800000|  0%| F|  |TAMS 0x000000070d700000, 0x000000070d700000| Untracked 
| 216|0x000000070d800000, 0x000000070d800000, 0x000000070d900000|  0%| F|  |TAMS 0x000000070d800000, 0x000000070d800000| Untracked 
| 217|0x000000070d900000, 0x000000070d900000, 0x000000070da00000|  0%| F|  |TAMS 0x000000070d900000, 0x000000070d900000| Untracked 
| 218|0x000000070da00000, 0x000000070da00000, 0x000000070db00000|  0%| F|  |TAMS 0x000000070da00000, 0x000000070da00000| Untracked 
| 219|0x000000070db00000, 0x000000070db00000, 0x000000070dc00000|  0%| F|  |TAMS 0x000000070db00000, 0x000000070db00000| Untracked 
| 220|0x000000070dc00000, 0x000000070dc00000, 0x000000070dd00000|  0%| F|  |TAMS 0x000000070dc00000, 0x000000070dc00000| Untracked 
| 221|0x000000070dd00000, 0x000000070dd00000, 0x000000070de00000|  0%| F|  |TAMS 0x000000070dd00000, 0x000000070dd00000| Untracked 
| 222|0x000000070de00000, 0x000000070de00000, 0x000000070df00000|  0%| F|  |TAMS 0x000000070de00000, 0x000000070de00000| Untracked 
| 223|0x000000070df00000, 0x000000070df00000, 0x000000070e000000|  0%| F|  |TAMS 0x000000070df00000, 0x000000070df00000| Untracked 
| 224|0x000000070e000000, 0x000000070e000000, 0x000000070e100000|  0%| F|  |TAMS 0x000000070e000000, 0x000000070e000000| Untracked 
| 225|0x000000070e100000, 0x000000070e100000, 0x000000070e200000|  0%| F|  |TAMS 0x000000070e100000, 0x000000070e100000| Untracked 
| 226|0x000000070e200000, 0x000000070e200000, 0x000000070e300000|  0%| F|  |TAMS 0x000000070e200000, 0x000000070e200000| Untracked 
| 227|0x000000070e300000, 0x000000070e300000, 0x000000070e400000|  0%| F|  |TAMS 0x000000070e300000, 0x000000070e300000| Untracked 
| 228|0x000000070e400000, 0x000000070e400000, 0x000000070e500000|  0%| F|  |TAMS 0x000000070e400000, 0x000000070e400000| Untracked 
| 229|0x000000070e500000, 0x000000070e500000, 0x000000070e600000|  0%| F|  |TAMS 0x000000070e500000, 0x000000070e500000| Untracked 
| 230|0x000000070e600000, 0x000000070e600000, 0x000000070e700000|  0%| F|  |TAMS 0x000000070e600000, 0x000000070e600000| Untracked 
| 231|0x000000070e700000, 0x000000070e700000, 0x000000070e800000|  0%| F|  |TAMS 0x000000070e700000, 0x000000070e700000| Untracked 
| 232|0x000000070e800000, 0x000000070e800000, 0x000000070e900000|  0%| F|  |TAMS 0x000000070e800000, 0x000000070e800000| Untracked 
| 233|0x000000070e900000, 0x000000070e900000, 0x000000070ea00000|  0%| F|  |TAMS 0x000000070e900000, 0x000000070e900000| Untracked 
| 234|0x000000070ea00000, 0x000000070ea00000, 0x000000070eb00000|  0%| F|  |TAMS 0x000000070ea00000, 0x000000070ea00000| Untracked 
| 235|0x000000070eb00000, 0x000000070eb00000, 0x000000070ec00000|  0%| F|  |TAMS 0x000000070eb00000, 0x000000070eb00000| Untracked 
| 236|0x000000070ec00000, 0x000000070ec00000, 0x000000070ed00000|  0%| F|  |TAMS 0x000000070ec00000, 0x000000070ec00000| Untracked 
| 237|0x000000070ed00000, 0x000000070ed00000, 0x000000070ee00000|  0%| F|  |TAMS 0x000000070ed00000, 0x000000070ed00000| Untracked 
| 238|0x000000070ee00000, 0x000000070ee00000, 0x000000070ef00000|  0%| F|  |TAMS 0x000000070ee00000, 0x000000070ee00000| Untracked 
| 239|0x000000070ef00000, 0x000000070ef00000, 0x000000070f000000|  0%| F|  |TAMS 0x000000070ef00000, 0x000000070ef00000| Untracked 
| 240|0x000000070f000000, 0x000000070f000000, 0x000000070f100000|  0%| F|  |TAMS 0x000000070f000000, 0x000000070f000000| Untracked 
| 241|0x000000070f100000, 0x000000070f100000, 0x000000070f200000|  0%| F|  |TAMS 0x000000070f100000, 0x000000070f100000| Untracked 
| 242|0x000000070f200000, 0x000000070f200000, 0x000000070f300000|  0%| F|  |TAMS 0x000000070f200000, 0x000000070f200000| Untracked 
| 243|0x000000070f300000, 0x000000070f300000, 0x000000070f400000|  0%| F|  |TAMS 0x000000070f300000, 0x000000070f300000| Untracked 
| 244|0x000000070f400000, 0x000000070f400000, 0x000000070f500000|  0%| F|  |TAMS 0x000000070f400000, 0x000000070f400000| Untracked 
| 245|0x000000070f500000, 0x000000070f500000, 0x000000070f600000|  0%| F|  |TAMS 0x000000070f500000, 0x000000070f500000| Untracked 
| 246|0x000000070f600000, 0x000000070f600000, 0x000000070f700000|  0%| F|  |TAMS 0x000000070f600000, 0x000000070f600000| Untracked 
| 247|0x000000070f700000, 0x000000070f700000, 0x000000070f800000|  0%| F|  |TAMS 0x000000070f700000, 0x000000070f700000| Untracked 
| 248|0x000000070f800000, 0x000000070f800000, 0x000000070f900000|  0%| F|  |TAMS 0x000000070f800000, 0x000000070f800000| Untracked 
| 249|0x000000070f900000, 0x000000070f900000, 0x000000070fa00000|  0%| F|  |TAMS 0x000000070f900000, 0x000000070f900000| Untracked 
| 250|0x000000070fa00000, 0x000000070fa00000, 0x000000070fb00000|  0%| F|  |TAMS 0x000000070fa00000, 0x000000070fa00000| Untracked 
| 251|0x000000070fb00000, 0x000000070fb00000, 0x000000070fc00000|  0%| F|  |TAMS 0x000000070fb00000, 0x000000070fb00000| Untracked 
| 252|0x000000070fc00000, 0x000000070fc00000, 0x000000070fd00000|  0%| F|  |TAMS 0x000000070fc00000, 0x000000070fc00000| Untracked 
| 253|0x000000070fd00000, 0x000000070fd00000, 0x000000070fe00000|  0%| F|  |TAMS 0x000000070fd00000, 0x000000070fd00000| Untracked 
| 254|0x000000070fe00000, 0x000000070fe00000, 0x000000070ff00000|  0%| F|  |TAMS 0x000000070fe00000, 0x000000070fe00000| Untracked 
| 255|0x000000070ff00000, 0x000000070ff00000, 0x0000000710000000|  0%| F|  |TAMS 0x000000070ff00000, 0x000000070ff00000| Untracked 
| 256|0x0000000710000000, 0x0000000710000000, 0x0000000710100000|  0%| F|  |TAMS 0x0000000710000000, 0x0000000710000000| Untracked 
| 257|0x0000000710100000, 0x0000000710100000, 0x0000000710200000|  0%| F|  |TAMS 0x0000000710100000, 0x0000000710100000| Untracked 
| 258|0x0000000710200000, 0x0000000710200000, 0x0000000710300000|  0%| F|  |TAMS 0x0000000710200000, 0x0000000710200000| Untracked 
| 259|0x0000000710300000, 0x0000000710300000, 0x0000000710400000|  0%| F|  |TAMS 0x0000000710300000, 0x0000000710300000| Untracked 
| 260|0x0000000710400000, 0x0000000710400000, 0x0000000710500000|  0%| F|  |TAMS 0x0000000710400000, 0x0000000710400000| Untracked 
| 261|0x0000000710500000, 0x0000000710500000, 0x0000000710600000|  0%| F|  |TAMS 0x0000000710500000, 0x0000000710500000| Untracked 
| 262|0x0000000710600000, 0x0000000710600000, 0x0000000710700000|  0%| F|  |TAMS 0x0000000710600000, 0x0000000710600000| Untracked 
| 263|0x0000000710700000, 0x0000000710700000, 0x0000000710800000|  0%| F|  |TAMS 0x0000000710700000, 0x0000000710700000| Untracked 
| 264|0x0000000710800000, 0x0000000710800000, 0x0000000710900000|  0%| F|  |TAMS 0x0000000710800000, 0x0000000710800000| Untracked 
| 265|0x0000000710900000, 0x0000000710900000, 0x0000000710a00000|  0%| F|  |TAMS 0x0000000710900000, 0x0000000710900000| Untracked 
| 266|0x0000000710a00000, 0x0000000710a00000, 0x0000000710b00000|  0%| F|  |TAMS 0x0000000710a00000, 0x0000000710a00000| Untracked 
| 267|0x0000000710b00000, 0x0000000710b00000, 0x0000000710c00000|  0%| F|  |TAMS 0x0000000710b00000, 0x0000000710b00000| Untracked 
| 268|0x0000000710c00000, 0x0000000710c00000, 0x0000000710d00000|  0%| F|  |TAMS 0x0000000710c00000, 0x0000000710c00000| Untracked 
| 269|0x0000000710d00000, 0x0000000710d00000, 0x0000000710e00000|  0%| F|  |TAMS 0x0000000710d00000, 0x0000000710d00000| Untracked 
| 270|0x0000000710e00000, 0x0000000710e00000, 0x0000000710f00000|  0%| F|  |TAMS 0x0000000710e00000, 0x0000000710e00000| Untracked 
| 271|0x0000000710f00000, 0x0000000710f00000, 0x0000000711000000|  0%| F|  |TAMS 0x0000000710f00000, 0x0000000710f00000| Untracked 
| 272|0x0000000711000000, 0x0000000711000000, 0x0000000711100000|  0%| F|  |TAMS 0x0000000711000000, 0x0000000711000000| Untracked 
| 273|0x0000000711100000, 0x0000000711100000, 0x0000000711200000|  0%| F|  |TAMS 0x0000000711100000, 0x0000000711100000| Untracked 
| 274|0x0000000711200000, 0x0000000711200000, 0x0000000711300000|  0%| F|  |TAMS 0x0000000711200000, 0x0000000711200000| Untracked 
| 275|0x0000000711300000, 0x0000000711300000, 0x0000000711400000|  0%| F|  |TAMS 0x0000000711300000, 0x0000000711300000| Untracked 
| 276|0x0000000711400000, 0x0000000711400000, 0x0000000711500000|  0%| F|  |TAMS 0x0000000711400000, 0x0000000711400000| Untracked 
| 277|0x0000000711500000, 0x0000000711500000, 0x0000000711600000|  0%| F|  |TAMS 0x0000000711500000, 0x0000000711500000| Untracked 
| 278|0x0000000711600000, 0x0000000711600000, 0x0000000711700000|  0%| F|  |TAMS 0x0000000711600000, 0x0000000711600000| Untracked 
| 279|0x0000000711700000, 0x0000000711700000, 0x0000000711800000|  0%| F|  |TAMS 0x0000000711700000, 0x0000000711700000| Untracked 
| 280|0x0000000711800000, 0x0000000711800000, 0x0000000711900000|  0%| F|  |TAMS 0x0000000711800000, 0x0000000711800000| Untracked 
| 281|0x0000000711900000, 0x0000000711900000, 0x0000000711a00000|  0%| F|  |TAMS 0x0000000711900000, 0x0000000711900000| Untracked 
| 282|0x0000000711a00000, 0x0000000711a00000, 0x0000000711b00000|  0%| F|  |TAMS 0x0000000711a00000, 0x0000000711a00000| Untracked 
| 283|0x0000000711b00000, 0x0000000711b00000, 0x0000000711c00000|  0%| F|  |TAMS 0x0000000711b00000, 0x0000000711b00000| Untracked 
| 284|0x0000000711c00000, 0x0000000711c00000, 0x0000000711d00000|  0%| F|  |TAMS 0x0000000711c00000, 0x0000000711c00000| Untracked 
| 285|0x0000000711d00000, 0x0000000711d00000, 0x0000000711e00000|  0%| F|  |TAMS 0x0000000711d00000, 0x0000000711d00000| Untracked 
| 286|0x0000000711e00000, 0x0000000711e00000, 0x0000000711f00000|  0%| F|  |TAMS 0x0000000711e00000, 0x0000000711e00000| Untracked 
| 287|0x0000000711f00000, 0x0000000711f00000, 0x0000000712000000|  0%| F|  |TAMS 0x0000000711f00000, 0x0000000711f00000| Untracked 
| 288|0x0000000712000000, 0x0000000712000000, 0x0000000712100000|  0%| F|  |TAMS 0x0000000712000000, 0x0000000712000000| Untracked 
| 289|0x0000000712100000, 0x0000000712100000, 0x0000000712200000|  0%| F|  |TAMS 0x0000000712100000, 0x0000000712100000| Untracked 
| 290|0x0000000712200000, 0x0000000712200000, 0x0000000712300000|  0%| F|  |TAMS 0x0000000712200000, 0x0000000712200000| Untracked 
| 291|0x0000000712300000, 0x0000000712300000, 0x0000000712400000|  0%| F|  |TAMS 0x0000000712300000, 0x0000000712300000| Untracked 
| 292|0x0000000712400000, 0x0000000712400000, 0x0000000712500000|  0%| F|  |TAMS 0x0000000712400000, 0x0000000712400000| Untracked 
| 293|0x0000000712500000, 0x0000000712500000, 0x0000000712600000|  0%| F|  |TAMS 0x0000000712500000, 0x0000000712500000| Untracked 
| 294|0x0000000712600000, 0x0000000712600000, 0x0000000712700000|  0%| F|  |TAMS 0x0000000712600000, 0x0000000712600000| Untracked 
| 295|0x0000000712700000, 0x0000000712700000, 0x0000000712800000|  0%| F|  |TAMS 0x0000000712700000, 0x0000000712700000| Untracked 
| 296|0x0000000712800000, 0x0000000712800000, 0x0000000712900000|  0%| F|  |TAMS 0x0000000712800000, 0x0000000712800000| Untracked 
| 297|0x0000000712900000, 0x0000000712900000, 0x0000000712a00000|  0%| F|  |TAMS 0x0000000712900000, 0x0000000712900000| Untracked 
| 298|0x0000000712a00000, 0x0000000712a00000, 0x0000000712b00000|  0%| F|  |TAMS 0x0000000712a00000, 0x0000000712a00000| Untracked 
| 299|0x0000000712b00000, 0x0000000712b00000, 0x0000000712c00000|  0%| F|  |TAMS 0x0000000712b00000, 0x0000000712b00000| Untracked 
| 300|0x0000000712c00000, 0x0000000712c00000, 0x0000000712d00000|  0%| F|  |TAMS 0x0000000712c00000, 0x0000000712c00000| Untracked 
| 301|0x0000000712d00000, 0x0000000712d00000, 0x0000000712e00000|  0%| F|  |TAMS 0x0000000712d00000, 0x0000000712d00000| Untracked 
| 302|0x0000000712e00000, 0x0000000712e00000, 0x0000000712f00000|  0%| F|  |TAMS 0x0000000712e00000, 0x0000000712e00000| Untracked 
| 303|0x0000000712f00000, 0x0000000712f00000, 0x0000000713000000|  0%| F|  |TAMS 0x0000000712f00000, 0x0000000712f00000| Untracked 
| 304|0x0000000713000000, 0x0000000713000000, 0x0000000713100000|  0%| F|  |TAMS 0x0000000713000000, 0x0000000713000000| Untracked 
| 305|0x0000000713100000, 0x0000000713100000, 0x0000000713200000|  0%| F|  |TAMS 0x0000000713100000, 0x0000000713100000| Untracked 
| 306|0x0000000713200000, 0x0000000713200000, 0x0000000713300000|  0%| F|  |TAMS 0x0000000713200000, 0x0000000713200000| Untracked 
| 307|0x0000000713300000, 0x0000000713300000, 0x0000000713400000|  0%| F|  |TAMS 0x0000000713300000, 0x0000000713300000| Untracked 
| 308|0x0000000713400000, 0x0000000713400000, 0x0000000713500000|  0%| F|  |TAMS 0x0000000713400000, 0x0000000713400000| Untracked 
| 309|0x0000000713500000, 0x0000000713500000, 0x0000000713600000|  0%| F|  |TAMS 0x0000000713500000, 0x0000000713500000| Untracked 
| 310|0x0000000713600000, 0x0000000713600000, 0x0000000713700000|  0%| F|  |TAMS 0x0000000713600000, 0x0000000713600000| Untracked 
| 311|0x0000000713700000, 0x0000000713700000, 0x0000000713800000|  0%| F|  |TAMS 0x0000000713700000, 0x0000000713700000| Untracked 
| 312|0x0000000713800000, 0x0000000713800000, 0x0000000713900000|  0%| F|  |TAMS 0x0000000713800000, 0x0000000713800000| Untracked 
| 313|0x0000000713900000, 0x0000000713900000, 0x0000000713a00000|  0%| F|  |TAMS 0x0000000713900000, 0x0000000713900000| Untracked 
| 314|0x0000000713a00000, 0x0000000713a00000, 0x0000000713b00000|  0%| F|  |TAMS 0x0000000713a00000, 0x0000000713a00000| Untracked 
| 315|0x0000000713b00000, 0x0000000713b00000, 0x0000000713c00000|  0%| F|  |TAMS 0x0000000713b00000, 0x0000000713b00000| Untracked 
| 316|0x0000000713c00000, 0x0000000713c00000, 0x0000000713d00000|  0%| F|  |TAMS 0x0000000713c00000, 0x0000000713c00000| Untracked 
| 317|0x0000000713d00000, 0x0000000713d00000, 0x0000000713e00000|  0%| F|  |TAMS 0x0000000713d00000, 0x0000000713d00000| Untracked 
| 318|0x0000000713e00000, 0x0000000713e00000, 0x0000000713f00000|  0%| F|  |TAMS 0x0000000713e00000, 0x0000000713e00000| Untracked 
| 319|0x0000000713f00000, 0x0000000713f00000, 0x0000000714000000|  0%| F|  |TAMS 0x0000000713f00000, 0x0000000713f00000| Untracked 
| 320|0x0000000714000000, 0x0000000714000000, 0x0000000714100000|  0%| F|  |TAMS 0x0000000714000000, 0x0000000714000000| Untracked 
| 321|0x0000000714100000, 0x0000000714100000, 0x0000000714200000|  0%| F|  |TAMS 0x0000000714100000, 0x0000000714100000| Untracked 
| 322|0x0000000714200000, 0x0000000714200000, 0x0000000714300000|  0%| F|  |TAMS 0x0000000714200000, 0x0000000714200000| Untracked 
| 323|0x0000000714300000, 0x0000000714300000, 0x0000000714400000|  0%| F|  |TAMS 0x0000000714300000, 0x0000000714300000| Untracked 
| 324|0x0000000714400000, 0x0000000714400000, 0x0000000714500000|  0%| F|  |TAMS 0x0000000714400000, 0x0000000714400000| Untracked 
| 325|0x0000000714500000, 0x0000000714500000, 0x0000000714600000|  0%| F|  |TAMS 0x0000000714500000, 0x0000000714500000| Untracked 
| 326|0x0000000714600000, 0x0000000714600000, 0x0000000714700000|  0%| F|  |TAMS 0x0000000714600000, 0x0000000714600000| Untracked 
| 327|0x0000000714700000, 0x0000000714700000, 0x0000000714800000|  0%| F|  |TAMS 0x0000000714700000, 0x0000000714700000| Untracked 
| 328|0x0000000714800000, 0x0000000714800000, 0x0000000714900000|  0%| F|  |TAMS 0x0000000714800000, 0x0000000714800000| Untracked 
| 329|0x0000000714900000, 0x0000000714900000, 0x0000000714a00000|  0%| F|  |TAMS 0x0000000714900000, 0x0000000714900000| Untracked 
| 330|0x0000000714a00000, 0x0000000714a00000, 0x0000000714b00000|  0%| F|  |TAMS 0x0000000714a00000, 0x0000000714a00000| Untracked 
| 331|0x0000000714b00000, 0x0000000714b00000, 0x0000000714c00000|  0%| F|  |TAMS 0x0000000714b00000, 0x0000000714b00000| Untracked 
| 332|0x0000000714c00000, 0x0000000714c00000, 0x0000000714d00000|  0%| F|  |TAMS 0x0000000714c00000, 0x0000000714c00000| Untracked 
| 333|0x0000000714d00000, 0x0000000714d00000, 0x0000000714e00000|  0%| F|  |TAMS 0x0000000714d00000, 0x0000000714d00000| Untracked 
| 334|0x0000000714e00000, 0x0000000714e00000, 0x0000000714f00000|  0%| F|  |TAMS 0x0000000714e00000, 0x0000000714e00000| Untracked 
| 335|0x0000000714f00000, 0x0000000714f00000, 0x0000000715000000|  0%| F|  |TAMS 0x0000000714f00000, 0x0000000714f00000| Untracked 
| 336|0x0000000715000000, 0x0000000715000000, 0x0000000715100000|  0%| F|  |TAMS 0x0000000715000000, 0x0000000715000000| Untracked 
| 337|0x0000000715100000, 0x0000000715100000, 0x0000000715200000|  0%| F|  |TAMS 0x0000000715100000, 0x0000000715100000| Untracked 
| 338|0x0000000715200000, 0x0000000715300000, 0x0000000715300000|100%| S|CS|TAMS 0x0000000715200000, 0x0000000715200000| Complete 
| 339|0x0000000715300000, 0x0000000715400000, 0x0000000715400000|100%| S|CS|TAMS 0x0000000715300000, 0x0000000715300000| Complete 
| 340|0x0000000715400000, 0x0000000715500000, 0x0000000715500000|100%| S|CS|TAMS 0x0000000715400000, 0x0000000715400000| Complete 
| 341|0x0000000715500000, 0x0000000715600000, 0x0000000715600000|100%| S|CS|TAMS 0x0000000715500000, 0x0000000715500000| Complete 
| 342|0x0000000715600000, 0x0000000715700000, 0x0000000715700000|100%| S|CS|TAMS 0x0000000715600000, 0x0000000715600000| Complete 
| 343|0x0000000715700000, 0x0000000715800000, 0x0000000715800000|100%| S|CS|TAMS 0x0000000715700000, 0x0000000715700000| Complete 
| 344|0x0000000715800000, 0x0000000715900000, 0x0000000715900000|100%| S|CS|TAMS 0x0000000715800000, 0x0000000715800000| Complete 
| 345|0x0000000715900000, 0x0000000715a00000, 0x0000000715a00000|100%| S|CS|TAMS 0x0000000715900000, 0x0000000715900000| Complete 
| 346|0x0000000715a00000, 0x0000000715b00000, 0x0000000715b00000|100%| S|CS|TAMS 0x0000000715a00000, 0x0000000715a00000| Complete 
| 347|0x0000000715b00000, 0x0000000715c00000, 0x0000000715c00000|100%| S|CS|TAMS 0x0000000715b00000, 0x0000000715b00000| Complete 
| 348|0x0000000715c00000, 0x0000000715d00000, 0x0000000715d00000|100%| S|CS|TAMS 0x0000000715c00000, 0x0000000715c00000| Complete 
| 349|0x0000000715d00000, 0x0000000715e00000, 0x0000000715e00000|100%| S|CS|TAMS 0x0000000715d00000, 0x0000000715d00000| Complete 
| 350|0x0000000715e00000, 0x0000000715e00000, 0x0000000715f00000|  0%| F|  |TAMS 0x0000000715e00000, 0x0000000715e00000| Untracked 
| 351|0x0000000715f00000, 0x0000000715f00000, 0x0000000716000000|  0%| F|  |TAMS 0x0000000715f00000, 0x0000000715f00000| Untracked 
| 352|0x0000000716000000, 0x0000000716000000, 0x0000000716100000|  0%| F|  |TAMS 0x0000000716000000, 0x0000000716000000| Untracked 
| 353|0x0000000716100000, 0x0000000716100000, 0x0000000716200000|  0%| F|  |TAMS 0x0000000716100000, 0x0000000716100000| Untracked 
| 354|0x0000000716200000, 0x0000000716200000, 0x0000000716300000|  0%| F|  |TAMS 0x0000000716200000, 0x0000000716200000| Untracked 
| 355|0x0000000716300000, 0x0000000716300000, 0x0000000716400000|  0%| F|  |TAMS 0x0000000716300000, 0x0000000716300000| Untracked 
| 356|0x0000000716400000, 0x0000000716400000, 0x0000000716500000|  0%| F|  |TAMS 0x0000000716400000, 0x0000000716400000| Untracked 
| 357|0x0000000716500000, 0x0000000716500000, 0x0000000716600000|  0%| F|  |TAMS 0x0000000716500000, 0x0000000716500000| Untracked 
| 358|0x0000000716600000, 0x0000000716600000, 0x0000000716700000|  0%| F|  |TAMS 0x0000000716600000, 0x0000000716600000| Untracked 
| 359|0x0000000716700000, 0x0000000716700000, 0x0000000716800000|  0%| F|  |TAMS 0x0000000716700000, 0x0000000716700000| Untracked 
| 360|0x0000000716800000, 0x0000000716800000, 0x0000000716900000|  0%| F|  |TAMS 0x0000000716800000, 0x0000000716800000| Untracked 
| 361|0x0000000716900000, 0x0000000716900000, 0x0000000716a00000|  0%| F|  |TAMS 0x0000000716900000, 0x0000000716900000| Untracked 
| 362|0x0000000716a00000, 0x0000000716a00000, 0x0000000716b00000|  0%| F|  |TAMS 0x0000000716a00000, 0x0000000716a00000| Untracked 
| 363|0x0000000716b00000, 0x0000000716b00000, 0x0000000716c00000|  0%| F|  |TAMS 0x0000000716b00000, 0x0000000716b00000| Untracked 
| 364|0x0000000716c00000, 0x0000000716c00000, 0x0000000716d00000|  0%| F|  |TAMS 0x0000000716c00000, 0x0000000716c00000| Untracked 
| 365|0x0000000716d00000, 0x0000000716d00000, 0x0000000716e00000|  0%| F|  |TAMS 0x0000000716d00000, 0x0000000716d00000| Untracked 
| 366|0x0000000716e00000, 0x0000000716e00000, 0x0000000716f00000|  0%| F|  |TAMS 0x0000000716e00000, 0x0000000716e00000| Untracked 
| 367|0x0000000716f00000, 0x0000000716f00000, 0x0000000717000000|  0%| F|  |TAMS 0x0000000716f00000, 0x0000000716f00000| Untracked 
| 368|0x0000000717000000, 0x0000000717000000, 0x0000000717100000|  0%| F|  |TAMS 0x0000000717000000, 0x0000000717000000| Untracked 
| 369|0x0000000717100000, 0x0000000717100000, 0x0000000717200000|  0%| F|  |TAMS 0x0000000717100000, 0x0000000717100000| Untracked 
| 370|0x0000000717200000, 0x0000000717200000, 0x0000000717300000|  0%| F|  |TAMS 0x0000000717200000, 0x0000000717200000| Untracked 
| 371|0x0000000717300000, 0x0000000717300000, 0x0000000717400000|  0%| F|  |TAMS 0x0000000717300000, 0x0000000717300000| Untracked 
| 372|0x0000000717400000, 0x0000000717400000, 0x0000000717500000|  0%| F|  |TAMS 0x0000000717400000, 0x0000000717400000| Untracked 
| 373|0x0000000717500000, 0x0000000717500000, 0x0000000717600000|  0%| F|  |TAMS 0x0000000717500000, 0x0000000717500000| Untracked 
| 374|0x0000000717600000, 0x0000000717600000, 0x0000000717700000|  0%| F|  |TAMS 0x0000000717600000, 0x0000000717600000| Untracked 
| 375|0x0000000717700000, 0x0000000717700000, 0x0000000717800000|  0%| F|  |TAMS 0x0000000717700000, 0x0000000717700000| Untracked 
| 376|0x0000000717800000, 0x0000000717800000, 0x0000000717900000|  0%| F|  |TAMS 0x0000000717800000, 0x0000000717800000| Untracked 

Card table byte_map: [0x0000022cab7b0000,0x0000022cabfb0000] _byte_map_base: 0x0000022ca7fb0000

Marking Bits (Prev, Next): (CMBitMap*) 0x0000022c932623f8, (CMBitMap*) 0x0000022c93262430
 Prev Bits: [0x0000022cac7b0000, 0x0000022cb07b0000)
 Next Bits: [0x0000022cb07b0000, 0x0000022cb47b0000)

Polling page: 0x0000022c932d0000

Metaspace:

Usage:
  Non-class:     39.20 MB capacity,    38.77 MB ( 99%) used,   343.14 KB ( <1%) free+waste,    96.25 KB ( <1%) overhead. 
      Class:      4.94 MB capacity,     4.62 MB ( 93%) used,   290.21 KB (  6%) free+waste,    43.88 KB ( <1%) overhead. 
       Both:     44.15 MB capacity,    43.39 MB ( 98%) used,   633.35 KB (  1%) free+waste,   140.13 KB ( <1%) overhead. 

Virtual space:
  Non-class space:       40.00 MB reserved,      39.24 MB ( 98%) committed 
      Class space:        1.00 GB reserved,       5.00 MB ( <1%) committed 
             Both:        1.04 GB reserved,      44.24 MB (  4%) committed 

Chunk freelists:
   Non-Class:  5.13 KB
       Class:  3.13 KB
        Both:  8.25 KB

CodeHeap 'non-profiled nmethods': size=120000Kb used=3872Kb max_used=3872Kb free=116127Kb
 bounds [0x0000022ca3000000, 0x0000022ca33d0000, 0x0000022caa530000]
CodeHeap 'profiled nmethods': size=120000Kb used=13704Kb max_used=13704Kb free=106295Kb
 bounds [0x0000022c9bad0000, 0x0000022c9c840000, 0x0000022ca3000000]
CodeHeap 'non-nmethods': size=5760Kb used=1437Kb max_used=1469Kb free=4322Kb
 bounds [0x0000022c9b530000, 0x0000022c9b7a0000, 0x0000022c9bad0000]
 total_blobs=9350 nmethods=6036 adapters=784
 compilation: enabled
              stopped_count=0, restarted_count=0
 full_count=0

Compilation events (10 events):
Event: 107.511 Thread 0x0000022cb7ba8800 nmethod 6461 0x0000022c9c830d90 code [0x0000022c9c830f80, 0x0000022c9c8315d8]
Event: 107.511 Thread 0x0000022cb7ba8800 6462       3       java.awt.EventQueue::postEvent (172 bytes)
Event: 107.513 Thread 0x0000022cb7ba8800 nmethod 6462 0x0000022c9c831710 code [0x0000022c9c831a40, 0x0000022c9c832ec0]
Event: 107.513 Thread 0x0000022cb7ba8800 6464       3       java.awt.EventQueue::coalescePeerEvent (66 bytes)
Event: 107.513 Thread 0x0000022cb7ba8800 nmethod 6464 0x0000022c9c833510 code [0x0000022c9c833720, 0x0000022c9c833eb0]
Event: 107.513 Thread 0x0000022cb7ba8800 6463       3       java.awt.EventQueue::coalesceEvent (86 bytes)
Event: 107.514 Thread 0x0000022cb7ba8800 nmethod 6463 0x0000022c9c834090 code [0x0000022c9c8342e0, 0x0000022c9c835100]
Event: 107.514 Thread 0x0000022cb7ba8800 6466   !   3       java.awt.EventQueue::getNextEvent (84 bytes)
Event: 107.515 Thread 0x0000022cb7ba8800 nmethod 6466 0x0000022c9c835310 code [0x0000022c9c835580, 0x0000022c9c835ed0]
Event: 107.515 Thread 0x0000022cb7ba8800 6465   !   3       java.awt.EventDispatchThread::pumpOneEventForFilters (113 bytes)

GC Heap History (10 events):
Event: 106.492 GC heap after
{Heap after GC invocations=30 (full 0):
 garbage-first heap   total 168960K, used 159858K [0x0000000700000000, 0x0000000800000000)
  region size 1024K, 1 young (1024K), 1 survivors (1024K)
 Metaspace       used 43123K, capacity 43938K, committed 44152K, reserved 1089536K
  class space    used 4653K, capacity 4962K, committed 4992K, reserved 1048576K
}
Event: 106.503 GC heap before
{Heap before GC invocations=30 (full 0):
 garbage-first heap   total 168960K, used 167026K [0x0000000700000000, 0x0000000800000000)
  region size 1024K, 8 young (8192K), 1 survivors (1024K)
 Metaspace       used 43123K, capacity 43938K, committed 44152K, reserved 1089536K
  class space    used 4653K, capacity 4962K, committed 4992K, reserved 1048576K
}
Event: 106.512 GC heap after
{Heap after GC invocations=31 (full 0):
 garbage-first heap   total 386048K, used 161355K [0x0000000700000000, 0x0000000800000000)
  region size 1024K, 1 young (1024K), 1 survivors (1024K)
 Metaspace       used 43123K, capacity 43938K, committed 44152K, reserved 1089536K
  class space    used 4653K, capacity 4962K, committed 4992K, reserved 1048576K
}
Event: 106.641 GC heap before
{Heap before GC invocations=32 (full 0):
 garbage-first heap   total 386048K, used 208459K [0x0000000700000000, 0x0000000800000000)
  region size 1024K, 69 young (70656K), 1 survivors (1024K)
 Metaspace       used 43139K, capacity 43938K, committed 44152K, reserved 1089536K
  class space    used 4653K, capacity 4962K, committed 4992K, reserved 1048576K
}
Event: 106.650 GC heap after
{Heap after GC invocations=33 (full 0):
 garbage-first heap   total 386048K, used 151474K [0x0000000700000000, 0x0000000800000000)
  region size 1024K, 9 young (9216K), 9 survivors (9216K)
 Metaspace       used 43139K, capacity 43938K, committed 44152K, reserved 1089536K
  class space    used 4653K, capacity 4962K, committed 4992K, reserved 1048576K
}
Event: 106.660 GC heap before
{Heap before GC invocations=33 (full 0):
 garbage-first heap   total 386048K, used 160690K [0x0000000700000000, 0x0000000800000000)
  region size 1024K, 18 young (18432K), 9 survivors (9216K)
 Metaspace       used 43139K, capacity 43938K, committed 44152K, reserved 1089536K
  class space    used 4653K, capacity 4962K, committed 4992K, reserved 1048576K
}
Event: 106.664 GC heap after
{Heap after GC invocations=34 (full 0):
 garbage-first heap   total 386048K, used 134213K [0x0000000700000000, 0x0000000800000000)
  region size 1024K, 3 young (3072K), 3 survivors (3072K)
 Metaspace       used 43139K, capacity 43938K, committed 44152K, reserved 1089536K
  class space    used 4653K, capacity 4962K, committed 4992K, reserved 1048576K
}
Event: 107.389 GC heap before
{Heap before GC invocations=34 (full 0):
 garbage-first heap   total 386048K, used 230469K [0x0000000700000000, 0x0000000800000000)
  region size 1024K, 85 young (87040K), 3 survivors (3072K)
 Metaspace       used 44338K, capacity 45142K, committed 45304K, reserved 1089536K
  class space    used 4728K, capacity 5063K, committed 5120K, reserved 1048576K
}
Event: 107.402 GC heap after
{Heap after GC invocations=35 (full 0):
 garbage-first heap   total 386048K, used 174869K [0x0000000700000000, 0x0000000800000000)
  region size 1024K, 11 young (11264K), 11 survivors (11264K)
 Metaspace       used 44338K, capacity 45142K, committed 45304K, reserved 1089536K
  class space    used 4728K, capacity 5063K, committed 5120K, reserved 1048576K
}
Event: 107.517 GC heap before
{Heap before GC invocations=35 (full 0):
 garbage-first heap   total 386048K, used 208661K [0x0000000700000000, 0x0000000800000000)
  region size 1024K, 38 young (38912K), 11 survivors (11264K)
 Metaspace       used 44432K, capacity 45206K, committed 45304K, reserved 1089536K
  class space    used 4728K, capacity 5063K, committed 5120K, reserved 1048576K
}

Deoptimization events (10 events):
Event: 106.893 Thread 0x0000022cbc879800 Uncommon trap: reason=unstable_if action=reinterpret pc=0x0000022ca32f1838 method=java.util.Calendar.complete()V @ 4 c2
Event: 106.893 Thread 0x0000022cbc879800 Uncommon trap: reason=unstable_if action=reinterpret pc=0x0000022ca32c1ba8 method=java.util.Calendar.complete()V @ 22 c2
Event: 107.298 Thread 0x0000022cbc882000 Uncommon trap: reason=profile_predicate action=maybe_recompile pc=0x0000022ca33a2d90 method=sun.java2d.marlin.DMarlinRenderingEngine.pathToLoop([DLjava/awt/geom/PathIterator;Lsun/java2d/marlin/DPathConsumer2D;)V @ 8 c2
Event: 107.298 Thread 0x0000022cbc882000 Uncommon trap: reason=profile_predicate action=maybe_recompile pc=0x0000022ca33a2d90 method=sun.java2d.marlin.DMarlinRenderingEngine.pathToLoop([DLjava/awt/geom/PathIterator;Lsun/java2d/marlin/DPathConsumer2D;)V @ 8 c2
Event: 107.298 Thread 0x0000022cbc882000 Uncommon trap: reason=profile_predicate action=maybe_recompile pc=0x0000022ca33a2d90 method=sun.java2d.marlin.DMarlinRenderingEngine.pathToLoop([DLjava/awt/geom/PathIterator;Lsun/java2d/marlin/DPathConsumer2D;)V @ 8 c2
Event: 107.298 Thread 0x0000022cbc882000 Uncommon trap: reason=profile_predicate action=maybe_recompile pc=0x0000022ca33a2d90 method=sun.java2d.marlin.DMarlinRenderingEngine.pathToLoop([DLjava/awt/geom/PathIterator;Lsun/java2d/marlin/DPathConsumer2D;)V @ 8 c2
Event: 107.439 Thread 0x0000022cbc886000 Uncommon trap: reason=speculate_class_check action=maybe_recompile pc=0x0000022ca33bfb7c method=java.util.zip.InflaterInputStream.read([BII)I @ 100 c2
Event: 107.439 Thread 0x0000022cbc886000 Uncommon trap: reason=speculate_class_check action=maybe_recompile pc=0x0000022ca33bfb7c method=java.util.zip.InflaterInputStream.read([BII)I @ 100 c2
Event: 107.439 Thread 0x0000022cbc886000 Uncommon trap: reason=speculate_class_check action=maybe_recompile pc=0x0000022ca33bfb7c method=java.util.zip.InflaterInputStream.read([BII)I @ 100 c2
Event: 107.439 Thread 0x0000022cbc886000 Uncommon trap: reason=speculate_class_check action=maybe_recompile pc=0x0000022ca33bfb7c method=java.util.zip.InflaterInputStream.read([BII)I @ 100 c2

Classes redefined (0 events):
No events

Internal exceptions (10 events):
Event: 6.183 Thread 0x0000022cb86ba800 Exception <a 'java/lang/NoSuchMethodError'{0x0000000708e50650}: java.lang.invoke.DirectMethodHandle$Holder.invokeSpecial(Ljava/lang/Object;Ljava/lang/Object;Ljava/lang/Object;Ljava/lang/Object;)I> (0x0000000708e50650) thrown at [t:/workspace/open/src/hots
Event: 6.271 Thread 0x0000022cb86ba800 Exception <a 'java/lang/NoClassDefFoundError'{0x0000000708c523f0}: org/slf4j/impl/StaticMDCBinder> (0x0000000708c523f0) thrown at [t:/workspace/open/src/hotspot/share/classfile/systemDictionary.cpp, line 220]
Event: 6.616 Thread 0x0000022cb86ba800 Exception <a 'java/lang/NoSuchMethodError'{0x0000000708a6a198}: java.lang.invoke.DirectMethodHandle$Holder.invokeStatic(Ljava/lang/Object;Ljava/lang/Object;)D> (0x0000000708a6a198) thrown at [t:/workspace/open/src/hotspot/share/interpreter/linkResolver.cp
Event: 7.588 Thread 0x0000022cbc878000 Implicit null exception at 0x0000022ca3031e74 to 0x0000022ca3032382
Event: 7.588 Thread 0x0000022cbc878000 Implicit null exception at 0x0000022ca3043474 to 0x0000022ca3043976
Event: 106.076 Thread 0x0000022cbc879800 Exception <a 'java/lang/NoSuchMethodError'{0x0000000708fa0c40}: java.lang.invoke.DirectMethodHandle$Holder.invokeStatic(Ljava/lang/Object;JLjava/lang/Object;)Ljava/lang/Object;> (0x0000000708fa0c40) thrown at [t:/workspace/open/src/hotspot/share/interpret
Event: 106.076 Thread 0x0000022cbc879800 Exception <a 'java/lang/NoSuchMethodError'{0x0000000708fa41c0}: java.lang.invoke.DirectMethodHandle$Holder.invokeSpecial(Ljava/lang/Object;Ljava/lang/Object;JLjava/lang/Object;)Ljava/lang/Object;> (0x0000000708fa41c0) thrown at [t:/workspace/open/src/hots
Event: 106.736 Thread 0x0000022cbc879800 Implicit null exception at 0x0000022ca31f416c to 0x0000022ca31f442e
Event: 106.736 Thread 0x0000022cbc879800 Implicit null exception at 0x0000022ca31f4d0b to 0x0000022ca31f5086
Event: 106.736 Thread 0x0000022cbc879800 Implicit null exception at 0x0000022ca31d4e69 to 0x0000022ca31d4fe6

Events (10 events):
Event: 107.439 Thread 0x0000022cbc886000 DEOPT UNPACKING pc=0x0000022c9b5591af sp=0x0000008ffb6fe680 mode 2
Event: 107.439 Thread 0x0000022cbc886000 Uncommon trap: trap_request=0xffffff6e fr.pc=0x0000022ca33bfb7c relative=0x00000000000013dc
Event: 107.439 Thread 0x0000022cbc886000 DEOPT PACKING pc=0x0000022ca33bfb7c sp=0x0000008ffb6fe640
Event: 107.439 Thread 0x0000022cbc886000 DEOPT UNPACKING pc=0x0000022c9b5591af sp=0x0000008ffb6fe680 mode 2
Event: 107.439 Thread 0x0000022cbc886000 Uncommon trap: trap_request=0xffffff6e fr.pc=0x0000022ca33bfb7c relative=0x00000000000013dc
Event: 107.439 Thread 0x0000022cbc886000 DEOPT PACKING pc=0x0000022ca33bfb7c sp=0x0000008ffb6fe590
Event: 107.439 Thread 0x0000022cbc886000 DEOPT UNPACKING pc=0x0000022c9b5591af sp=0x0000008ffb6fe5d0 mode 2
Event: 107.498 Executing VM operation: G1CollectForAllocation
Event: 107.501 Executing VM operation: G1CollectForAllocation done
Event: 107.516 Executing VM operation: G1CollectForAllocation


Dynamic libraries:
0x00007ff727f80000 - 0x00007ff727fc5000 	C:\Program Files\AnyLogic 8.7 University\jre\bin\javaw.exe
0x00007ff84d150000 - 0x00007ff84d345000 	C:\WINDOWS\SYSTEM32\ntdll.dll
0x00007ff84b250000 - 0x00007ff84b30e000 	C:\WINDOWS\System32\KERNEL32.DLL
0x00007ff84ae70000 - 0x00007ff84b138000 	C:\WINDOWS\System32\KERNELBASE.dll
0x00007ff847970000 - 0x00007ff847a00000 	C:\WINDOWS\SYSTEM32\apphelp.dll
0x00007ff84cd90000 - 0x00007ff84cf30000 	C:\WINDOWS\System32\USER32.dll
0x00007ff84a870000 - 0x00007ff84a892000 	C:\WINDOWS\System32\win32u.dll
0x00007ff84cc40000 - 0x00007ff84cc6a000 	C:\WINDOWS\System32\GDI32.dll
0x00007ff84ac60000 - 0x00007ff84ad6b000 	C:\WINDOWS\System32\gdi32full.dll
0x00007ff84a930000 - 0x00007ff84a9cd000 	C:\WINDOWS\System32\msvcp_win.dll
0x00007ff84ad70000 - 0x00007ff84ae70000 	C:\WINDOWS\System32\ucrtbase.dll
0x00007ff836380000 - 0x00007ff83661a000 	C:\WINDOWS\WinSxS\amd64_microsoft.windows.common-controls_6595b64144ccf1df_6.0.19041.1110_none_60b5254171f9507e\COMCTL32.dll
0x00007ff84b3d0000 - 0x00007ff84b46e000 	C:\WINDOWS\System32\msvcrt.dll
0x00007ff84c000000 - 0x00007ff84c030000 	C:\WINDOWS\System32\IMM32.DLL
0x00007ff8409a0000 - 0x00007ff8409b6000 	C:\Program Files\AnyLogic 8.7 University\jre\bin\vcruntime140.dll
0x00007ff823cb0000 - 0x00007ff823d5a000 	C:\Program Files\AnyLogic 8.7 University\jre\bin\msvcp140.dll
0x00007fffdffb0000 - 0x00007fffe0ad3000 	C:\Program Files\AnyLogic 8.7 University\jre\bin\server\jvm.dll
0x00007ff84cf30000 - 0x00007ff84cfde000 	C:\WINDOWS\System32\ADVAPI32.dll
0x00007ff84b1b0000 - 0x00007ff84b24c000 	C:\WINDOWS\System32\sechost.dll
0x00007ff84cfe0000 - 0x00007ff84d105000 	C:\WINDOWS\System32\RPCRT4.dll
0x00007ff84b310000 - 0x00007ff84b318000 	C:\WINDOWS\System32\PSAPI.DLL
0x00007ff82e3c0000 - 0x00007ff82e3c9000 	C:\WINDOWS\SYSTEM32\WSOCK32.dll
0x00007ff836880000 - 0x00007ff8368a7000 	C:\WINDOWS\SYSTEM32\WINMM.dll
0x00007ff84b470000 - 0x00007ff84b4db000 	C:\WINDOWS\System32\WS2_32.dll
0x00007ff8496c0000 - 0x00007ff8496ca000 	C:\WINDOWS\SYSTEM32\VERSION.dll
0x00007ff848a50000 - 0x00007ff848a62000 	C:\WINDOWS\SYSTEM32\kernel.appcore.dll
0x00007ff845920000 - 0x00007ff845931000 	C:\Program Files\AnyLogic 8.7 University\jre\bin\verify.dll
0x00007ff848510000 - 0x00007ff8486f4000 	C:\WINDOWS\SYSTEM32\DBGHELP.DLL
0x00007ff82eff0000 - 0x00007ff82f01c000 	C:\WINDOWS\SYSTEM32\dbgcore.DLL
0x00007ff84a8a0000 - 0x00007ff84a922000 	C:\WINDOWS\System32\bcryptPrimitives.dll
0x00007ff841940000 - 0x00007ff841968000 	C:\Program Files\AnyLogic 8.7 University\jre\bin\java.dll
0x00007ff841980000 - 0x00007ff841996000 	C:\Program Files\AnyLogic 8.7 University\jre\bin\zip.dll
0x00007ff841930000 - 0x00007ff84193a000 	C:\Program Files\AnyLogic 8.7 University\jre\bin\jimage.dll
0x00007ff84c200000 - 0x00007ff84c944000 	C:\WINDOWS\System32\SHELL32.dll
0x00007ff848e30000 - 0x00007ff8495c4000 	C:\WINDOWS\SYSTEM32\windows.storage.dll
0x00007ff84b610000 - 0x00007ff84b964000 	C:\WINDOWS\System32\combase.dll
0x00007ff84a2e0000 - 0x00007ff84a30c000 	C:\WINDOWS\SYSTEM32\Wldp.dll
0x00007ff84b560000 - 0x00007ff84b60d000 	C:\WINDOWS\System32\SHCORE.dll
0x00007ff84ca20000 - 0x00007ff84ca75000 	C:\WINDOWS\System32\shlwapi.dll
0x00007ff84a7b0000 - 0x00007ff84a7cf000 	C:\WINDOWS\SYSTEM32\profapi.dll
0x00007ff841500000 - 0x00007ff841519000 	C:\Program Files\AnyLogic 8.7 University\jre\bin\net.dll
0x00007ff83bd20000 - 0x00007ff83be2a000 	C:\WINDOWS\SYSTEM32\WINHTTP.dll
0x00007ff8301d0000 - 0x00007ff8303bc000 	C:\WINDOWS\SYSTEM32\urlmon.dll
0x00007ff830430000 - 0x00007ff8306e1000 	C:\WINDOWS\SYSTEM32\iertutil.dll
0x00007ff8300b0000 - 0x00007ff8300d8000 	C:\WINDOWS\SYSTEM32\srvcli.dll
0x00007ff849d20000 - 0x00007ff849d2c000 	C:\WINDOWS\SYSTEM32\netutils.dll
0x00007ff84a040000 - 0x00007ff84a0aa000 	C:\WINDOWS\system32\mswsock.dll
0x00007ff8411c0000 - 0x00007ff8411d3000 	C:\Program Files\AnyLogic 8.7 University\jre\bin\nio.dll
0x00007ff807920000 - 0x00007ff807abe000 	C:\Program Files\AnyLogic 8.7 University\jre\bin\awt.dll
0x00007ff84c950000 - 0x00007ff84ca1d000 	C:\WINDOWS\System32\OLEAUT32.dll
0x00007ff8467b0000 - 0x00007ff846d70000 	C:\WINDOWS\SYSTEM32\d2d1.dll
0x00007ff840570000 - 0x00007ff840579000 	C:\Program Files\AnyLogic 8.7 University\jre\bin\management.dll
0x00007ff840110000 - 0x00007ff84011c000 	C:\Program Files\AnyLogic 8.7 University\jre\bin\management_ext.dll
0x00007ff82dbb0000 - 0x00007ff82dbc7000 	C:\WINDOWS\system32\napinsp.dll
0x00007ff82db90000 - 0x00007ff82dbab000 	C:\WINDOWS\system32\pnrpnsp.dll
0x00007ff8452a0000 - 0x00007ff8452b5000 	C:\WINDOWS\system32\wshbth.dll
0x00007ff8457a0000 - 0x00007ff8457bd000 	C:\WINDOWS\system32\NLAapi.dll
0x00007ff849ce0000 - 0x00007ff849d1b000 	C:\WINDOWS\SYSTEM32\IPHLPAPI.DLL
0x00007ff849d30000 - 0x00007ff849dfb000 	C:\WINDOWS\SYSTEM32\DNSAPI.dll
0x00007ff84b970000 - 0x00007ff84b978000 	C:\WINDOWS\System32\NSI.dll
0x00007ff82db70000 - 0x00007ff82db82000 	C:\WINDOWS\System32\winrnr.dll
0x00000000716f0000 - 0x00000000716fa000 	C:\Program Files\National Instruments\Shared\mDNS Responder\nimdnsNSP.dll
0x00000000716e0000 - 0x00000000716f0000 	C:\WINDOWS\SYSTEM32\nimdnsResponder.dll
0x00007ff836c80000 - 0x00007ff836c8a000 	C:\Windows\System32\rasadhlp.dll
0x00007ff836ba0000 - 0x00007ff836c1f000 	C:\WINDOWS\System32\fwpuclnt.dll
0x00007ff84ab80000 - 0x00007ff84aba7000 	C:\WINDOWS\System32\bcrypt.dll
0x00007ff84a240000 - 0x00007ff84a258000 	C:\WINDOWS\SYSTEM32\CRYPTSP.dll
0x00007ff849950000 - 0x00007ff849984000 	C:\WINDOWS\system32\rsaenh.dll
0x00007ff84a770000 - 0x00007ff84a79e000 	C:\WINDOWS\SYSTEM32\USERENV.dll
0x00007ff84a230000 - 0x00007ff84a23c000 	C:\WINDOWS\SYSTEM32\CRYPTBASE.dll
0x00007ff83e570000 - 0x00007ff83e587000 	C:\WINDOWS\SYSTEM32\dhcpcsvc6.DLL
0x00007ff83f1c0000 - 0x00007ff83f1dd000 	C:\WINDOWS\SYSTEM32\dhcpcsvc.DLL
0x00007ff847f70000 - 0x00007ff847f9f000 	C:\WINDOWS\system32\DWMAPI.DLL
0x00007ff847ce0000 - 0x00007ff847d7e000 	C:\WINDOWS\system32\uxtheme.dll
0x00007ff813f20000 - 0x00007ff814046000 	C:\WINDOWS\system32\opengl32.dll
0x00007ff813ef0000 - 0x00007ff813f1c000 	C:\WINDOWS\SYSTEM32\GLU32.dll
0x00007ff84cc70000 - 0x00007ff84cd85000 	C:\WINDOWS\System32\MSCTF.dll
0x00007ff84cb10000 - 0x00007ff84cc3a000 	C:\WINDOWS\System32\ole32.dll
0x00007ff837430000 - 0x00007ff8375ff000 	C:\WINDOWS\system32\d3d9.dll
0x00007ff806930000 - 0x00007ff806a95000 	C:\WINDOWS\System32\DriverStore\FileRepository\igdlh64.inf_amd64_e6daaea9afe1e6f6\igdumdim64.dll
0x00007fffceec0000 - 0x00007fffd36bd000 	C:\WINDOWS\System32\DriverStore\FileRepository\igdlh64.inf_amd64_e6daaea9afe1e6f6\igd9dxva64.dll
0x00007ff84bb90000 - 0x00007ff84bffa000 	C:\WINDOWS\System32\SETUPAPI.dll
0x00007ff84a9d0000 - 0x00007ff84aa1e000 	C:\WINDOWS\System32\cfgmgr32.dll
0x00007ff83a530000 - 0x00007ff83a787000 	C:\WINDOWS\System32\DriverStore\FileRepository\igdlh64.inf_amd64_e6daaea9afe1e6f6\igdgmm64.dll
0x00007ff835e40000 - 0x00007ff835f42000 	C:\WINDOWS\System32\DriverStore\FileRepository\nvbl.inf_amd64_7f876dd929622859\nvldumdx.dll
0x00007ff84a460000 - 0x00007ff84a472000 	C:\WINDOWS\SYSTEM32\msasn1.dll
0x00007ff83f0d0000 - 0x00007ff83f101000 	C:\WINDOWS\SYSTEM32\cryptnet.dll
0x00007ff84aa20000 - 0x00007ff84ab76000 	C:\WINDOWS\System32\CRYPT32.dll
0x00007ff84b140000 - 0x00007ff84b1a8000 	C:\WINDOWS\System32\WINTRUST.DLL
0x00007ff84b4e0000 - 0x00007ff84b4fd000 	C:\WINDOWS\System32\imagehlp.dll
0x00007fffd9f80000 - 0x00007fffdb723000 	C:\WINDOWS\System32\DriverStore\FileRepository\nvbl.inf_amd64_7f876dd929622859\nvd3dumx.dll
0x00007ff849e50000 - 0x00007ff849e9b000 	C:\WINDOWS\SYSTEM32\powrprof.dll
0x00007ff849cc0000 - 0x00007ff849cd2000 	C:\WINDOWS\SYSTEM32\UMPDC.dll
0x00007ff8487e0000 - 0x00007ff848803000 	C:\WINDOWS\SYSTEM32\gpapi.dll
0x00007ff83be90000 - 0x00007ff83becb000 	C:\WINDOWS\SYSTEM32\dxcore.dll
0x00007ff81d430000 - 0x00007ff81d4b0000 	C:\Program Files\AnyLogic 8.7 University\jre\bin\freetype.dll
0x00007ff8239b0000 - 0x00007ff823a1f000 	C:\Program Files\AnyLogic 8.7 University\jre\bin\fontmanager.dll

dbghelp: loaded successfully - version: 4.0.5 - missing functions: none
symbol engine: initialized successfully - sym options: 0x614 - pdb path: .;C:\Program Files\AnyLogic 8.7 University\jre\bin;C:\WINDOWS\SYSTEM32;C:\WINDOWS\WinSxS\amd64_microsoft.windows.common-controls_6595b64144ccf1df_6.0.19041.1110_none_60b5254171f9507e;C:\Program Files\AnyLogic 8.7 University\jre\bin\server;C:\Program Files\National Instruments\Shared\mDNS Responder;C:\WINDOWS\System32\DriverStore\FileRepository\igdlh64.inf_amd64_e6daaea9afe1e6f6;C:\WINDOWS\System32\DriverStore\FileRepository\nvbl.inf_amd64_7f876dd929622859

VM Arguments:
jvm_args: -Xmx4096m --illegal-access=deny -DlanguageId_xjal=en0s9buz -DflowchartCountersVisible_xjal=true -DbuiltInTileCachePath_xjal=C:\Program Files\AnyLogic 8.7 University\plugins\com.anylogic.gis_8.7.11.202204112018\tiles -DflowchartPortStateAnimated_xjal=true -DenableWarnings_xjal=true -DenableObject3DLod_xjal=true -DstandaloneBrowserPath_xjal=C:/Program Files/AnyLogic 8.7 University/chromium/chromium-win64/chrome.exe -DstandaloneBrowserCommandArguments_xjal=--app=$1 -DanylogicIncomingPort_xjal=7880 -DbrowserUserDataPath_xjal=--user-data-dir=C:\Users\Mels\.AnyLogicUniversity\Workspace8.7\chromium\userData -DuseProxy_xjal=false -Dfile.encoding=Cp1252 
java_command: com.anylogic.ms.MS brabant_buurtmodel_ui.Simulation 1a40456
java_class_path (initial): C:\Users\Mels\.AnyLogicUniversity\Workspace8.7\Brabant buurtmodel UI_BUILD\classes;C:\Program Files\AnyLogic 8.7 University\plugins\com.anylogic.libraries.modules_8.7.11.202204112018\lib\MarkupDescriptors\MarkupDescriptors.jar;C:\Program Files\AnyLogic 8.7 University\plugins\com.anylogic.process_modeling_library_8.7.11.202204112018\lib\ProcessModelingLibrary.jar;C:\Users\Mels\.AnyLogicUniversity\Workspace8.7\HeatingSystems_BUILD\classes;C:\Program Files\AnyLogic 8.7 University\plugins\com.anylogic.engine_8.7.11.202204112018\com.anylogic.engine.jar;C:\Program Files\AnyLogic 8.7 University\plugins\com.anylogic.engine_8.7.11.202204112018\com.anylogic.engine.nl.jar;C:\Program Files\AnyLogic 8.7 University\plugins\com.anylogic.engine.sa_8.7.11.202204112018\com.anylogic.engine.sa.jar;C:\Program Files\AnyLogic 8.7 University\plugins\com.anylogic.core_8.7.11.202204112018\com.anylogic.ms.jar;C:\Program Files\AnyLogic 8.7 University\plugins\com.anylogic.engine.sa_8.7.11.202204112018\lib\sa\com.anylogic.engine.sa.web.jar;C:\Program Files\AnyLogic 8.7 University\plugins\com.anylogic.engine.sa_8.7.11.202204112018\lib\sa\executor-basic-8.3.jar;C:\Program Files\AnyLogic 8.7 University\plugins\com.anylogic.engine.sa_8.7.11.202204112018\lib\sa\ioutil-8.3.jar;C:\Program Files\AnyLogic 8.7 University\plugins\com.anylogic.engine.sa_8.7.11.202204112018\lib\sa\jackson\jackson-annotations-2.12.2.jar;C:\Program Files\AnyLogic 8.7 University\plugins\com.anylogic.engine.sa_8.7.11.202204112018\lib\sa\jackson\jackson-core-2.12.2.jar;C:\Program Files\AnyLogic 8.7 University\plugins\com.anylogic.engine.sa_8.7.11.202204112018\lib\sa\jackson\jackson-databind-2.12.2.jar;C:\Program Files\AnyLogic 8.7 University\plugins\com.anylogic.engine.sa_8.7.11.202204112018\lib\sa\spark\javax.servlet-api-3.1.0.jar;C:\Program Files\AnyLogic 8.7 University\plugins\com.anylogic.engine.sa_8.7.11.202204112018\lib\sa\spark\jetty-client-9.4.31.v20200723.jar;C:\Program Files\AnyLogic 8.7 Uni
Launcher Type: SUN_STANDARD

[Global flags]
     intx CICompilerCount                          = 4                                         {product} {ergonomic}
     uint ConcGCThreads                            = 2                                         {product} {ergonomic}
     uint G1ConcRefinementThreads                  = 8                                         {product} {ergonomic}
   size_t G1HeapRegionSize                         = 1048576                                   {product} {ergonomic}
    uintx GCDrainStackTargetSize                   = 64                                        {product} {ergonomic}
   size_t InitialHeapSize                          = 134217728                                 {product} {ergonomic}
   size_t MarkStackSize                            = 4194304                                   {product} {ergonomic}
   size_t MaxHeapSize                              = 4294967296                                {product} {command line}
   size_t MaxNewSize                               = 2576351232                                {product} {ergonomic}
   size_t MinHeapDeltaBytes                        = 1048576                                   {product} {ergonomic}
    uintx NonNMethodCodeHeapSize                   = 5835340                                {pd product} {ergonomic}
    uintx NonProfiledCodeHeapSize                  = 122911450                              {pd product} {ergonomic}
    uintx ProfiledCodeHeapSize                     = 122911450                              {pd product} {ergonomic}
    uintx ReservedCodeCacheSize                    = 251658240                              {pd product} {ergonomic}
     bool SegmentedCodeCache                       = true                                      {product} {ergonomic}
     bool UseCompressedClassPointers               = true                                 {lp64_product} {ergonomic}
     bool UseCompressedOops                        = true                                 {lp64_product} {ergonomic}
     bool UseG1GC                                  = true                                      {product} {ergonomic}
     bool UseLargePagesIndividualAllocation        = false                                  {pd product} {ergonomic}

Logging:
Log output configuration:
 #0: stdout all=warning uptime,level,tags
 #1: stderr all=off uptime,level,tags

Environment Variables:
JAVA_HOME=C:\Program Files\Java\jdk-16.0.2
PATH=C:/Program Files/AnyLogic 8.7 University/jre/bin/server;C:/Program Files/AnyLogic 8.7 University/jre/bin;C:\Program Files\Common Files\Oracle\Java\javapath;C:\Program Files\NVIDIA GPU Computing Toolkit\CUDA\v11.2\bin;C:\Program Files\NVIDIA GPU Computing Toolkit\CUDA\v11.2\libnvvp;C:\Program Files\MATLAB\R2018a\bin\win64;C:\WINDOWS\system32;C:\WINDOWS;C:\WINDOWS\System32\Wbem;C:\WINDOWS\System32\WindowsPowerShell\v1.0\;C:\Program Files (x86)\HP\HP Performance Advisor;C:\WINDOWS\System32\OpenSSH\;C:\Users\Mels\AppData\Local\Microsoft\WindowsApps;C:\Users\Mels\AppData\Local\Programs\MiKTeX 2.9\miktex\bin\x64\;C:\Program Files\Intel\WiFi\bin\;C:\Program Files\Common Files\Intel\WirelessCommon\;C:\WINDOWS\system32;C:\WINDOWS;C:\WINDOWS\System32\Wbem;C:\WINDOWS\System32\WindowsPowerShell\v1.0\;C:\WINDOWS\System32\OpenSSH\;C:\Programs\Anaconda3\;"C:\ProgramData\Anaconda3\Scripts;C:\ProgramData\Anaconda3\";C:\Program Files\Git\cmd;C:\Program Files\MATLAB\R2020b\bin;C:\Program Files\NVIDIA Corporation\Nsight Compute 2020.3.0\;C:\Program Files (x86)\NVIDIA Corporation\PhysX\Common;C:\Program Files (x86)\Intel\Intel(R) Management Engine Components\DAL;C:\Program Files\Intel\Intel(R) Management Engine Components\DAL;C:\Program Files\Java\jdk-16.0.2\bin;C:\Program Files\TortoiseGit\bin;C:\Users\Mels\AppData\Local\GitHubDesktop\bin;C:\Users\Mels\AppData\Local\Programs\Microsoft VS Code\bin;C:\Program Files\AnyLogic 8.7 University;
USERNAME=Mels
OS=Windows_NT
PROCESSOR_IDENTIFIER=Intel64 Family 6 Model 158 Stepping 9, GenuineIntel



---------------  S Y S T E M  ---------------

OS: Windows 10 , 64 bit Build 19041 (10.0.19041.1645)

CPU:total 8 (initial active 8) (4 cores per cpu, 2 threads per core) family 6 model 158 stepping 9, cmov, cx8, fxsr, mmx, sse, sse2, sse3, ssse3, sse4.1, sse4.2, popcnt, avx, avx2, aes, clmul, erms, 3dnowpref, lzcnt, ht, tsc, tscinvbit, bmi1, bmi2, adx, fma

Memory: 4k page, system-wide physical 8067M (443M free)
TotalPageFile size 32643M (AvailPageFile size 26M)
current process WorkingSet (physical memory assigned to process): 432M, peak: 434M
current process commit charge ("private bytes"): 1291M, peak: 1291M

vm_info: OpenJDK 64-Bit Server VM (11.0.2+9) for windows-amd64 JRE (11.0.2+9), built on Jan 18 2019 05:23:22 by "mach5one" with MS VC++ 15.5 (VS2017)

END.
