#
# There is insufficient memory for the Java Runtime Environment to continue.
# Native memory allocation (mmap) failed to map 805306368 bytes for Failed to commit area from 0x0000000718000000 to 0x0000000748000000 of length 805306368.
# Possible reasons:
#   The system is out of physical RAM or swap space
#   The process is running with CompressedOops enabled, and the Java Heap may be blocking the growth of the native heap
# Possible solutions:
#   Reduce memory load on the system
#   Increase physical memory or swap space
#   Check if swap backing store is full
#   Decrease Java heap size (-Xmx/-Xms)
#   Decrease number of Java threads
#   Decrease Java thread stack sizes (-Xss)
#   Set larger code cache with -XX:ReservedCodeCacheSize=
#   JVM is running with Zero Based Compressed Oops mode in which the Java heap is
#     placed in the first 32GB address space. The Java Heap base address is the
#     maximum limit for the native heap growth. Please use -XX:HeapBaseMinAddress
#     to set the Java Heap base and to place the Java Heap above 32GB virtual address.
# This output file may be truncated or incomplete.
#
#  Out of Memory Error (t:/workspace/open/src/hotspot/os/windows/os_windows.cpp:3269), pid=15616, tid=21104
#
# JRE version: OpenJDK Runtime Environment (11.0.2+9) (build 11.0.2+9)
# Java VM: OpenJDK 64-Bit Server VM (11.0.2+9, mixed mode, tiered, compressed oops, g1 gc, windows-amd64)
# No core dump will be written. Minidumps are not enabled by default on client versions of Windows
#

---------------  S U M M A R Y ------------

Command Line: -Xmx4096m --illegal-access=deny -DlanguageId_xjal=en0m0kzv -DflowchartCountersVisible_xjal=true -DbuiltInTileCachePath_xjal=C:\Program Files\AnyLogic 8.7 University\plugins\com.anylogic.gis_8.7.11.202204112018\tiles -DflowchartPortStateAnimated_xjal=true -DenableWarnings_xjal=true -DenableObject3DLod_xjal=true -DstandaloneBrowserPath_xjal=C:/Program Files/AnyLogic 8.7 University/chromium/chromium-win64/chrome.exe -DstandaloneBrowserCommandArguments_xjal=--app=$1 -DanylogicIncomingPort_xjal=7880 -DbrowserUserDataPath_xjal=--user-data-dir=C:\Users\Mels\.AnyLogicUniversity\Workspace8.7\chromium\userData -DuseProxy_xjal=false -Dfile.encoding=Cp1252 com.anylogic.ms.MS brabant_buurtmodel_ui.Simulation 1a40458

Host: Intel(R) Core(TM) i7-7700HQ CPU @ 2.80GHz, 8 cores, 7G,  Windows 10 , 64 bit Build 19041 (10.0.19041.1645)
Time: Tue May  3 12:33:39 2022 W. Europe Summer Time elapsed time: 39 seconds (0d 0h 0m 39s)

---------------  T H R E A D  ---------------

Current thread (0x000001fe9953b000):  VMThread "VM Thread" [stack: 0x000000184b000000,0x000000184b100000] [id=21104]

Stack: [0x000000184b000000,0x000000184b100000]
[error occurred during error reporting (printing stack bounds), id 0xc0000005, EXCEPTION_ACCESS_VIOLATION (0xc0000005) at pc=0x000001fe80000bad]

Native frames: (J=compiled Java code, j=interpreted, Vv=VM code, C=native code)
V  [jvm.dll+0x63489a]
V  [jvm.dll+0x771f9f]
V  [jvm.dll+0x773648]
V  [jvm.dll+0x773c65]
V  [jvm.dll+0x773c1b]
V  [jvm.dll+0x633fa6]
V  [jvm.dll+0x634368]
C  [ntdll.dll+0xa20cf]
C  [ntdll.dll+0x51454]
C  [ntdll.dll+0xa0bfe]
C  0x000001fe80000bad

VM_Operation (0x000000184d9fdb60): G1CollectForAllocation, mode: safepoint, requested by thread 0x000001fe9b192800


---------------  P R O C E S S  ---------------

Threads class SMR info:
_java_thread_list=0x000001fe9c99d990, length=44, elements={
0x000001fe99d43800, 0x000001fe99d45000, 0x000001fe99dcf800, 0x000001fe99dd0800,
0x000001fe99d83000, 0x000001fe99dd4000, 0x000001fe99dd8000, 0x000001fe99f31000,
0x000001fe99f34800, 0x000001fe9b0d5000, 0x000001fef52df000, 0x000001fe9c744000,
0x000001fe9b1be000, 0x000001fe9b1bb800, 0x000001fe9b1bd800, 0x000001fe9b1bc800,
0x000001fe9b1bf000, 0x000001fe9b1bf800, 0x000001fe9b1c0800, 0x000001fe9b1bb000,
0x000001fe9b1c1800, 0x000001fe9b18c800, 0x000001fe9b188800, 0x000001fe9b18a000,
0x000001fe9b189800, 0x000001fe9b191000, 0x000001fe9b190000, 0x000001fe9b18e800,
0x000001fe9b18f000, 0x000001fe9b18b000, 0x000001fe9b196800, 0x000001fe9b195800,
0x000001fe9b191800, 0x000001fe9b18c000, 0x000001fe9b192800, 0x000001fe9b193000,
0x000001fe9b18d800, 0x000001fe9b195000, 0x000001fe9b197800, 0x000001fe9b194000,
0x000001fe9a13e800, 0x000001fe9b988000, 0x000001fe9cbdc000, 0x000001fe9cbdd000
}

Java Threads: ( => current thread )
  0x000001fe99d43800 JavaThread "Reference Handler" daemon [_thread_blocked, id=25432, stack(0x000000184b100000,0x000000184b200000)]
  0x000001fe99d45000 JavaThread "Finalizer" daemon [_thread_blocked, id=9400, stack(0x000000184b200000,0x000000184b300000)]
  0x000001fe99dcf800 JavaThread "Signal Dispatcher" daemon [_thread_blocked, id=20596, stack(0x000000184b300000,0x000000184b400000)]
  0x000001fe99dd0800 JavaThread "Attach Listener" daemon [_thread_blocked, id=17784, stack(0x000000184b400000,0x000000184b500000)]
  0x000001fe99d83000 JavaThread "C2 CompilerThread0" daemon [_thread_in_native, id=24776, stack(0x000000184b500000,0x000000184b600000)]
  0x000001fe99dd4000 JavaThread "C1 CompilerThread0" daemon [_thread_blocked, id=5712, stack(0x000000184b600000,0x000000184b700000)]
  0x000001fe99dd8000 JavaThread "Sweeper thread" daemon [_thread_blocked, id=13872, stack(0x000000184b700000,0x000000184b800000)]
  0x000001fe99f31000 JavaThread "Service Thread" daemon [_thread_blocked, id=22952, stack(0x000000184b800000,0x000000184b900000)]
  0x000001fe99f34800 JavaThread "Common-Cleaner" daemon [_thread_blocked, id=9372, stack(0x000000184ba00000,0x000000184bb00000)]
  0x000001fe9b0d5000 JavaThread "Thread-0" [_thread_blocked, id=21056, stack(0x000000184c000000,0x000000184c100000)]
  0x000001fef52df000 JavaThread "DestroyJavaVM" [_thread_blocked, id=24736, stack(0x000000184aa00000,0x000000184ab00000)]
  0x000001fe9c744000 JavaThread "qtp547233540-18" [_thread_blocked, id=22004, stack(0x000000184c300000,0x000000184c400000)]
  0x000001fe9b1be000 JavaThread "qtp547233540-19" [_thread_blocked, id=22372, stack(0x000000184c400000,0x000000184c500000)]
  0x000001fe9b1bb800 JavaThread "qtp547233540-20-acceptor-0@fcabcb8-ServerConnector@604f5e2b{HTTP/1.1, (http/1.1)}{0.0.0.0:20336}" [_thread_in_native, id=15428, stack(0x000000184c500000,0x000000184c600000)]
  0x000001fe9b1bd800 JavaThread "qtp547233540-21" [_thread_blocked, id=14968, stack(0x000000184c600000,0x000000184c700000)]
  0x000001fe9b1bc800 JavaThread "qtp547233540-22" [_thread_blocked, id=21992, stack(0x000000184c700000,0x000000184c800000)]
  0x000001fe9b1bf000 JavaThread "qtp547233540-23" [_thread_blocked, id=11004, stack(0x000000184c800000,0x000000184c900000)]
  0x000001fe9b1bf800 JavaThread "qtp547233540-24" [_thread_blocked, id=17016, stack(0x000000184c900000,0x000000184ca00000)]
  0x000001fe9b1c0800 JavaThread "qtp547233540-25" [_thread_blocked, id=7584, stack(0x000000184ca00000,0x000000184cb00000)]
  0x000001fe9b1bb000 JavaThread "Session-HouseKeeper-778c2c55-1" [_thread_blocked, id=24280, stack(0x000000184cb00000,0x000000184cc00000)]
  0x000001fe9b1c1800 JavaThread "Java2D Disposer" daemon [_thread_blocked, id=13612, stack(0x000000184cc00000,0x000000184cd00000)]
  0x000001fe9b18c800 JavaThread "AWT-Windows" daemon [_thread_in_native, id=13956, stack(0x000000184ce00000,0x000000184cf00000)]
  0x000001fe9b188800 JavaThread "Connector-Scheduler-604f5e2b-1" [_thread_blocked, id=12436, stack(0x000000184bb00000,0x000000184bc00000)]
  0x000001fe9b18a000 JavaThread "qtp547233540-32" [_thread_in_native, id=15724, stack(0x000000184d300000,0x000000184d400000)]
  0x000001fe9b189800 JavaThread "qtp547233540-33" [_thread_in_native, id=23736, stack(0x000000184d400000,0x000000184d500000)]
  0x000001fe9b191000 JavaThread "qtp547233540-34" [_thread_in_native, id=14996, stack(0x000000184d500000,0x000000184d600000)]
  0x000001fe9b190000 JavaThread "Frame Collector" [_thread_blocked, id=17160, stack(0x000000184d800000,0x000000184d900000)]
  0x000001fe9b18e800 JavaThread "qtp547233540-39" [_thread_blocked, id=19536, stack(0x000000184db00000,0x000000184dc00000)]
  0x000001fe9b18f000 JavaThread "qtp547233540-40" [_thread_blocked, id=18268, stack(0x000000184dc00000,0x000000184dd00000)]
  0x000001fe9b18b000 JavaThread "qtp547233540-41" [_thread_blocked, id=20368, stack(0x000000184dd00000,0x000000184de00000)]
  0x000001fe9b196800 JavaThread "qtp547233540-44" [_thread_in_native, id=19668, stack(0x000000184df00000,0x000000184e000000)]
  0x000001fe9b195800 JavaThread "qtp547233540-43" [_thread_blocked, id=23904, stack(0x000000184e000000,0x000000184e100000)]
  0x000001fe9b191800 JavaThread "qtp547233540-46" [_thread_blocked, id=6508, stack(0x000000184d700000,0x000000184d800000)]
  0x000001fe9b18c000 JavaThread "gis-tile-loading-0" [_thread_blocked, id=21288, stack(0x000000184cf00000,0x000000184d000000)]
  0x000001fe9b192800 JavaThread "gis-tile-loading-1" [_thread_blocked, id=15776, stack(0x000000184d900000,0x000000184da00000)]
  0x000001fe9b193000 JavaThread "gis-tile-loading-2" [_thread_blocked, id=25280, stack(0x000000184da00000,0x000000184db00000)]
  0x000001fe9b18d800 JavaThread "gis-tile-loading-3" [_thread_blocked, id=25212, stack(0x000000184de00000,0x000000184df00000)]
  0x000001fe9b195000 JavaThread "gis-tile-loading-4" [_thread_blocked, id=19488, stack(0x000000184e100000,0x000000184e200000)]
  0x000001fe9b197800 JavaThread "gis-tile-loading-5" [_thread_blocked, id=20468, stack(0x000000184e200000,0x000000184e300000)]
  0x000001fe9b194000 JavaThread "gis-tile-loading-6" [_thread_blocked, id=16128, stack(0x000000184e300000,0x000000184e400000)]
  0x000001fe9a13e800 JavaThread "C2 CompilerThread1" daemon [_thread_blocked, id=21252, stack(0x000000184e400000,0x000000184e500000)]
  0x000001fe9b988000 JavaThread "C2 CompilerThread2" daemon [_thread_blocked, id=4876, stack(0x000000184e500000,0x000000184e600000)]
  0x000001fe9cbdc000 JavaThread "AWT-Shutdown" [_thread_blocked, id=4100, stack(0x000000184e800000,0x000000184e900000)]
  0x000001fe9cbdd000 JavaThread "AWT-EventQueue-0" [_thread_blocked, id=2276, stack(0x000000184e900000,0x000000184ea00000)]

Other Threads:
=>0x000001fe9953b000 VMThread "VM Thread" [stack: 0x000000184b000000,0x000000184b100000] [id=21104]
  0x000001fe99f32000 WatcherThread [stack: 0x000000184b900000,0x000000184ba00000] [id=4884]
  0x000001fef52f6000 GCTaskThread "GC Thread#0" [stack: 0x000000184ab00000,0x000000184ac00000] [id=21376]
  0x000001fe9b141800 GCTaskThread "GC Thread#1" [stack: 0x000000184be00000,0x000000184bf00000] [id=4088]
  0x000001fe9ae9f000 GCTaskThread "GC Thread#2" [stack: 0x000000184bf00000,0x000000184c000000] [id=22696]
  0x000001fe9c7b6000 GCTaskThread "GC Thread#3" [stack: 0x000000184c100000,0x000000184c200000] [id=3504]
  0x000001fe9b9e6000 GCTaskThread "GC Thread#4" [stack: 0x000000184bc00000,0x000000184bd00000] [id=2132]
  0x000001fe9f588000 GCTaskThread "GC Thread#5" [stack: 0x000000184cd00000,0x000000184ce00000] [id=18900]
  0x000001fe9f58a000 GCTaskThread "GC Thread#6" [stack: 0x000000184d100000,0x000000184d200000] [id=25176]
  0x000001fe9f595800 GCTaskThread "GC Thread#7" [stack: 0x000000184d200000,0x000000184d300000] [id=11056]
  0x000001fef5353000 ConcurrentGCThread "G1 Main Marker" [stack: 0x000000184ac00000,0x000000184ad00000] [id=7732]
  0x000001fef5356000 ConcurrentGCThread "G1 Conc#0" [stack: 0x000000184ad00000,0x000000184ae00000] [id=21080]
  0x000001fe9d750800 ConcurrentGCThread "G1 Conc#1" [stack: 0x000000184c200000,0x000000184c300000] [id=24796]
  0x000001fe993a0800 ConcurrentGCThread "G1 Refine#0" [stack: 0x000000184ae00000,0x000000184af00000] [id=296]
  0x000001fe9fca6000 ConcurrentGCThread "G1 Refine#1" [stack: 0x000000184e600000,0x000000184e700000] [id=14784]
  0x000001fe9a112000 ConcurrentGCThread "G1 Refine#2" [stack: 0x000000184e700000,0x000000184e800000] [id=2328]
  0x000001fe993a1000 ConcurrentGCThread "G1 Young RemSet Sampling" [stack: 0x000000184af00000,0x000000184b000000] [id=20136]

Threads with active compile tasks:
C2 CompilerThread06106       4       sun.java2d.marlin.DRenderer::_endRendering (2480 bytes)
C2 CompilerThread16114       4       sun.awt.SunHints$Value::hashCode (5 bytes)
C2 CompilerThread26116       4       javax.swing.UIDefaults$TextAndMnemonicHashMap::get (358 bytes)

VM state:at safepoint (normal execution)

VM Mutex/Monitor currently owned by a thread:  ([mutex/lock_event])
[0x000001fef52dc1d0] Threads_lock - owner thread: 0x000001fe9953b000
[0x000001fef52dc2f0] Heap_lock - owner thread: 0x000001fe9b192800

Heap address: 0x0000000700000000, size: 4096 MB, Compressed Oops mode: Zero based, Oop shift amount: 3
Narrow klass base: 0x0000000800000000, Narrow klass shift: 0
Compressed class space size: 1073741824 Address: 0x0000000800000000

Heap:
 garbage-first heap   total 1179648K, used 204713K [0x0000000700000000, 0x0000000800000000)
  region size 1024K, 12 young (12288K), 12 survivors (12288K)
 Metaspace       used 44243K, capacity 45011K, committed 45308K, reserved 1089536K
  class space    used 4728K, capacity 5063K, committed 5116K, reserved 1048576K
Heap Regions: E=young(eden), S=young(survivor), O=old, HS=humongous(starts), HC=humongous(continues), CS=collection set, F=free, A=archive, TAMS=top-at-mark-start (previous, next)
|   0|0x0000000700000000, 0x0000000700100000, 0x0000000700100000|100%| O|  |TAMS 0x0000000700100000, 0x0000000700000000| Untracked 
|   1|0x0000000700100000, 0x0000000700200000, 0x0000000700200000|100%|HS|  |TAMS 0x0000000700200000, 0x0000000700100000| Complete 
|   2|0x0000000700200000, 0x0000000700300000, 0x0000000700300000|100%| O|  |TAMS 0x0000000700300000, 0x0000000700200000| Untracked 
|   3|0x0000000700300000, 0x0000000700400000, 0x0000000700400000|100%| O|  |TAMS 0x0000000700400000, 0x0000000700300000| Untracked 
|   4|0x0000000700400000, 0x0000000700500000, 0x0000000700500000|100%| O|  |TAMS 0x0000000700500000, 0x0000000700400000| Untracked 
|   5|0x0000000700500000, 0x0000000700600000, 0x0000000700600000|100%| O|  |TAMS 0x0000000700600000, 0x0000000700500000| Untracked 
|   6|0x0000000700600000, 0x0000000700700000, 0x0000000700700000|100%| O|  |TAMS 0x0000000700700000, 0x0000000700600000| Untracked 
|   7|0x0000000700700000, 0x0000000700800000, 0x0000000700800000|100%| O|  |TAMS 0x0000000700800000, 0x0000000700700000| Untracked 
|   8|0x0000000700800000, 0x0000000700900000, 0x0000000700900000|100%| O|  |TAMS 0x0000000700900000, 0x0000000700800000| Untracked 
|   9|0x0000000700900000, 0x0000000700a00000, 0x0000000700a00000|100%| O|  |TAMS 0x0000000700a00000, 0x0000000700900000| Untracked 
|  10|0x0000000700a00000, 0x0000000700b00000, 0x0000000700b00000|100%| O|  |TAMS 0x0000000700b00000, 0x0000000700a00000| Untracked 
|  11|0x0000000700b00000, 0x0000000700c00000, 0x0000000700c00000|100%| O|  |TAMS 0x0000000700c00000, 0x0000000700b00000| Untracked 
|  12|0x0000000700c00000, 0x0000000700d00000, 0x0000000700d00000|100%| O|  |TAMS 0x0000000700d00000, 0x0000000700c00000| Untracked 
|  13|0x0000000700d00000, 0x0000000700e00000, 0x0000000700e00000|100%| O|  |TAMS 0x0000000700e00000, 0x0000000700d00000| Untracked 
|  14|0x0000000700e00000, 0x0000000700f00000, 0x0000000700f00000|100%| O|  |TAMS 0x0000000700f00000, 0x0000000700e00000| Untracked 
|  15|0x0000000700f00000, 0x0000000701000000, 0x0000000701000000|100%| O|  |TAMS 0x0000000701000000, 0x0000000700f00000| Untracked 
|  16|0x0000000701000000, 0x0000000701100000, 0x0000000701100000|100%| O|  |TAMS 0x0000000701100000, 0x0000000701000000| Untracked 
|  17|0x0000000701100000, 0x0000000701200000, 0x0000000701200000|100%| O|  |TAMS 0x0000000701200000, 0x0000000701100000| Untracked 
|  18|0x0000000701200000, 0x0000000701300000, 0x0000000701300000|100%| O|  |TAMS 0x0000000701300000, 0x0000000701200000| Untracked 
|  19|0x0000000701300000, 0x0000000701400000, 0x0000000701400000|100%| O|  |TAMS 0x0000000701400000, 0x0000000701300000| Untracked 
|  20|0x0000000701400000, 0x0000000701500000, 0x0000000701500000|100%| O|  |TAMS 0x0000000701500000, 0x0000000701400000| Untracked 
|  21|0x0000000701500000, 0x0000000701600000, 0x0000000701600000|100%| O|  |TAMS 0x0000000701600000, 0x0000000701500000| Untracked 
|  22|0x0000000701600000, 0x0000000701700000, 0x0000000701700000|100%| O|  |TAMS 0x0000000701700000, 0x0000000701600000| Untracked 
|  23|0x0000000701700000, 0x0000000701800000, 0x0000000701800000|100%| O|  |TAMS 0x0000000701800000, 0x0000000701700000| Untracked 
|  24|0x0000000701800000, 0x0000000701900000, 0x0000000701900000|100%| O|  |TAMS 0x0000000701900000, 0x0000000701800000| Untracked 
|  25|0x0000000701900000, 0x0000000701a00000, 0x0000000701a00000|100%| O|  |TAMS 0x0000000701a00000, 0x0000000701900000| Untracked 
|  26|0x0000000701a00000, 0x0000000701b00000, 0x0000000701b00000|100%| O|  |TAMS 0x0000000701b00000, 0x0000000701a00000| Untracked 
|  27|0x0000000701b00000, 0x0000000701c00000, 0x0000000701c00000|100%| O|  |TAMS 0x0000000701c00000, 0x0000000701b00000| Untracked 
|  28|0x0000000701c00000, 0x0000000701d00000, 0x0000000701d00000|100%| O|  |TAMS 0x0000000701d00000, 0x0000000701c00000| Untracked 
|  29|0x0000000701d00000, 0x0000000701e00000, 0x0000000701e00000|100%| O|  |TAMS 0x0000000701e00000, 0x0000000701d00000| Untracked 
|  30|0x0000000701e00000, 0x0000000701f00000, 0x0000000701f00000|100%| O|  |TAMS 0x0000000701f00000, 0x0000000701e00000| Untracked 
|  31|0x0000000701f00000, 0x0000000702000000, 0x0000000702000000|100%| O|  |TAMS 0x0000000702000000, 0x0000000701f00000| Untracked 
|  32|0x0000000702000000, 0x0000000702100000, 0x0000000702100000|100%| O|  |TAMS 0x0000000702100000, 0x0000000702000000| Untracked 
|  33|0x0000000702100000, 0x0000000702200000, 0x0000000702200000|100%| O|  |TAMS 0x0000000702200000, 0x0000000702100000| Untracked 
|  34|0x0000000702200000, 0x0000000702300000, 0x0000000702300000|100%| O|  |TAMS 0x0000000702300000, 0x0000000702200000| Complete 
|  35|0x0000000702300000, 0x0000000702400000, 0x0000000702400000|100%| O|  |TAMS 0x0000000702400000, 0x0000000702300000| Untracked 
|  36|0x0000000702400000, 0x0000000702500000, 0x0000000702500000|100%| O|  |TAMS 0x0000000702500000, 0x0000000702400000| Untracked 
|  37|0x0000000702500000, 0x0000000702600000, 0x0000000702600000|100%| O|  |TAMS 0x0000000702600000, 0x0000000702500000| Untracked 
|  38|0x0000000702600000, 0x0000000702700000, 0x0000000702700000|100%| O|  |TAMS 0x0000000702700000, 0x0000000702600000| Untracked 
|  39|0x0000000702700000, 0x0000000702800000, 0x0000000702800000|100%| O|  |TAMS 0x0000000702800000, 0x0000000702700000| Complete 
|  40|0x0000000702800000, 0x0000000702900000, 0x0000000702900000|100%| O|  |TAMS 0x0000000702900000, 0x0000000702800000| Complete 
|  41|0x0000000702900000, 0x0000000702a00000, 0x0000000702a00000|100%| O|  |TAMS 0x0000000702a00000, 0x0000000702900000| Complete 
|  42|0x0000000702a00000, 0x0000000702b00000, 0x0000000702b00000|100%| O|  |TAMS 0x0000000702b00000, 0x0000000702a00000| Complete 
|  43|0x0000000702b00000, 0x0000000702c00000, 0x0000000702c00000|100%| O|  |TAMS 0x0000000702c00000, 0x0000000702b00000| Untracked 
|  44|0x0000000702c00000, 0x0000000702d00000, 0x0000000702d00000|100%|HS|  |TAMS 0x0000000702d00000, 0x0000000702c00000| Complete 
|  45|0x0000000702d00000, 0x0000000702e00000, 0x0000000702e00000|100%|HC|  |TAMS 0x0000000702e00000, 0x0000000702d00000| Complete 
|  46|0x0000000702e00000, 0x0000000702f00000, 0x0000000702f00000|100%|HC|  |TAMS 0x0000000702f00000, 0x0000000702e00000| Complete 
|  47|0x0000000702f00000, 0x0000000703000000, 0x0000000703000000|100%|HC|  |TAMS 0x0000000703000000, 0x0000000702f00000| Complete 
|  48|0x0000000703000000, 0x0000000703100000, 0x0000000703100000|100%|HS|  |TAMS 0x0000000703000000, 0x0000000703000000| Complete 
|  49|0x0000000703100000, 0x0000000703200000, 0x0000000703200000|100%|HC|  |TAMS 0x0000000703100000, 0x0000000703100000| Complete 
|  50|0x0000000703200000, 0x0000000703300000, 0x0000000703300000|100%|HC|  |TAMS 0x0000000703200000, 0x0000000703200000| Complete 
|  51|0x0000000703300000, 0x0000000703400000, 0x0000000703400000|100%|HC|  |TAMS 0x0000000703300000, 0x0000000703300000| Complete 
|  52|0x0000000703400000, 0x0000000703500000, 0x0000000703500000|100%|HS|  |TAMS 0x0000000703400000, 0x0000000703400000| Complete 
|  53|0x0000000703500000, 0x0000000703600000, 0x0000000703600000|100%|HC|  |TAMS 0x0000000703500000, 0x0000000703500000| Complete 
|  54|0x0000000703600000, 0x0000000703700000, 0x0000000703700000|100%|HC|  |TAMS 0x0000000703600000, 0x0000000703600000| Complete 
|  55|0x0000000703700000, 0x0000000703800000, 0x0000000703800000|100%|HC|  |TAMS 0x0000000703700000, 0x0000000703700000| Complete 
|  56|0x0000000703800000, 0x0000000703900000, 0x0000000703900000|100%|HS|  |TAMS 0x0000000703800000, 0x0000000703800000| Complete 
|  57|0x0000000703900000, 0x0000000703a00000, 0x0000000703a00000|100%|HC|  |TAMS 0x0000000703900000, 0x0000000703900000| Complete 
|  58|0x0000000703a00000, 0x0000000703b00000, 0x0000000703b00000|100%|HC|  |TAMS 0x0000000703a00000, 0x0000000703a00000| Complete 
|  59|0x0000000703b00000, 0x0000000703c00000, 0x0000000703c00000|100%|HC|  |TAMS 0x0000000703b00000, 0x0000000703b00000| Complete 
|  60|0x0000000703c00000, 0x0000000703d00000, 0x0000000703d00000|100%|HS|  |TAMS 0x0000000703c00000, 0x0000000703c00000| Complete 
|  61|0x0000000703d00000, 0x0000000703e00000, 0x0000000703e00000|100%|HC|  |TAMS 0x0000000703d00000, 0x0000000703d00000| Complete 
|  62|0x0000000703e00000, 0x0000000703f00000, 0x0000000703f00000|100%|HC|  |TAMS 0x0000000703e00000, 0x0000000703e00000| Complete 
|  63|0x0000000703f00000, 0x0000000704000000, 0x0000000704000000|100%|HC|  |TAMS 0x0000000703f00000, 0x0000000703f00000| Complete 
|  64|0x0000000704000000, 0x0000000704100000, 0x0000000704100000|100%| O|  |TAMS 0x0000000704100000, 0x0000000704000000| Complete 
|  65|0x0000000704100000, 0x0000000704200000, 0x0000000704200000|100%| O|  |TAMS 0x0000000704200000, 0x0000000704100000| Complete 
|  66|0x0000000704200000, 0x0000000704300000, 0x0000000704300000|100%| O|  |TAMS 0x0000000704300000, 0x0000000704200000| Untracked 
|  67|0x0000000704300000, 0x0000000704400000, 0x0000000704400000|100%| O|  |TAMS 0x0000000704400000, 0x0000000704300000| Untracked 
|  68|0x0000000704400000, 0x0000000704500000, 0x0000000704500000|100%| O|  |TAMS 0x0000000704500000, 0x0000000704400000| Untracked 
|  69|0x0000000704500000, 0x0000000704600000, 0x0000000704600000|100%| O|  |TAMS 0x0000000704600000, 0x0000000704500000| Untracked 
|  70|0x0000000704600000, 0x0000000704700000, 0x0000000704700000|100%| O|  |TAMS 0x0000000704700000, 0x0000000704600000| Complete 
|  71|0x0000000704700000, 0x0000000704800000, 0x0000000704800000|100%|HS|  |TAMS 0x0000000704800000, 0x0000000704700000| Complete 
|  72|0x0000000704800000, 0x0000000704900000, 0x0000000704900000|100%|HC|  |TAMS 0x0000000704900000, 0x0000000704800000| Complete 
|  73|0x0000000704900000, 0x0000000704a00000, 0x0000000704a00000|100%|HC|  |TAMS 0x0000000704a00000, 0x0000000704900000| Complete 
|  74|0x0000000704a00000, 0x0000000704b00000, 0x0000000704b00000|100%|HC|  |TAMS 0x0000000704b00000, 0x0000000704a00000| Complete 
|  75|0x0000000704b00000, 0x0000000704c00000, 0x0000000704c00000|100%| O|  |TAMS 0x0000000704c00000, 0x0000000704b00000| Complete 
|  76|0x0000000704c00000, 0x0000000704d00000, 0x0000000704d00000|100%| O|  |TAMS 0x0000000704d00000, 0x0000000704c00000| Complete 
|  77|0x0000000704d00000, 0x0000000704e00000, 0x0000000704e00000|100%| O|  |TAMS 0x0000000704e00000, 0x0000000704d00000| Complete 
|  78|0x0000000704e00000, 0x0000000704f00000, 0x0000000704f00000|100%| O|  |TAMS 0x0000000704f00000, 0x0000000704e00000| Complete 
|  79|0x0000000704f00000, 0x0000000705000000, 0x0000000705000000|100%| O|  |TAMS 0x0000000705000000, 0x0000000704f00000| Complete 
|  80|0x0000000705000000, 0x0000000705100000, 0x0000000705100000|100%| O|  |TAMS 0x0000000705100000, 0x0000000705000000| Complete 
|  81|0x0000000705100000, 0x0000000705200000, 0x0000000705200000|100%| O|  |TAMS 0x0000000705100000, 0x0000000705100000| Untracked 
|  82|0x0000000705200000, 0x0000000705300000, 0x0000000705300000|100%| O|  |TAMS 0x0000000705200000, 0x0000000705200000| Untracked 
|  83|0x0000000705300000, 0x0000000705400000, 0x0000000705400000|100%| O|  |TAMS 0x0000000705400000, 0x0000000705300000| Complete 
|  84|0x0000000705400000, 0x0000000705500000, 0x0000000705500000|100%| O|  |TAMS 0x0000000705500000, 0x0000000705400000| Complete 
|  85|0x0000000705500000, 0x0000000705600000, 0x0000000705600000|100%| O|  |TAMS 0x0000000705600000, 0x0000000705500000| Complete 
|  86|0x0000000705600000, 0x0000000705700000, 0x0000000705700000|100%| O|  |TAMS 0x0000000705700000, 0x0000000705600000| Complete 
|  87|0x0000000705700000, 0x0000000705800000, 0x0000000705800000|100%| O|  |TAMS 0x0000000705800000, 0x0000000705700000| Complete 
|  88|0x0000000705800000, 0x0000000705900000, 0x0000000705900000|100%| O|  |TAMS 0x0000000705900000, 0x0000000705800000| Complete 
|  89|0x0000000705900000, 0x0000000705a00000, 0x0000000705a00000|100%| O|  |TAMS 0x0000000705a00000, 0x0000000705900000| Untracked 
|  90|0x0000000705a00000, 0x0000000705b00000, 0x0000000705b00000|100%| O|  |TAMS 0x0000000705b00000, 0x0000000705a00000| Untracked 
|  91|0x0000000705b00000, 0x0000000705c00000, 0x0000000705c00000|100%| O|  |TAMS 0x0000000705c00000, 0x0000000705b00000| Complete 
|  92|0x0000000705c00000, 0x0000000705d00000, 0x0000000705d00000|100%|HS|  |TAMS 0x0000000705c00000, 0x0000000705c00000| Complete 
|  93|0x0000000705d00000, 0x0000000705e00000, 0x0000000705e00000|100%|HC|  |TAMS 0x0000000705d00000, 0x0000000705d00000| Complete 
|  94|0x0000000705e00000, 0x0000000705f00000, 0x0000000705f00000|100%|HC|  |TAMS 0x0000000705e00000, 0x0000000705e00000| Complete 
|  95|0x0000000705f00000, 0x0000000706000000, 0x0000000706000000|100%|HC|  |TAMS 0x0000000705f00000, 0x0000000705f00000| Complete 
|  96|0x0000000706000000, 0x0000000706100000, 0x0000000706100000|100%| O|  |TAMS 0x0000000706100000, 0x0000000706000000| Complete 
|  97|0x0000000706100000, 0x0000000706200000, 0x0000000706200000|100%| O|  |TAMS 0x0000000706200000, 0x0000000706100000| Complete 
|  98|0x0000000706200000, 0x0000000706300000, 0x0000000706300000|100%|HS|  |TAMS 0x0000000706200000, 0x0000000706200000| Complete 
|  99|0x0000000706300000, 0x0000000706400000, 0x0000000706400000|100%|HC|  |TAMS 0x0000000706300000, 0x0000000706300000| Complete 
| 100|0x0000000706400000, 0x0000000706500000, 0x0000000706500000|100%|HC|  |TAMS 0x0000000706400000, 0x0000000706400000| Complete 
| 101|0x0000000706500000, 0x0000000706600000, 0x0000000706600000|100%|HC|  |TAMS 0x0000000706500000, 0x0000000706500000| Complete 
| 102|0x0000000706600000, 0x0000000706700000, 0x0000000706700000|100%| O|  |TAMS 0x0000000706600000, 0x0000000706600000| Untracked 
| 103|0x0000000706700000, 0x0000000706800000, 0x0000000706800000|100%| O|  |TAMS 0x0000000706700000, 0x0000000706700000| Untracked 
| 104|0x0000000706800000, 0x0000000706800000, 0x0000000706900000|  0%| F|  |TAMS 0x0000000706800000, 0x0000000706800000| Untracked 
| 105|0x0000000706900000, 0x0000000706900000, 0x0000000706a00000|  0%| F|  |TAMS 0x0000000706900000, 0x0000000706900000| Untracked 
| 106|0x0000000706a00000, 0x0000000706a00000, 0x0000000706b00000|  0%| F|  |TAMS 0x0000000706a00000, 0x0000000706a00000| Untracked 
| 107|0x0000000706b00000, 0x0000000706b00000, 0x0000000706c00000|  0%| F|  |TAMS 0x0000000706b00000, 0x0000000706b00000| Untracked 
| 108|0x0000000706c00000, 0x0000000706d00000, 0x0000000706d00000|100%| O|  |TAMS 0x0000000706d00000, 0x0000000706c00000| Complete 
| 109|0x0000000706d00000, 0x0000000706e00000, 0x0000000706e00000|100%|HS|  |TAMS 0x0000000706e00000, 0x0000000706d00000| Complete 
| 110|0x0000000706e00000, 0x0000000706f00000, 0x0000000706f00000|100%|HC|  |TAMS 0x0000000706f00000, 0x0000000706e00000| Complete 
| 111|0x0000000706f00000, 0x0000000707000000, 0x0000000707000000|100%|HC|  |TAMS 0x0000000707000000, 0x0000000706f00000| Complete 
| 112|0x0000000707000000, 0x0000000707100000, 0x0000000707100000|100%|HC|  |TAMS 0x0000000707100000, 0x0000000707000000| Complete 
| 113|0x0000000707100000, 0x0000000707200000, 0x0000000707200000|100%| O|  |TAMS 0x0000000707200000, 0x0000000707100000| Untracked 
| 114|0x0000000707200000, 0x0000000707300000, 0x0000000707300000|100%| O|  |TAMS 0x0000000707300000, 0x0000000707200000| Complete 
| 115|0x0000000707300000, 0x0000000707400000, 0x0000000707400000|100%| O|  |TAMS 0x0000000707400000, 0x0000000707300000| Complete 
| 116|0x0000000707400000, 0x0000000707500000, 0x0000000707500000|100%| O|  |TAMS 0x0000000707500000, 0x0000000707400000| Complete 
| 117|0x0000000707500000, 0x0000000707600000, 0x0000000707600000|100%| O|  |TAMS 0x0000000707600000, 0x0000000707500000| Complete 
| 118|0x0000000707600000, 0x0000000707700000, 0x0000000707700000|100%| O|  |TAMS 0x0000000707700000, 0x0000000707600000| Complete 
| 119|0x0000000707700000, 0x0000000707800000, 0x0000000707800000|100%| O|  |TAMS 0x0000000707800000, 0x0000000707700000| Complete 
| 120|0x0000000707800000, 0x0000000707900000, 0x0000000707900000|100%|HS|  |TAMS 0x0000000707900000, 0x0000000707800000| Complete 
| 121|0x0000000707900000, 0x0000000707a00000, 0x0000000707a00000|100%|HC|  |TAMS 0x0000000707a00000, 0x0000000707900000| Complete 
| 122|0x0000000707a00000, 0x0000000707b00000, 0x0000000707b00000|100%|HC|  |TAMS 0x0000000707b00000, 0x0000000707a00000| Complete 
| 123|0x0000000707b00000, 0x0000000707c00000, 0x0000000707c00000|100%|HC|  |TAMS 0x0000000707c00000, 0x0000000707b00000| Complete 
| 124|0x0000000707c00000, 0x0000000707d00000, 0x0000000707d00000|100%| O|  |TAMS 0x0000000707d00000, 0x0000000707c00000| Untracked 
| 125|0x0000000707d00000, 0x0000000707e00000, 0x0000000707e00000|100%| O|  |TAMS 0x0000000707e00000, 0x0000000707d00000| Untracked 
| 126|0x0000000707e00000, 0x0000000707f00000, 0x0000000707f00000|100%| O|  |TAMS 0x0000000707f00000, 0x0000000707e00000| Untracked 
| 127|0x0000000707f00000, 0x0000000708000000, 0x0000000708000000|100%| O|  |TAMS 0x0000000707f00000, 0x0000000707f00000| Untracked 
| 128|0x0000000708000000, 0x0000000708100000, 0x0000000708100000|100%| O|  |TAMS 0x0000000708000000, 0x0000000708000000| Untracked 
| 129|0x0000000708100000, 0x0000000708200000, 0x0000000708200000|100%| O|  |TAMS 0x0000000708100000, 0x0000000708100000| Untracked 
| 130|0x0000000708200000, 0x0000000708300000, 0x0000000708300000|100%| O|  |TAMS 0x0000000708200000, 0x0000000708200000| Untracked 
| 131|0x0000000708300000, 0x0000000708400000, 0x0000000708400000|100%| O|  |TAMS 0x0000000708400000, 0x0000000708300000| Complete 
| 132|0x0000000708400000, 0x0000000708500000, 0x0000000708500000|100%| O|  |TAMS 0x0000000708500000, 0x0000000708400000| Complete 
| 133|0x0000000708500000, 0x0000000708600000, 0x0000000708600000|100%| O|  |TAMS 0x0000000708600000, 0x0000000708500000| Complete 
| 134|0x0000000708600000, 0x0000000708700000, 0x0000000708700000|100%| O|  |TAMS 0x0000000708700000, 0x0000000708600000| Complete 
| 135|0x0000000708700000, 0x0000000708800000, 0x0000000708800000|100%| O|  |TAMS 0x0000000708800000, 0x0000000708700000| Complete 
| 136|0x0000000708800000, 0x0000000708900000, 0x0000000708900000|100%| O|  |TAMS 0x0000000708900000, 0x0000000708800000| Complete 
| 137|0x0000000708900000, 0x0000000708a00000, 0x0000000708a00000|100%| O|  |TAMS 0x0000000708a00000, 0x0000000708900000| Complete 
| 138|0x0000000708a00000, 0x0000000708b00000, 0x0000000708b00000|100%|HS|  |TAMS 0x0000000708b00000, 0x0000000708a00000| Complete 
| 139|0x0000000708b00000, 0x0000000708c00000, 0x0000000708c00000|100%|HC|  |TAMS 0x0000000708c00000, 0x0000000708b00000| Complete 
| 140|0x0000000708c00000, 0x0000000708d00000, 0x0000000708d00000|100%|HC|  |TAMS 0x0000000708d00000, 0x0000000708c00000| Complete 
| 141|0x0000000708d00000, 0x0000000708e00000, 0x0000000708e00000|100%|HC|  |TAMS 0x0000000708e00000, 0x0000000708d00000| Complete 
| 142|0x0000000708e00000, 0x0000000708f00000, 0x0000000708f00000|100%| O|  |TAMS 0x0000000708f00000, 0x0000000708e00000| Complete 
| 143|0x0000000708f00000, 0x0000000709000000, 0x0000000709000000|100%| O|  |TAMS 0x0000000709000000, 0x0000000708f00000| Complete 
| 144|0x0000000709000000, 0x0000000709100000, 0x0000000709100000|100%| O|  |TAMS 0x0000000709100000, 0x0000000709000000| Complete 
| 145|0x0000000709100000, 0x0000000709200000, 0x0000000709200000|100%|HS|  |TAMS 0x0000000709200000, 0x0000000709100000| Complete 
| 146|0x0000000709200000, 0x0000000709300000, 0x0000000709300000|100%|HC|  |TAMS 0x0000000709300000, 0x0000000709200000| Complete 
| 147|0x0000000709300000, 0x0000000709400000, 0x0000000709400000|100%|HC|  |TAMS 0x0000000709400000, 0x0000000709300000| Complete 
| 148|0x0000000709400000, 0x0000000709500000, 0x0000000709500000|100%|HC|  |TAMS 0x0000000709500000, 0x0000000709400000| Complete 
| 149|0x0000000709500000, 0x0000000709600000, 0x0000000709600000|100%| O|  |TAMS 0x0000000709600000, 0x0000000709500000| Complete 
| 150|0x0000000709600000, 0x0000000709700000, 0x0000000709700000|100%| O|  |TAMS 0x0000000709700000, 0x0000000709600000| Complete 
| 151|0x0000000709700000, 0x0000000709800000, 0x0000000709800000|100%| O|  |TAMS 0x0000000709800000, 0x0000000709700000| Complete 
| 152|0x0000000709800000, 0x0000000709900000, 0x0000000709900000|100%| O|  |TAMS 0x0000000709900000, 0x0000000709800000| Untracked 
| 153|0x0000000709900000, 0x0000000709a00000, 0x0000000709a00000|100%| O|  |TAMS 0x0000000709a00000, 0x0000000709900000| Untracked 
| 154|0x0000000709a00000, 0x0000000709b00000, 0x0000000709b00000|100%| O|  |TAMS 0x0000000709b00000, 0x0000000709a00000| Untracked 
| 155|0x0000000709b00000, 0x0000000709c00000, 0x0000000709c00000|100%| O|  |TAMS 0x0000000709c00000, 0x0000000709b00000| Complete 
| 156|0x0000000709c00000, 0x0000000709d00000, 0x0000000709d00000|100%| O|  |TAMS 0x0000000709d00000, 0x0000000709c00000| Untracked 
| 157|0x0000000709d00000, 0x0000000709e00000, 0x0000000709e00000|100%| O|  |TAMS 0x0000000709e00000, 0x0000000709d00000| Complete 
| 158|0x0000000709e00000, 0x0000000709f00000, 0x0000000709f00000|100%| O|  |TAMS 0x0000000709f00000, 0x0000000709e00000| Untracked 
| 159|0x0000000709f00000, 0x000000070a000000, 0x000000070a000000|100%| O|  |TAMS 0x000000070a000000, 0x0000000709f00000| Complete 
| 160|0x000000070a000000, 0x000000070a100000, 0x000000070a100000|100%| O|  |TAMS 0x000000070a100000, 0x000000070a000000| Complete 
| 161|0x000000070a100000, 0x000000070a200000, 0x000000070a200000|100%| O|  |TAMS 0x000000070a200000, 0x000000070a100000| Complete 
| 162|0x000000070a200000, 0x000000070a300000, 0x000000070a300000|100%| O|  |TAMS 0x000000070a300000, 0x000000070a200000| Complete 
| 163|0x000000070a300000, 0x000000070a400000, 0x000000070a400000|100%| O|  |TAMS 0x000000070a400000, 0x000000070a300000| Complete 
| 164|0x000000070a400000, 0x000000070a500000, 0x000000070a500000|100%| O|  |TAMS 0x000000070a500000, 0x000000070a400000| Complete 
| 165|0x000000070a500000, 0x000000070a600000, 0x000000070a600000|100%| O|  |TAMS 0x000000070a600000, 0x000000070a500000| Complete 
| 166|0x000000070a600000, 0x000000070a700000, 0x000000070a700000|100%| O|  |TAMS 0x000000070a700000, 0x000000070a600000| Complete 
| 167|0x000000070a700000, 0x000000070a800000, 0x000000070a800000|100%| O|  |TAMS 0x000000070a800000, 0x000000070a700000| Complete 
| 168|0x000000070a800000, 0x000000070a900000, 0x000000070a900000|100%| O|  |TAMS 0x000000070a900000, 0x000000070a800000| Complete 
| 169|0x000000070a900000, 0x000000070aa00000, 0x000000070aa00000|100%| O|  |TAMS 0x000000070aa00000, 0x000000070a900000| Complete 
| 170|0x000000070aa00000, 0x000000070ab00000, 0x000000070ab00000|100%|HS|  |TAMS 0x000000070ab00000, 0x000000070aa00000| Complete 
| 171|0x000000070ab00000, 0x000000070ac00000, 0x000000070ac00000|100%|HC|  |TAMS 0x000000070ac00000, 0x000000070ab00000| Complete 
| 172|0x000000070ac00000, 0x000000070ad00000, 0x000000070ad00000|100%|HC|  |TAMS 0x000000070ad00000, 0x000000070ac00000| Complete 
| 173|0x000000070ad00000, 0x000000070ae00000, 0x000000070ae00000|100%|HC|  |TAMS 0x000000070ae00000, 0x000000070ad00000| Complete 
| 174|0x000000070ae00000, 0x000000070af00000, 0x000000070af00000|100%|HS|  |TAMS 0x000000070af00000, 0x000000070ae00000| Complete 
| 175|0x000000070af00000, 0x000000070b000000, 0x000000070b000000|100%|HC|  |TAMS 0x000000070b000000, 0x000000070af00000| Complete 
| 176|0x000000070b000000, 0x000000070b100000, 0x000000070b100000|100%|HC|  |TAMS 0x000000070b100000, 0x000000070b000000| Complete 
| 177|0x000000070b100000, 0x000000070b200000, 0x000000070b200000|100%|HC|  |TAMS 0x000000070b200000, 0x000000070b100000| Complete 
| 178|0x000000070b200000, 0x000000070b300000, 0x000000070b300000|100%| O|  |TAMS 0x000000070b300000, 0x000000070b200000| Untracked 
| 179|0x000000070b300000, 0x000000070b400000, 0x000000070b400000|100%| O|  |TAMS 0x000000070b400000, 0x000000070b300000| Complete 
| 180|0x000000070b400000, 0x000000070b500000, 0x000000070b500000|100%| O|  |TAMS 0x000000070b500000, 0x000000070b400000| Complete 
| 181|0x000000070b500000, 0x000000070b600000, 0x000000070b600000|100%| O|  |TAMS 0x000000070b566800, 0x000000070b500000| Untracked 
| 182|0x000000070b600000, 0x000000070b700000, 0x000000070b700000|100%|HS|  |TAMS 0x000000070b600000, 0x000000070b600000| Complete 
| 183|0x000000070b700000, 0x000000070b800000, 0x000000070b800000|100%|HC|  |TAMS 0x000000070b700000, 0x000000070b700000| Complete 
| 184|0x000000070b800000, 0x000000070b900000, 0x000000070b900000|100%|HC|  |TAMS 0x000000070b800000, 0x000000070b800000| Complete 
| 185|0x000000070b900000, 0x000000070ba00000, 0x000000070ba00000|100%|HC|  |TAMS 0x000000070b900000, 0x000000070b900000| Complete 
| 186|0x000000070ba00000, 0x000000070bb00000, 0x000000070bb00000|100%|HS|  |TAMS 0x000000070ba00000, 0x000000070ba00000| Complete 
| 187|0x000000070bb00000, 0x000000070bc00000, 0x000000070bc00000|100%|HC|  |TAMS 0x000000070bb00000, 0x000000070bb00000| Complete 
| 188|0x000000070bc00000, 0x000000070bd00000, 0x000000070bd00000|100%|HC|  |TAMS 0x000000070bc00000, 0x000000070bc00000| Complete 
| 189|0x000000070bd00000, 0x000000070be00000, 0x000000070be00000|100%|HC|  |TAMS 0x000000070bd00000, 0x000000070bd00000| Complete 
| 190|0x000000070be00000, 0x000000070bf00000, 0x000000070bf00000|100%| O|  |TAMS 0x000000070be00000, 0x000000070be00000| Untracked 
| 191|0x000000070bf00000, 0x000000070bfea600, 0x000000070c000000| 91%| O|  |TAMS 0x000000070bf00000, 0x000000070bf00000| Untracked 
| 192|0x000000070c000000, 0x000000070c000000, 0x000000070c100000|  0%| F|  |TAMS 0x000000070c000000, 0x000000070c000000| Untracked 
| 193|0x000000070c100000, 0x000000070c100000, 0x000000070c200000|  0%| F|  |TAMS 0x000000070c100000, 0x000000070c100000| Untracked 
| 194|0x000000070c200000, 0x000000070c200000, 0x000000070c300000|  0%| F|  |TAMS 0x000000070c200000, 0x000000070c200000| Untracked 
| 195|0x000000070c300000, 0x000000070c300000, 0x000000070c400000|  0%| F|  |TAMS 0x000000070c300000, 0x000000070c300000| Untracked 
| 196|0x000000070c400000, 0x000000070c400000, 0x000000070c500000|  0%| F|  |TAMS 0x000000070c400000, 0x000000070c400000| Untracked 
| 197|0x000000070c500000, 0x000000070c500000, 0x000000070c600000|  0%| F|  |TAMS 0x000000070c500000, 0x000000070c500000| Untracked 
| 198|0x000000070c600000, 0x000000070c600000, 0x000000070c700000|  0%| F|  |TAMS 0x000000070c600000, 0x000000070c600000| Untracked 
| 199|0x000000070c700000, 0x000000070c700000, 0x000000070c800000|  0%| F|  |TAMS 0x000000070c700000, 0x000000070c700000| Untracked 
| 200|0x000000070c800000, 0x000000070c800000, 0x000000070c900000|  0%| F|  |TAMS 0x000000070c800000, 0x000000070c800000| Untracked 
| 201|0x000000070c900000, 0x000000070c900000, 0x000000070ca00000|  0%| F|  |TAMS 0x000000070c900000, 0x000000070c900000| Untracked 
| 202|0x000000070ca00000, 0x000000070ca00000, 0x000000070cb00000|  0%| F|  |TAMS 0x000000070ca00000, 0x000000070ca00000| Untracked 
| 203|0x000000070cb00000, 0x000000070cb00000, 0x000000070cc00000|  0%| F|  |TAMS 0x000000070cb00000, 0x000000070cb00000| Untracked 
| 204|0x000000070cc00000, 0x000000070cc00000, 0x000000070cd00000|  0%| F|  |TAMS 0x000000070cc00000, 0x000000070cc00000| Untracked 
| 205|0x000000070cd00000, 0x000000070cd00000, 0x000000070ce00000|  0%| F|  |TAMS 0x000000070cd00000, 0x000000070cd00000| Untracked 
| 206|0x000000070ce00000, 0x000000070ce00000, 0x000000070cf00000|  0%| F|  |TAMS 0x000000070ce00000, 0x000000070ce00000| Untracked 
| 207|0x000000070cf00000, 0x000000070cf00000, 0x000000070d000000|  0%| F|  |TAMS 0x000000070cf00000, 0x000000070cf00000| Untracked 
| 208|0x000000070d000000, 0x000000070d000000, 0x000000070d100000|  0%| F|  |TAMS 0x000000070d000000, 0x000000070d000000| Untracked 
| 209|0x000000070d100000, 0x000000070d100000, 0x000000070d200000|  0%| F|  |TAMS 0x000000070d100000, 0x000000070d100000| Untracked 
| 210|0x000000070d200000, 0x000000070d200000, 0x000000070d300000|  0%| F|  |TAMS 0x000000070d200000, 0x000000070d200000| Untracked 
| 211|0x000000070d300000, 0x000000070d300000, 0x000000070d400000|  0%| F|  |TAMS 0x000000070d300000, 0x000000070d300000| Untracked 
| 212|0x000000070d400000, 0x000000070d400000, 0x000000070d500000|  0%| F|  |TAMS 0x000000070d400000, 0x000000070d400000| Untracked 
| 213|0x000000070d500000, 0x000000070d500000, 0x000000070d600000|  0%| F|  |TAMS 0x000000070d500000, 0x000000070d500000| Untracked 
| 214|0x000000070d600000, 0x000000070d600000, 0x000000070d700000|  0%| F|  |TAMS 0x000000070d600000, 0x000000070d600000| Untracked 
| 215|0x000000070d700000, 0x000000070d700000, 0x000000070d800000|  0%| F|  |TAMS 0x000000070d700000, 0x000000070d700000| Untracked 
| 216|0x000000070d800000, 0x000000070d800000, 0x000000070d900000|  0%| F|  |TAMS 0x000000070d800000, 0x000000070d800000| Untracked 
| 217|0x000000070d900000, 0x000000070d900000, 0x000000070da00000|  0%| F|  |TAMS 0x000000070d900000, 0x000000070d900000| Untracked 
| 218|0x000000070da00000, 0x000000070da00000, 0x000000070db00000|  0%| F|  |TAMS 0x000000070da00000, 0x000000070da00000| Untracked 
| 219|0x000000070db00000, 0x000000070db00000, 0x000000070dc00000|  0%| F|  |TAMS 0x000000070db00000, 0x000000070db00000| Untracked 
| 220|0x000000070dc00000, 0x000000070dc00000, 0x000000070dd00000|  0%| F|  |TAMS 0x000000070dc00000, 0x000000070dc00000| Untracked 
| 221|0x000000070dd00000, 0x000000070dd00000, 0x000000070de00000|  0%| F|  |TAMS 0x000000070dd00000, 0x000000070dd00000| Untracked 
| 222|0x000000070de00000, 0x000000070de00000, 0x000000070df00000|  0%| F|  |TAMS 0x000000070de00000, 0x000000070de00000| Untracked 
| 223|0x000000070df00000, 0x000000070df00000, 0x000000070e000000|  0%| F|  |TAMS 0x000000070df00000, 0x000000070df00000| Untracked 
| 224|0x000000070e000000, 0x000000070e000000, 0x000000070e100000|  0%| F|  |TAMS 0x000000070e000000, 0x000000070e000000| Untracked 
| 225|0x000000070e100000, 0x000000070e100000, 0x000000070e200000|  0%| F|  |TAMS 0x000000070e100000, 0x000000070e100000| Untracked 
| 226|0x000000070e200000, 0x000000070e200000, 0x000000070e300000|  0%| F|  |TAMS 0x000000070e200000, 0x000000070e200000| Untracked 
| 227|0x000000070e300000, 0x000000070e300000, 0x000000070e400000|  0%| F|  |TAMS 0x000000070e300000, 0x000000070e300000| Untracked 
| 228|0x000000070e400000, 0x000000070e400000, 0x000000070e500000|  0%| F|  |TAMS 0x000000070e400000, 0x000000070e400000| Untracked 
| 229|0x000000070e500000, 0x000000070e500000, 0x000000070e600000|  0%| F|  |TAMS 0x000000070e500000, 0x000000070e500000| Untracked 
| 230|0x000000070e600000, 0x000000070e600000, 0x000000070e700000|  0%| F|  |TAMS 0x000000070e600000, 0x000000070e600000| Untracked 
| 231|0x000000070e700000, 0x000000070e700000, 0x000000070e800000|  0%| F|  |TAMS 0x000000070e700000, 0x000000070e700000| Untracked 
| 232|0x000000070e800000, 0x000000070e800000, 0x000000070e900000|  0%| F|  |TAMS 0x000000070e800000, 0x000000070e800000| Untracked 
| 233|0x000000070e900000, 0x000000070e900000, 0x000000070ea00000|  0%| F|  |TAMS 0x000000070e900000, 0x000000070e900000| Untracked 
| 234|0x000000070ea00000, 0x000000070ea00000, 0x000000070eb00000|  0%| F|  |TAMS 0x000000070ea00000, 0x000000070ea00000| Untracked 
| 235|0x000000070eb00000, 0x000000070eb00000, 0x000000070ec00000|  0%| F|  |TAMS 0x000000070eb00000, 0x000000070eb00000| Untracked 
| 236|0x000000070ec00000, 0x000000070ec00000, 0x000000070ed00000|  0%| F|  |TAMS 0x000000070ec00000, 0x000000070ec00000| Untracked 
| 237|0x000000070ed00000, 0x000000070ed00000, 0x000000070ee00000|  0%| F|  |TAMS 0x000000070ed00000, 0x000000070ed00000| Untracked 
| 238|0x000000070ee00000, 0x000000070ee00000, 0x000000070ef00000|  0%| F|  |TAMS 0x000000070ee00000, 0x000000070ee00000| Untracked 
| 239|0x000000070ef00000, 0x000000070ef00000, 0x000000070f000000|  0%| F|  |TAMS 0x000000070ef00000, 0x000000070ef00000| Untracked 
| 240|0x000000070f000000, 0x000000070f000000, 0x000000070f100000|  0%| F|  |TAMS 0x000000070f000000, 0x000000070f000000| Untracked 
| 241|0x000000070f100000, 0x000000070f100000, 0x000000070f200000|  0%| F|  |TAMS 0x000000070f100000, 0x000000070f100000| Untracked 
| 242|0x000000070f200000, 0x000000070f200000, 0x000000070f300000|  0%| F|  |TAMS 0x000000070f200000, 0x000000070f200000| Untracked 
| 243|0x000000070f300000, 0x000000070f300000, 0x000000070f400000|  0%| F|  |TAMS 0x000000070f300000, 0x000000070f300000| Untracked 
| 244|0x000000070f400000, 0x000000070f400000, 0x000000070f500000|  0%| F|  |TAMS 0x000000070f400000, 0x000000070f400000| Untracked 
| 245|0x000000070f500000, 0x000000070f500000, 0x000000070f600000|  0%| F|  |TAMS 0x000000070f500000, 0x000000070f500000| Untracked 
| 246|0x000000070f600000, 0x000000070f600000, 0x000000070f700000|  0%| F|  |TAMS 0x000000070f600000, 0x000000070f600000| Untracked 
| 247|0x000000070f700000, 0x000000070f700000, 0x000000070f800000|  0%| F|  |TAMS 0x000000070f700000, 0x000000070f700000| Untracked 
| 248|0x000000070f800000, 0x000000070f800000, 0x000000070f900000|  0%| F|  |TAMS 0x000000070f800000, 0x000000070f800000| Untracked 
| 249|0x000000070f900000, 0x000000070f900000, 0x000000070fa00000|  0%| F|  |TAMS 0x000000070f900000, 0x000000070f900000| Untracked 
| 250|0x000000070fa00000, 0x000000070fa00000, 0x000000070fb00000|  0%| F|  |TAMS 0x000000070fa00000, 0x000000070fa00000| Untracked 
| 251|0x000000070fb00000, 0x000000070fb00000, 0x000000070fc00000|  0%| F|  |TAMS 0x000000070fb00000, 0x000000070fb00000| Untracked 
| 252|0x000000070fc00000, 0x000000070fc00000, 0x000000070fd00000|  0%| F|  |TAMS 0x000000070fc00000, 0x000000070fc00000| Untracked 
| 253|0x000000070fd00000, 0x000000070fd00000, 0x000000070fe00000|  0%| F|  |TAMS 0x000000070fd00000, 0x000000070fd00000| Untracked 
| 254|0x000000070fe00000, 0x000000070fe00000, 0x000000070ff00000|  0%| F|  |TAMS 0x000000070fe00000, 0x000000070fe00000| Untracked 
| 255|0x000000070ff00000, 0x000000070ff00000, 0x0000000710000000|  0%| F|  |TAMS 0x000000070ff00000, 0x000000070ff00000| Untracked 
| 256|0x0000000710000000, 0x0000000710000000, 0x0000000710100000|  0%| F|  |TAMS 0x0000000710000000, 0x0000000710000000| Untracked 
| 257|0x0000000710100000, 0x0000000710100000, 0x0000000710200000|  0%| F|  |TAMS 0x0000000710100000, 0x0000000710100000| Untracked 
| 258|0x0000000710200000, 0x0000000710200000, 0x0000000710300000|  0%| F|  |TAMS 0x0000000710200000, 0x0000000710200000| Untracked 
| 259|0x0000000710300000, 0x0000000710300000, 0x0000000710400000|  0%| F|  |TAMS 0x0000000710300000, 0x0000000710300000| Untracked 
| 260|0x0000000710400000, 0x0000000710400000, 0x0000000710500000|  0%| F|  |TAMS 0x0000000710400000, 0x0000000710400000| Untracked 
| 261|0x0000000710500000, 0x0000000710500000, 0x0000000710600000|  0%| F|  |TAMS 0x0000000710500000, 0x0000000710500000| Untracked 
| 262|0x0000000710600000, 0x0000000710600000, 0x0000000710700000|  0%| F|  |TAMS 0x0000000710600000, 0x0000000710600000| Untracked 
| 263|0x0000000710700000, 0x0000000710700000, 0x0000000710800000|  0%| F|  |TAMS 0x0000000710700000, 0x0000000710700000| Untracked 
| 264|0x0000000710800000, 0x0000000710800000, 0x0000000710900000|  0%| F|  |TAMS 0x0000000710800000, 0x0000000710800000| Untracked 
| 265|0x0000000710900000, 0x0000000710900000, 0x0000000710a00000|  0%| F|  |TAMS 0x0000000710900000, 0x0000000710900000| Untracked 
| 266|0x0000000710a00000, 0x0000000710a00000, 0x0000000710b00000|  0%| F|  |TAMS 0x0000000710a00000, 0x0000000710a00000| Untracked 
| 267|0x0000000710b00000, 0x0000000710b00000, 0x0000000710c00000|  0%| F|  |TAMS 0x0000000710b00000, 0x0000000710b00000| Untracked 
| 268|0x0000000710c00000, 0x0000000710c00000, 0x0000000710d00000|  0%| F|  |TAMS 0x0000000710c00000, 0x0000000710c00000| Untracked 
| 269|0x0000000710d00000, 0x0000000710d00000, 0x0000000710e00000|  0%| F|  |TAMS 0x0000000710d00000, 0x0000000710d00000| Untracked 
| 270|0x0000000710e00000, 0x0000000710e00000, 0x0000000710f00000|  0%| F|  |TAMS 0x0000000710e00000, 0x0000000710e00000| Untracked 
| 271|0x0000000710f00000, 0x0000000710f00000, 0x0000000711000000|  0%| F|  |TAMS 0x0000000710f00000, 0x0000000710f00000| Untracked 
| 272|0x0000000711000000, 0x0000000711000000, 0x0000000711100000|  0%| F|  |TAMS 0x0000000711000000, 0x0000000711000000| Untracked 
| 273|0x0000000711100000, 0x0000000711100000, 0x0000000711200000|  0%| F|  |TAMS 0x0000000711100000, 0x0000000711100000| Untracked 
| 274|0x0000000711200000, 0x0000000711200000, 0x0000000711300000|  0%| F|  |TAMS 0x0000000711200000, 0x0000000711200000| Untracked 
| 275|0x0000000711300000, 0x0000000711300000, 0x0000000711400000|  0%| F|  |TAMS 0x0000000711300000, 0x0000000711300000| Untracked 
| 276|0x0000000711400000, 0x0000000711400000, 0x0000000711500000|  0%| F|  |TAMS 0x0000000711400000, 0x0000000711400000| Untracked 
| 277|0x0000000711500000, 0x0000000711500000, 0x0000000711600000|  0%| F|  |TAMS 0x0000000711500000, 0x0000000711500000| Untracked 
| 278|0x0000000711600000, 0x0000000711600000, 0x0000000711700000|  0%| F|  |TAMS 0x0000000711600000, 0x0000000711600000| Untracked 
| 279|0x0000000711700000, 0x0000000711800000, 0x0000000711800000|100%| S|CS|TAMS 0x0000000711700000, 0x0000000711700000| Complete 
| 280|0x0000000711800000, 0x0000000711900000, 0x0000000711900000|100%| S|CS|TAMS 0x0000000711800000, 0x0000000711800000| Complete 
| 281|0x0000000711900000, 0x0000000711a00000, 0x0000000711a00000|100%| S|CS|TAMS 0x0000000711900000, 0x0000000711900000| Complete 
| 282|0x0000000711a00000, 0x0000000711b00000, 0x0000000711b00000|100%| S|CS|TAMS 0x0000000711a00000, 0x0000000711a00000| Complete 
| 283|0x0000000711b00000, 0x0000000711c00000, 0x0000000711c00000|100%| S|CS|TAMS 0x0000000711b00000, 0x0000000711b00000| Complete 
| 284|0x0000000711c00000, 0x0000000711d00000, 0x0000000711d00000|100%| S|CS|TAMS 0x0000000711c00000, 0x0000000711c00000| Complete 
| 285|0x0000000711d00000, 0x0000000711e00000, 0x0000000711e00000|100%| S|CS|TAMS 0x0000000711d00000, 0x0000000711d00000| Complete 
| 286|0x0000000711e00000, 0x0000000711f00000, 0x0000000711f00000|100%| S|CS|TAMS 0x0000000711e00000, 0x0000000711e00000| Complete 
| 287|0x0000000711f00000, 0x0000000712000000, 0x0000000712000000|100%| S|CS|TAMS 0x0000000711f00000, 0x0000000711f00000| Complete 
| 288|0x0000000712000000, 0x0000000712100000, 0x0000000712100000|100%| S|CS|TAMS 0x0000000712000000, 0x0000000712000000| Complete 
| 289|0x0000000712100000, 0x0000000712200000, 0x0000000712200000|100%| S|CS|TAMS 0x0000000712100000, 0x0000000712100000| Complete 
| 290|0x0000000712200000, 0x0000000712300000, 0x0000000712300000|100%| S|CS|TAMS 0x0000000712200000, 0x0000000712200000| Complete 
| 291|0x0000000712300000, 0x0000000712300000, 0x0000000712400000|  0%| F|  |TAMS 0x0000000712300000, 0x0000000712300000| Untracked 
| 292|0x0000000712400000, 0x0000000712400000, 0x0000000712500000|  0%| F|  |TAMS 0x0000000712400000, 0x0000000712400000| Untracked 
| 293|0x0000000712500000, 0x0000000712500000, 0x0000000712600000|  0%| F|  |TAMS 0x0000000712500000, 0x0000000712500000| Untracked 
| 294|0x0000000712600000, 0x0000000712600000, 0x0000000712700000|  0%| F|  |TAMS 0x0000000712600000, 0x0000000712600000| Untracked 
| 295|0x0000000712700000, 0x0000000712700000, 0x0000000712800000|  0%| F|  |TAMS 0x0000000712700000, 0x0000000712700000| Untracked 
| 296|0x0000000712800000, 0x0000000712800000, 0x0000000712900000|  0%| F|  |TAMS 0x0000000712800000, 0x0000000712800000| Untracked 
| 297|0x0000000712900000, 0x0000000712900000, 0x0000000712a00000|  0%| F|  |TAMS 0x0000000712900000, 0x0000000712900000| Untracked 
| 298|0x0000000712a00000, 0x0000000712a00000, 0x0000000712b00000|  0%| F|  |TAMS 0x0000000712a00000, 0x0000000712a00000| Untracked 
| 299|0x0000000712b00000, 0x0000000712b00000, 0x0000000712c00000|  0%| F|  |TAMS 0x0000000712b00000, 0x0000000712b00000| Untracked 
| 300|0x0000000712c00000, 0x0000000712c00000, 0x0000000712d00000|  0%| F|  |TAMS 0x0000000712c00000, 0x0000000712c00000| Untracked 
| 301|0x0000000712d00000, 0x0000000712d00000, 0x0000000712e00000|  0%| F|  |TAMS 0x0000000712d00000, 0x0000000712d00000| Untracked 
| 302|0x0000000712e00000, 0x0000000712e00000, 0x0000000712f00000|  0%| F|  |TAMS 0x0000000712e00000, 0x0000000712e00000| Untracked 
| 303|0x0000000712f00000, 0x0000000712f00000, 0x0000000713000000|  0%| F|  |TAMS 0x0000000712f00000, 0x0000000712f00000| Untracked 
| 304|0x0000000713000000, 0x0000000713000000, 0x0000000713100000|  0%| F|  |TAMS 0x0000000713000000, 0x0000000713000000| Untracked 
| 305|0x0000000713100000, 0x0000000713100000, 0x0000000713200000|  0%| F|  |TAMS 0x0000000713100000, 0x0000000713100000| Untracked 
| 306|0x0000000713200000, 0x0000000713200000, 0x0000000713300000|  0%| F|  |TAMS 0x0000000713200000, 0x0000000713200000| Untracked 
| 307|0x0000000713300000, 0x0000000713300000, 0x0000000713400000|  0%| F|  |TAMS 0x0000000713300000, 0x0000000713300000| Untracked 
| 308|0x0000000713400000, 0x0000000713400000, 0x0000000713500000|  0%| F|  |TAMS 0x0000000713400000, 0x0000000713400000| Untracked 
| 309|0x0000000713500000, 0x0000000713500000, 0x0000000713600000|  0%| F|  |TAMS 0x0000000713500000, 0x0000000713500000| Untracked 
| 310|0x0000000713600000, 0x0000000713600000, 0x0000000713700000|  0%| F|  |TAMS 0x0000000713600000, 0x0000000713600000| Untracked 
| 311|0x0000000713700000, 0x0000000713700000, 0x0000000713800000|  0%| F|  |TAMS 0x0000000713700000, 0x0000000713700000| Untracked 
| 312|0x0000000713800000, 0x0000000713800000, 0x0000000713900000|  0%| F|  |TAMS 0x0000000713800000, 0x0000000713800000| Untracked 
| 313|0x0000000713900000, 0x0000000713900000, 0x0000000713a00000|  0%| F|  |TAMS 0x0000000713900000, 0x0000000713900000| Untracked 
| 314|0x0000000713a00000, 0x0000000713a00000, 0x0000000713b00000|  0%| F|  |TAMS 0x0000000713a00000, 0x0000000713a00000| Untracked 
| 315|0x0000000713b00000, 0x0000000713b00000, 0x0000000713c00000|  0%| F|  |TAMS 0x0000000713b00000, 0x0000000713b00000| Untracked 
| 316|0x0000000713c00000, 0x0000000713c00000, 0x0000000713d00000|  0%| F|  |TAMS 0x0000000713c00000, 0x0000000713c00000| Untracked 
| 317|0x0000000713d00000, 0x0000000713d00000, 0x0000000713e00000|  0%| F|  |TAMS 0x0000000713d00000, 0x0000000713d00000| Untracked 
| 318|0x0000000713e00000, 0x0000000713e00000, 0x0000000713f00000|  0%| F|  |TAMS 0x0000000713e00000, 0x0000000713e00000| Untracked 
| 319|0x0000000713f00000, 0x0000000713f00000, 0x0000000714000000|  0%| F|  |TAMS 0x0000000713f00000, 0x0000000713f00000| Untracked 
| 320|0x0000000714000000, 0x0000000714000000, 0x0000000714100000|  0%| F|  |TAMS 0x0000000714000000, 0x0000000714000000| Untracked 
| 321|0x0000000714100000, 0x0000000714100000, 0x0000000714200000|  0%| F|  |TAMS 0x0000000714100000, 0x0000000714100000| Untracked 
| 322|0x0000000714200000, 0x0000000714200000, 0x0000000714300000|  0%| F|  |TAMS 0x0000000714200000, 0x0000000714200000| Untracked 
| 323|0x0000000714300000, 0x0000000714300000, 0x0000000714400000|  0%| F|  |TAMS 0x0000000714300000, 0x0000000714300000| Untracked 
| 324|0x0000000714400000, 0x0000000714400000, 0x0000000714500000|  0%| F|  |TAMS 0x0000000714400000, 0x0000000714400000| Untracked 
| 325|0x0000000714500000, 0x0000000714500000, 0x0000000714600000|  0%| F|  |TAMS 0x0000000714500000, 0x0000000714500000| Untracked 
| 326|0x0000000714600000, 0x0000000714600000, 0x0000000714700000|  0%| F|  |TAMS 0x0000000714600000, 0x0000000714600000| Untracked 
| 327|0x0000000714700000, 0x0000000714700000, 0x0000000714800000|  0%| F|  |TAMS 0x0000000714700000, 0x0000000714700000| Untracked 
| 328|0x0000000714800000, 0x0000000714800000, 0x0000000714900000|  0%| F|  |TAMS 0x0000000714800000, 0x0000000714800000| Untracked 
| 329|0x0000000714900000, 0x0000000714900000, 0x0000000714a00000|  0%| F|  |TAMS 0x0000000714900000, 0x0000000714900000| Untracked 
| 330|0x0000000714a00000, 0x0000000714a00000, 0x0000000714b00000|  0%| F|  |TAMS 0x0000000714a00000, 0x0000000714a00000| Untracked 
| 331|0x0000000714b00000, 0x0000000714b00000, 0x0000000714c00000|  0%| F|  |TAMS 0x0000000714b00000, 0x0000000714b00000| Untracked 
| 332|0x0000000714c00000, 0x0000000714c00000, 0x0000000714d00000|  0%| F|  |TAMS 0x0000000714c00000, 0x0000000714c00000| Untracked 
| 333|0x0000000714d00000, 0x0000000714d00000, 0x0000000714e00000|  0%| F|  |TAMS 0x0000000714d00000, 0x0000000714d00000| Untracked 
| 334|0x0000000714e00000, 0x0000000714e00000, 0x0000000714f00000|  0%| F|  |TAMS 0x0000000714e00000, 0x0000000714e00000| Untracked 
| 335|0x0000000714f00000, 0x0000000714f00000, 0x0000000715000000|  0%| F|  |TAMS 0x0000000714f00000, 0x0000000714f00000| Untracked 
| 336|0x0000000715000000, 0x0000000715000000, 0x0000000715100000|  0%| F|  |TAMS 0x0000000715000000, 0x0000000715000000| Untracked 
| 337|0x0000000715100000, 0x0000000715100000, 0x0000000715200000|  0%| F|  |TAMS 0x0000000715100000, 0x0000000715100000| Untracked 
| 338|0x0000000715200000, 0x0000000715200000, 0x0000000715300000|  0%| F|  |TAMS 0x0000000715200000, 0x0000000715200000| Untracked 
| 339|0x0000000715300000, 0x0000000715300000, 0x0000000715400000|  0%| F|  |TAMS 0x0000000715300000, 0x0000000715300000| Untracked 
| 340|0x0000000715400000, 0x0000000715400000, 0x0000000715500000|  0%| F|  |TAMS 0x0000000715400000, 0x0000000715400000| Untracked 
| 341|0x0000000715500000, 0x0000000715500000, 0x0000000715600000|  0%| F|  |TAMS 0x0000000715500000, 0x0000000715500000| Untracked 
| 342|0x0000000715600000, 0x0000000715600000, 0x0000000715700000|  0%| F|  |TAMS 0x0000000715600000, 0x0000000715600000| Untracked 
| 343|0x0000000715700000, 0x0000000715700000, 0x0000000715800000|  0%| F|  |TAMS 0x0000000715700000, 0x0000000715700000| Untracked 
| 344|0x0000000715800000, 0x0000000715800000, 0x0000000715900000|  0%| F|  |TAMS 0x0000000715800000, 0x0000000715800000| Untracked 
| 345|0x0000000715900000, 0x0000000715900000, 0x0000000715a00000|  0%| F|  |TAMS 0x0000000715900000, 0x0000000715900000| Untracked 
| 346|0x0000000715a00000, 0x0000000715a00000, 0x0000000715b00000|  0%| F|  |TAMS 0x0000000715a00000, 0x0000000715a00000| Untracked 
| 347|0x0000000715b00000, 0x0000000715b00000, 0x0000000715c00000|  0%| F|  |TAMS 0x0000000715b00000, 0x0000000715b00000| Untracked 
| 348|0x0000000715c00000, 0x0000000715c00000, 0x0000000715d00000|  0%| F|  |TAMS 0x0000000715c00000, 0x0000000715c00000| Untracked 
| 349|0x0000000715d00000, 0x0000000715d00000, 0x0000000715e00000|  0%| F|  |TAMS 0x0000000715d00000, 0x0000000715d00000| Untracked 
| 350|0x0000000715e00000, 0x0000000715e00000, 0x0000000715f00000|  0%| F|  |TAMS 0x0000000715e00000, 0x0000000715e00000| Untracked 
| 351|0x0000000715f00000, 0x0000000715f00000, 0x0000000716000000|  0%| F|  |TAMS 0x0000000715f00000, 0x0000000715f00000| Untracked 
| 352|0x0000000716000000, 0x0000000716000000, 0x0000000716100000|  0%| F|  |TAMS 0x0000000716000000, 0x0000000716000000| Untracked 
| 353|0x0000000716100000, 0x0000000716100000, 0x0000000716200000|  0%| F|  |TAMS 0x0000000716100000, 0x0000000716100000| Untracked 
| 354|0x0000000716200000, 0x0000000716200000, 0x0000000716300000|  0%| F|  |TAMS 0x0000000716200000, 0x0000000716200000| Untracked 
| 355|0x0000000716300000, 0x0000000716300000, 0x0000000716400000|  0%| F|  |TAMS 0x0000000716300000, 0x0000000716300000| Untracked 
| 356|0x0000000716400000, 0x0000000716400000, 0x0000000716500000|  0%| F|  |TAMS 0x0000000716400000, 0x0000000716400000| Untracked 
| 357|0x0000000716500000, 0x0000000716500000, 0x0000000716600000|  0%| F|  |TAMS 0x0000000716500000, 0x0000000716500000| Untracked 
| 358|0x0000000716600000, 0x0000000716600000, 0x0000000716700000|  0%| F|  |TAMS 0x0000000716600000, 0x0000000716600000| Untracked 
| 359|0x0000000716700000, 0x0000000716700000, 0x0000000716800000|  0%| F|  |TAMS 0x0000000716700000, 0x0000000716700000| Untracked 
| 360|0x0000000716800000, 0x0000000716800000, 0x0000000716900000|  0%| F|  |TAMS 0x0000000716800000, 0x0000000716800000| Untracked 
| 361|0x0000000716900000, 0x0000000716900000, 0x0000000716a00000|  0%| F|  |TAMS 0x0000000716900000, 0x0000000716900000| Untracked 
| 362|0x0000000716a00000, 0x0000000716a00000, 0x0000000716b00000|  0%| F|  |TAMS 0x0000000716a00000, 0x0000000716a00000| Untracked 
| 363|0x0000000716b00000, 0x0000000716b00000, 0x0000000716c00000|  0%| F|  |TAMS 0x0000000716b00000, 0x0000000716b00000| Untracked 
| 364|0x0000000716c00000, 0x0000000716c00000, 0x0000000716d00000|  0%| F|  |TAMS 0x0000000716c00000, 0x0000000716c00000| Untracked 
| 365|0x0000000716d00000, 0x0000000716d00000, 0x0000000716e00000|  0%| F|  |TAMS 0x0000000716d00000, 0x0000000716d00000| Untracked 
| 366|0x0000000716e00000, 0x0000000716e00000, 0x0000000716f00000|  0%| F|  |TAMS 0x0000000716e00000, 0x0000000716e00000| Untracked 
| 367|0x0000000716f00000, 0x0000000716f00000, 0x0000000717000000|  0%| F|  |TAMS 0x0000000716f00000, 0x0000000716f00000| Untracked 
| 368|0x0000000717000000, 0x0000000717000000, 0x0000000717100000|  0%| F|  |TAMS 0x0000000717000000, 0x0000000717000000| Untracked 
| 369|0x0000000717100000, 0x0000000717100000, 0x0000000717200000|  0%| F|  |TAMS 0x0000000717100000, 0x0000000717100000| Untracked 
| 370|0x0000000717200000, 0x0000000717200000, 0x0000000717300000|  0%| F|  |TAMS 0x0000000717200000, 0x0000000717200000| Untracked 
| 371|0x0000000717300000, 0x0000000717300000, 0x0000000717400000|  0%| F|  |TAMS 0x0000000717300000, 0x0000000717300000| Untracked 
| 372|0x0000000717400000, 0x0000000717400000, 0x0000000717500000|  0%| F|  |TAMS 0x0000000717400000, 0x0000000717400000| Untracked 
| 373|0x0000000717500000, 0x0000000717500000, 0x0000000717600000|  0%| F|  |TAMS 0x0000000717500000, 0x0000000717500000| Untracked 
| 374|0x0000000717600000, 0x0000000717600000, 0x0000000717700000|  0%| F|  |TAMS 0x0000000717600000, 0x0000000717600000| Untracked 
| 375|0x0000000717700000, 0x0000000717700000, 0x0000000717800000|  0%| F|  |TAMS 0x0000000717700000, 0x0000000717700000| Untracked 
| 376|0x0000000717800000, 0x0000000717800000, 0x0000000717900000|  0%| F|  |TAMS 0x0000000717800000, 0x0000000717800000| Untracked 
| 377|0x0000000717900000, 0x0000000717900000, 0x0000000717a00000|  0%| F|  |TAMS 0x0000000717900000, 0x0000000717900000| Untracked 
| 378|0x0000000717a00000, 0x0000000717a00000, 0x0000000717b00000|  0%| F|  |TAMS 0x0000000717a00000, 0x0000000717a00000| Untracked 
| 379|0x0000000717b00000, 0x0000000717b00000, 0x0000000717c00000|  0%| F|  |TAMS 0x0000000717b00000, 0x0000000717b00000| Untracked 
| 380|0x0000000717c00000, 0x0000000717c00000, 0x0000000717d00000|  0%| F|  |TAMS 0x0000000717c00000, 0x0000000717c00000| Untracked 
| 381|0x0000000717d00000, 0x0000000717d00000, 0x0000000717e00000|  0%| F|  |TAMS 0x0000000717d00000, 0x0000000717d00000| Untracked 
| 382|0x0000000717e00000, 0x0000000717e00000, 0x0000000717f00000|  0%| F|  |TAMS 0x0000000717e00000, 0x0000000717e00000| Untracked 
| 383|0x0000000717f00000, 0x0000000717f00000, 0x0000000718000000|  0%| F|  |TAMS 0x0000000717f00000, 0x0000000717f00000| Untracked 

Card table byte_map: [0x000001fefe8a0000,0x000001feff0a0000] _byte_map_base: 0x000001fefb0a0000

Marking Bits (Prev, Next): (CMBitMap*) 0x000001fef5342228, (CMBitMap*) 0x000001fef5342260
 Prev Bits: [0x000001fe8f000000, 0x000001fe93000000)
 Next Bits: [0x000001fe93000000, 0x000001fe97000000)

Polling page: 0x000001fef53b0000

Metaspace:

Usage:
  Non-class:     39.01 MB capacity,    38.59 MB ( 99%) used,   337.11 KB ( <1%) free+waste,    95.88 KB ( <1%) overhead. 
      Class:      4.94 MB capacity,     4.62 MB ( 93%) used,   290.21 KB (  6%) free+waste,    43.88 KB ( <1%) overhead. 
       Both:     43.96 MB capacity,    43.21 MB ( 98%) used,   627.32 KB (  1%) free+waste,   139.75 KB ( <1%) overhead. 

Virtual space:
  Non-class space:       40.00 MB reserved,      39.25 MB ( 98%) committed 
      Class space:        1.00 GB reserved,       5.00 MB ( <1%) committed 
             Both:        1.04 GB reserved,      44.25 MB (  4%) committed 

Chunk freelists:
   Non-Class:  6.50 KB
       Class:  3.13 KB
        Both:  9.63 KB

CodeHeap 'non-profiled nmethods': size=120000Kb used=3528Kb max_used=3528Kb free=116471Kb
 bounds [0x000001fe87ad0000, 0x000001fe87e50000, 0x000001fe8f000000]
CodeHeap 'profiled nmethods': size=120000Kb used=11672Kb max_used=11672Kb free=108327Kb
 bounds [0x000001fe805a0000, 0x000001fe81120000, 0x000001fe87ad0000]
CodeHeap 'non-nmethods': size=5760Kb used=1422Kb max_used=1485Kb free=4337Kb
 bounds [0x000001fe80000000, 0x000001fe80270000, 0x000001fe805a0000]
 total_blobs=8866 nmethods=5401 adapters=784
 compilation: enabled
              stopped_count=0, restarted_count=0
 full_count=0

Compilation events (10 events):
Event: 39.184 Thread 0x000001fe9b988000 6109       4       java.util.Calendar::getSetStateFields (36 bytes)
Event: 39.185 Thread 0x000001fe99dd4000 nmethod 6113 0x000001fe8110fd90 code [0x000001fe81110020, 0x000001fe81110ba0]
Event: 39.185 Thread 0x000001fe99dd4000 6115       3       java.util.concurrent.locks.AbstractQueuedSynchronizer::setHead (16 bytes)
Event: 39.185 Thread 0x000001fe99dd4000 nmethod 6115 0x000001fe81110f90 code [0x000001fe81111160, 0x000001fe81111418]
Event: 39.187 Thread 0x000001fe99dd4000 6117       3       com.anylogic.engine.presentation.ShapeRectangle::<init> (103 bytes)
Event: 39.187 Thread 0x000001fe9b988000 nmethod 6109 0x000001fe87e3fe10 code [0x000001fe87e3ffa0, 0x000001fe87e40178]
Event: 39.187 Thread 0x000001fe9b988000 6116       4       javax.swing.UIDefaults$TextAndMnemonicHashMap::get (358 bytes)
Event: 39.188 Thread 0x000001fe99dd4000 nmethod 6117 0x000001fe81111510 code [0x000001fe81111760, 0x000001fe81111ee0]
Event: 39.190 Thread 0x000001fe9a13e800 nmethod 6074 0x000001fe87e40290 code [0x000001fe87e40560, 0x000001fe87e41990]
Event: 39.190 Thread 0x000001fe9a13e800 6114       4       sun.awt.SunHints$Value::hashCode (5 bytes)

GC Heap History (10 events):
Event: 38.080 GC heap after
{Heap after GC invocations=26 (full 0):
 garbage-first heap   total 178176K, used 149036K [0x0000000700000000, 0x0000000800000000)
  region size 1024K, 1 young (1024K), 1 survivors (1024K)
 Metaspace       used 42812K, capacity 43550K, committed 43772K, reserved 1087488K
  class space    used 4653K, capacity 4962K, committed 5116K, reserved 1048576K
}
Event: 38.099 GC heap before
{Heap before GC invocations=26 (full 0):
 garbage-first heap   total 178176K, used 156204K [0x0000000700000000, 0x0000000800000000)
  region size 1024K, 8 young (8192K), 1 survivors (1024K)
 Metaspace       used 42824K, capacity 43550K, committed 43772K, reserved 1087488K
  class space    used 4653K, capacity 4962K, committed 5116K, reserved 1048576K
}
Event: 38.106 GC heap after
{Heap after GC invocations=27 (full 0):
 garbage-first heap   total 393216K, used 134547K [0x0000000700000000, 0x0000000800000000)
  region size 1024K, 1 young (1024K), 1 survivors (1024K)
 Metaspace       used 42824K, capacity 43550K, committed 43772K, reserved 1087488K
  class space    used 4653K, capacity 4962K, committed 5116K, reserved 1048576K
}
Event: 38.236 GC heap before
{Heap before GC invocations=27 (full 0):
 garbage-first heap   total 393216K, used 211347K [0x0000000700000000, 0x0000000800000000)
  region size 1024K, 76 young (77824K), 1 survivors (1024K)
 Metaspace       used 42827K, capacity 43614K, committed 44028K, reserved 1087488K
  class space    used 4653K, capacity 4962K, committed 5116K, reserved 1048576K
}
Event: 38.247 GC heap after
{Heap after GC invocations=28 (full 0):
 garbage-first heap   total 393216K, used 145718K [0x0000000700000000, 0x0000000800000000)
  region size 1024K, 10 young (10240K), 10 survivors (10240K)
 Metaspace       used 42827K, capacity 43614K, committed 44028K, reserved 1087488K
  class space    used 4653K, capacity 4962K, committed 5116K, reserved 1048576K
}
Event: 38.715 GC heap before
{Heap before GC invocations=28 (full 0):
 garbage-first heap   total 393216K, used 247094K [0x0000000700000000, 0x0000000800000000)
  region size 1024K, 97 young (99328K), 10 survivors (10240K)
 Metaspace       used 44029K, capacity 44817K, committed 45052K, reserved 1089536K
  class space    used 4728K, capacity 5063K, committed 5116K, reserved 1048576K
}
Event: 38.746 GC heap after
{Heap after GC invocations=29 (full 0):
 garbage-first heap   total 393216K, used 185958K [0x0000000700000000, 0x0000000800000000)
  region size 1024K, 13 young (13312K), 13 survivors (13312K)
 Metaspace       used 44029K, capacity 44817K, committed 45052K, reserved 1089536K
  class space    used 4728K, capacity 5063K, committed 5116K, reserved 1048576K
}
Event: 38.904 GC heap before
{Heap before GC invocations=29 (full 0):
 garbage-first heap   total 393216K, used 212582K [0x0000000700000000, 0x0000000800000000)
  region size 1024K, 37 young (37888K), 13 survivors (13312K)
 Metaspace       used 44084K, capacity 44819K, committed 45052K, reserved 1089536K
  class space    used 4728K, capacity 5063K, committed 5116K, reserved 1048576K
}
Event: 38.930 GC heap after
{Heap after GC invocations=30 (full 0):
 garbage-first heap   total 393216K, used 197959K [0x0000000700000000, 0x0000000800000000)
  region size 1024K, 12 young (12288K), 12 survivors (12288K)
 Metaspace       used 44084K, capacity 44819K, committed 45052K, reserved 1089536K
  class space    used 4728K, capacity 5063K, committed 5116K, reserved 1048576K
}
Event: 39.191 GC heap before
{Heap before GC invocations=31 (full 0):
 garbage-first heap   total 393216K, used 279879K [0x0000000700000000, 0x0000000800000000)
  region size 1024K, 93 young (95232K), 12 survivors (12288K)
 Metaspace       used 44243K, capacity 45011K, committed 45308K, reserved 1089536K
  class space    used 4728K, capacity 5063K, committed 5116K, reserved 1048576K
}

Deoptimization events (10 events):
Event: 39.063 Thread 0x000001fe9b197800 Uncommon trap: reason=speculate_class_check action=maybe_recompile pc=0x000001fe87e1cb48 method=java.util.zip.InflaterInputStream.read([BII)I @ 100 c2
Event: 39.063 Thread 0x000001fe9b197800 Uncommon trap: reason=speculate_class_check action=maybe_recompile pc=0x000001fe87e1cb48 method=java.util.zip.InflaterInputStream.read([BII)I @ 100 c2
Event: 39.063 Thread 0x000001fe9b197800 Uncommon trap: reason=speculate_class_check action=maybe_recompile pc=0x000001fe87e1cb48 method=java.util.zip.InflaterInputStream.read([BII)I @ 100 c2
Event: 39.067 Thread 0x000001fe9b1be000 Uncommon trap: reason=profile_predicate action=maybe_recompile pc=0x000001fe87e1723c method=java.util.ArrayList$ArrayListSpliterator.forEachRemaining(Ljava/util/function/Consumer;)V @ 83 c2
Event: 39.067 Thread 0x000001fe9b1be000 Uncommon trap: reason=profile_predicate action=maybe_recompile pc=0x000001fe87e1723c method=java.util.ArrayList$ArrayListSpliterator.forEachRemaining(Ljava/util/function/Consumer;)V @ 83 c2
Event: 39.069 Thread 0x000001fe9b1be000 Uncommon trap: reason=profile_predicate action=maybe_recompile pc=0x000001fe87e1723c method=java.util.ArrayList$ArrayListSpliterator.forEachRemaining(Ljava/util/function/Consumer;)V @ 83 c2
Event: 39.136 Thread 0x000001fe9b1be000 Uncommon trap: reason=class_check action=maybe_recompile pc=0x000001fe87e33434 method=jdk.internal.misc.Unsafe.allocateUninitializedArray(Ljava/lang/Class;I)Ljava/lang/Object; @ 48 c2
Event: 39.136 Thread 0x000001fe9b1be000 Uncommon trap: reason=class_check action=maybe_recompile pc=0x000001fe87e33434 method=jdk.internal.misc.Unsafe.allocateUninitializedArray(Ljava/lang/Class;I)Ljava/lang/Object; @ 48 c2
Event: 39.136 Thread 0x000001fe9b1be000 Uncommon trap: reason=class_check action=maybe_recompile pc=0x000001fe87e33434 method=jdk.internal.misc.Unsafe.allocateUninitializedArray(Ljava/lang/Class;I)Ljava/lang/Object; @ 48 c2
Event: 39.136 Thread 0x000001fe9b1be000 Uncommon trap: reason=class_check action=maybe_recompile pc=0x000001fe87e33434 method=jdk.internal.misc.Unsafe.allocateUninitializedArray(Ljava/lang/Class;I)Ljava/lang/Object; @ 48 c2

Classes redefined (0 events):
No events

Internal exceptions (10 events):
Event: 5.779 Thread 0x000001fe9a9d6800 Exception <a 'java/lang/NoSuchMethodError'{0x0000000707667860}: java.lang.invoke.DirectMethodHandle$Holder.invokeSpecial(Ljava/lang/Object;Ljava/lang/Object;Ljava/lang/Object;Ljava/lang/Object;)I> (0x0000000707667860) thrown at [t:/workspace/open/src/hots
Event: 5.867 Thread 0x000001fe9a9d6800 Exception <a 'java/lang/NoClassDefFoundError'{0x000000070746b420}: org/slf4j/impl/StaticMDCBinder> (0x000000070746b420) thrown at [t:/workspace/open/src/hotspot/share/classfile/systemDictionary.cpp, line 220]
Event: 5.874 Thread 0x000001fe9a9d6800 Implicit null exception at 0x000001fe87b9e9ac to 0x000001fe87b9ef1a
Event: 5.942 Thread 0x000001fe9a9d6800 Exception <a 'java/lang/NoSuchMethodError'{0x0000000707364b70}: java.lang.invoke.DirectMethodHandle$Holder.invokeStatic(Ljava/lang/Object;Ljava/lang/Object;)D> (0x0000000707364b70) thrown at [t:/workspace/open/src/hotspot/share/interpreter/linkResolver.cp
Event: 6.890 Thread 0x000001fe9b190000 Implicit null exception at 0x000001fe87affaf4 to 0x000001fe87b00002
Event: 6.891 Thread 0x000001fe9b190000 Implicit null exception at 0x000001fe87b13c74 to 0x000001fe87b14176
Event: 34.790 Thread 0x000001fe9b1be000 Exception <a 'java/lang/NoSuchMethodError'{0x00000007099a43e0}: java.lang.invoke.DirectMethodHandle$Holder.invokeStatic(Ljava/lang/Object;JLjava/lang/Object;)Ljava/lang/Object;> (0x00000007099a43e0) thrown at [t:/workspace/open/src/hotspot/share/interpret
Event: 34.790 Thread 0x000001fe9b1be000 Exception <a 'java/lang/NoSuchMethodError'{0x00000007099a7960}: java.lang.invoke.DirectMethodHandle$Holder.invokeSpecial(Ljava/lang/Object;Ljava/lang/Object;JLjava/lang/Object;)Ljava/lang/Object;> (0x00000007099a7960) thrown at [t:/workspace/open/src/hots
Event: 38.344 Thread 0x000001fe9b1be000 Implicit null exception at 0x000001fe87cc8e6c to 0x000001fe87cc912e
Event: 38.344 Thread 0x000001fe9b1be000 Implicit null exception at 0x000001fe87cafb69 to 0x000001fe87cafce6

Events (10 events):
Event: 39.136 Thread 0x000001fe9b1be000 DEOPT UNPACKING pc=0x000001fe800291af sp=0x000000184c4fcc78 mode 2
Event: 39.136 Thread 0x000001fe9b1be000 Uncommon trap: trap_request=0xffffffde fr.pc=0x000001fe87e33434 relative=0x0000000000000114
Event: 39.136 Thread 0x000001fe9b1be000 DEOPT PACKING pc=0x000001fe87e33434 sp=0x000000184c4fccf0
Event: 39.136 Thread 0x000001fe9b1be000 DEOPT UNPACKING pc=0x000001fe800291af sp=0x000000184c4fcc78 mode 2
Event: 39.136 Thread 0x000001fe9b1be000 Uncommon trap: trap_request=0xffffffde fr.pc=0x000001fe87e33434 relative=0x0000000000000114
Event: 39.136 Thread 0x000001fe9b1be000 DEOPT PACKING pc=0x000001fe87e33434 sp=0x000000184c4fccf0
Event: 39.136 Thread 0x000001fe9b1be000 DEOPT UNPACKING pc=0x000001fe800291af sp=0x000000184c4fcc78 mode 2
Event: 39.173 Thread 0x000001fe9b18d800 DEOPT PACKING pc=0x000001fe80d34b14 sp=0x000000184defe670
Event: 39.174 Thread 0x000001fe9b18d800 DEOPT UNPACKING pc=0x000001fe80028fce sp=0x000000184defda38 mode 0
Event: 39.191 Executing VM operation: G1CollectForAllocation


Dynamic libraries:
0x00007ff6da160000 - 0x00007ff6da1a5000 	C:\Program Files\AnyLogic 8.7 University\jre\bin\javaw.exe
0x00007ff84d150000 - 0x00007ff84d345000 	C:\WINDOWS\SYSTEM32\ntdll.dll
0x00007ff84b250000 - 0x00007ff84b30e000 	C:\WINDOWS\System32\KERNEL32.DLL
0x00007ff84ae70000 - 0x00007ff84b138000 	C:\WINDOWS\System32\KERNELBASE.dll
0x00007ff847970000 - 0x00007ff847a00000 	C:\WINDOWS\SYSTEM32\apphelp.dll
0x00007ff84cd90000 - 0x00007ff84cf30000 	C:\WINDOWS\System32\USER32.dll
0x00007ff84a870000 - 0x00007ff84a892000 	C:\WINDOWS\System32\win32u.dll
0x00007ff84cc40000 - 0x00007ff84cc6a000 	C:\WINDOWS\System32\GDI32.dll
0x00007ff84ac60000 - 0x00007ff84ad6b000 	C:\WINDOWS\System32\gdi32full.dll
0x00007ff84a930000 - 0x00007ff84a9cd000 	C:\WINDOWS\System32\msvcp_win.dll
0x00007ff84ad70000 - 0x00007ff84ae70000 	C:\WINDOWS\System32\ucrtbase.dll
0x00007ff836380000 - 0x00007ff83661a000 	C:\WINDOWS\WinSxS\amd64_microsoft.windows.common-controls_6595b64144ccf1df_6.0.19041.1110_none_60b5254171f9507e\COMCTL32.dll
0x00007ff84b3d0000 - 0x00007ff84b46e000 	C:\WINDOWS\System32\msvcrt.dll
0x00007ff84c000000 - 0x00007ff84c030000 	C:\WINDOWS\System32\IMM32.DLL
0x00007ff8409a0000 - 0x00007ff8409b6000 	C:\Program Files\AnyLogic 8.7 University\jre\bin\vcruntime140.dll
0x00007ff823cb0000 - 0x00007ff823d5a000 	C:\Program Files\AnyLogic 8.7 University\jre\bin\msvcp140.dll
0x00007fffdffb0000 - 0x00007fffe0ad3000 	C:\Program Files\AnyLogic 8.7 University\jre\bin\server\jvm.dll
0x00007ff84cf30000 - 0x00007ff84cfde000 	C:\WINDOWS\System32\ADVAPI32.dll
0x00007ff84b1b0000 - 0x00007ff84b24c000 	C:\WINDOWS\System32\sechost.dll
0x00007ff84cfe0000 - 0x00007ff84d105000 	C:\WINDOWS\System32\RPCRT4.dll
0x00007ff84b310000 - 0x00007ff84b318000 	C:\WINDOWS\System32\PSAPI.DLL
0x00007ff82e3c0000 - 0x00007ff82e3c9000 	C:\WINDOWS\SYSTEM32\WSOCK32.dll
0x00007ff836880000 - 0x00007ff8368a7000 	C:\WINDOWS\SYSTEM32\WINMM.dll
0x00007ff8496c0000 - 0x00007ff8496ca000 	C:\WINDOWS\SYSTEM32\VERSION.dll
0x00007ff84b470000 - 0x00007ff84b4db000 	C:\WINDOWS\System32\WS2_32.dll
0x00007ff848a50000 - 0x00007ff848a62000 	C:\WINDOWS\SYSTEM32\kernel.appcore.dll
0x00007ff845920000 - 0x00007ff845931000 	C:\Program Files\AnyLogic 8.7 University\jre\bin\verify.dll
0x00007ff848510000 - 0x00007ff8486f4000 	C:\WINDOWS\SYSTEM32\DBGHELP.DLL
0x00007ff82eff0000 - 0x00007ff82f01c000 	C:\WINDOWS\SYSTEM32\dbgcore.DLL
0x00007ff84a8a0000 - 0x00007ff84a922000 	C:\WINDOWS\System32\bcryptPrimitives.dll
0x00007ff841940000 - 0x00007ff841968000 	C:\Program Files\AnyLogic 8.7 University\jre\bin\java.dll
0x00007ff841980000 - 0x00007ff841996000 	C:\Program Files\AnyLogic 8.7 University\jre\bin\zip.dll
0x00007ff841930000 - 0x00007ff84193a000 	C:\Program Files\AnyLogic 8.7 University\jre\bin\jimage.dll
0x00007ff84c200000 - 0x00007ff84c944000 	C:\WINDOWS\System32\SHELL32.dll
0x00007ff848e30000 - 0x00007ff8495c4000 	C:\WINDOWS\SYSTEM32\windows.storage.dll
0x00007ff84b610000 - 0x00007ff84b964000 	C:\WINDOWS\System32\combase.dll
0x00007ff84a2e0000 - 0x00007ff84a30c000 	C:\WINDOWS\SYSTEM32\Wldp.dll
0x00007ff84b560000 - 0x00007ff84b60d000 	C:\WINDOWS\System32\SHCORE.dll
0x00007ff84ca20000 - 0x00007ff84ca75000 	C:\WINDOWS\System32\shlwapi.dll
0x00007ff84a7b0000 - 0x00007ff84a7cf000 	C:\WINDOWS\SYSTEM32\profapi.dll
0x00007ff841500000 - 0x00007ff841519000 	C:\Program Files\AnyLogic 8.7 University\jre\bin\net.dll
0x00007ff83bd20000 - 0x00007ff83be2a000 	C:\WINDOWS\SYSTEM32\WINHTTP.dll
0x00007ff8301d0000 - 0x00007ff8303bc000 	C:\WINDOWS\SYSTEM32\urlmon.dll
0x00007ff830430000 - 0x00007ff8306e1000 	C:\WINDOWS\SYSTEM32\iertutil.dll
0x00007ff8300b0000 - 0x00007ff8300d8000 	C:\WINDOWS\SYSTEM32\srvcli.dll
0x00007ff849d20000 - 0x00007ff849d2c000 	C:\WINDOWS\SYSTEM32\netutils.dll
0x00007ff84a040000 - 0x00007ff84a0aa000 	C:\WINDOWS\system32\mswsock.dll
0x00007ff8411c0000 - 0x00007ff8411d3000 	C:\Program Files\AnyLogic 8.7 University\jre\bin\nio.dll
0x00007ff807920000 - 0x00007ff807abe000 	C:\Program Files\AnyLogic 8.7 University\jre\bin\awt.dll
0x00007ff84c950000 - 0x00007ff84ca1d000 	C:\WINDOWS\System32\OLEAUT32.dll
0x00007ff8467b0000 - 0x00007ff846d70000 	C:\WINDOWS\SYSTEM32\d2d1.dll
0x00007ff840570000 - 0x00007ff840579000 	C:\Program Files\AnyLogic 8.7 University\jre\bin\management.dll
0x00007ff840110000 - 0x00007ff84011c000 	C:\Program Files\AnyLogic 8.7 University\jre\bin\management_ext.dll
0x00007ff82dbb0000 - 0x00007ff82dbc7000 	C:\WINDOWS\system32\napinsp.dll
0x00007ff82db90000 - 0x00007ff82dbab000 	C:\WINDOWS\system32\pnrpnsp.dll
0x00007ff8452a0000 - 0x00007ff8452b5000 	C:\WINDOWS\system32\wshbth.dll
0x00007ff8457a0000 - 0x00007ff8457bd000 	C:\WINDOWS\system32\NLAapi.dll
0x00007ff849ce0000 - 0x00007ff849d1b000 	C:\WINDOWS\SYSTEM32\IPHLPAPI.DLL
0x00007ff849d30000 - 0x00007ff849dfb000 	C:\WINDOWS\SYSTEM32\DNSAPI.dll
0x00007ff84b970000 - 0x00007ff84b978000 	C:\WINDOWS\System32\NSI.dll
0x00007ff82db70000 - 0x00007ff82db82000 	C:\WINDOWS\System32\winrnr.dll
0x00000000716f0000 - 0x00000000716fa000 	C:\Program Files\National Instruments\Shared\mDNS Responder\nimdnsNSP.dll
0x00000000716e0000 - 0x00000000716f0000 	C:\WINDOWS\SYSTEM32\nimdnsResponder.dll
0x00007ff836c80000 - 0x00007ff836c8a000 	C:\Windows\System32\rasadhlp.dll
0x00007ff836ba0000 - 0x00007ff836c1f000 	C:\WINDOWS\System32\fwpuclnt.dll
0x00007ff84ab80000 - 0x00007ff84aba7000 	C:\WINDOWS\System32\bcrypt.dll
0x00007ff84a240000 - 0x00007ff84a258000 	C:\WINDOWS\SYSTEM32\CRYPTSP.dll
0x00007ff849950000 - 0x00007ff849984000 	C:\WINDOWS\system32\rsaenh.dll
0x00007ff84a770000 - 0x00007ff84a79e000 	C:\WINDOWS\SYSTEM32\USERENV.dll
0x00007ff84a230000 - 0x00007ff84a23c000 	C:\WINDOWS\SYSTEM32\CRYPTBASE.dll
0x00007ff83e570000 - 0x00007ff83e587000 	C:\WINDOWS\SYSTEM32\dhcpcsvc6.DLL
0x00007ff83f1c0000 - 0x00007ff83f1dd000 	C:\WINDOWS\SYSTEM32\dhcpcsvc.DLL
0x00007ff847f70000 - 0x00007ff847f9f000 	C:\WINDOWS\system32\DWMAPI.DLL
0x00007ff847ce0000 - 0x00007ff847d7e000 	C:\WINDOWS\system32\uxtheme.dll
0x00007ff813f20000 - 0x00007ff814046000 	C:\WINDOWS\system32\opengl32.dll
0x00007ff813ef0000 - 0x00007ff813f1c000 	C:\WINDOWS\SYSTEM32\GLU32.dll
0x00007ff84cc70000 - 0x00007ff84cd85000 	C:\WINDOWS\System32\MSCTF.dll
0x00007ff84cb10000 - 0x00007ff84cc3a000 	C:\WINDOWS\System32\ole32.dll
0x00007ff837430000 - 0x00007ff8375ff000 	C:\WINDOWS\system32\d3d9.dll
0x00007ff806930000 - 0x00007ff806a95000 	C:\WINDOWS\System32\DriverStore\FileRepository\igdlh64.inf_amd64_e6daaea9afe1e6f6\igdumdim64.dll
0x00007fffceec0000 - 0x00007fffd36bd000 	C:\WINDOWS\System32\DriverStore\FileRepository\igdlh64.inf_amd64_e6daaea9afe1e6f6\igd9dxva64.dll
0x00007ff84bb90000 - 0x00007ff84bffa000 	C:\WINDOWS\System32\SETUPAPI.dll
0x00007ff84a9d0000 - 0x00007ff84aa1e000 	C:\WINDOWS\System32\cfgmgr32.dll
0x00007ff83a530000 - 0x00007ff83a787000 	C:\WINDOWS\System32\DriverStore\FileRepository\igdlh64.inf_amd64_e6daaea9afe1e6f6\igdgmm64.dll
0x00007ff835e40000 - 0x00007ff835f42000 	C:\WINDOWS\System32\DriverStore\FileRepository\nvbl.inf_amd64_7f876dd929622859\nvldumdx.dll
0x00007ff84a460000 - 0x00007ff84a472000 	C:\WINDOWS\SYSTEM32\msasn1.dll
0x00007ff83f0d0000 - 0x00007ff83f101000 	C:\WINDOWS\SYSTEM32\cryptnet.dll
0x00007ff84aa20000 - 0x00007ff84ab76000 	C:\WINDOWS\System32\CRYPT32.dll
0x00007ff84b140000 - 0x00007ff84b1a8000 	C:\WINDOWS\System32\WINTRUST.DLL
0x00007ff84b4e0000 - 0x00007ff84b4fd000 	C:\WINDOWS\System32\imagehlp.dll
0x00007fffd9f80000 - 0x00007fffdb723000 	C:\WINDOWS\System32\DriverStore\FileRepository\nvbl.inf_amd64_7f876dd929622859\nvd3dumx.dll
0x00007ff849e50000 - 0x00007ff849e9b000 	C:\WINDOWS\SYSTEM32\powrprof.dll
0x00007ff849cc0000 - 0x00007ff849cd2000 	C:\WINDOWS\SYSTEM32\UMPDC.dll
0x00007ff8487e0000 - 0x00007ff848803000 	C:\WINDOWS\SYSTEM32\gpapi.dll
0x00007ff83be90000 - 0x00007ff83becb000 	C:\WINDOWS\SYSTEM32\dxcore.dll
0x00007ff81d430000 - 0x00007ff81d4b0000 	C:\Program Files\AnyLogic 8.7 University\jre\bin\freetype.dll
0x00007ff8239b0000 - 0x00007ff823a1f000 	C:\Program Files\AnyLogic 8.7 University\jre\bin\fontmanager.dll

dbghelp: loaded successfully - version: 4.0.5 - missing functions: none
symbol engine: initialized successfully - sym options: 0x614 - pdb path: .;C:\Program Files\AnyLogic 8.7 University\jre\bin;C:\WINDOWS\SYSTEM32;C:\WINDOWS\WinSxS\amd64_microsoft.windows.common-controls_6595b64144ccf1df_6.0.19041.1110_none_60b5254171f9507e;C:\Program Files\AnyLogic 8.7 University\jre\bin\server;C:\Program Files\National Instruments\Shared\mDNS Responder;C:\WINDOWS\System32\DriverStore\FileRepository\igdlh64.inf_amd64_e6daaea9afe1e6f6;C:\WINDOWS\System32\DriverStore\FileRepository\nvbl.inf_amd64_7f876dd929622859

VM Arguments:
jvm_args: -Xmx4096m --illegal-access=deny -DlanguageId_xjal=en0m0kzv -DflowchartCountersVisible_xjal=true -DbuiltInTileCachePath_xjal=C:\Program Files\AnyLogic 8.7 University\plugins\com.anylogic.gis_8.7.11.202204112018\tiles -DflowchartPortStateAnimated_xjal=true -DenableWarnings_xjal=true -DenableObject3DLod_xjal=true -DstandaloneBrowserPath_xjal=C:/Program Files/AnyLogic 8.7 University/chromium/chromium-win64/chrome.exe -DstandaloneBrowserCommandArguments_xjal=--app=$1 -DanylogicIncomingPort_xjal=7880 -DbrowserUserDataPath_xjal=--user-data-dir=C:\Users\Mels\.AnyLogicUniversity\Workspace8.7\chromium\userData -DuseProxy_xjal=false -Dfile.encoding=Cp1252 
java_command: com.anylogic.ms.MS brabant_buurtmodel_ui.Simulation 1a40458
java_class_path (initial): C:\Users\Mels\.AnyLogicUniversity\Workspace8.7\Brabant buurtmodel UI_BUILD\classes;C:\Program Files\AnyLogic 8.7 University\plugins\com.anylogic.libraries.modules_8.7.11.202204112018\lib\MarkupDescriptors\MarkupDescriptors.jar;C:\Program Files\AnyLogic 8.7 University\plugins\com.anylogic.process_modeling_library_8.7.11.202204112018\lib\ProcessModelingLibrary.jar;C:\Users\Mels\.AnyLogicUniversity\Workspace8.7\HeatingSystems_BUILD\classes;C:\Program Files\AnyLogic 8.7 University\plugins\com.anylogic.engine_8.7.11.202204112018\com.anylogic.engine.jar;C:\Program Files\AnyLogic 8.7 University\plugins\com.anylogic.engine_8.7.11.202204112018\com.anylogic.engine.nl.jar;C:\Program Files\AnyLogic 8.7 University\plugins\com.anylogic.engine.sa_8.7.11.202204112018\com.anylogic.engine.sa.jar;C:\Program Files\AnyLogic 8.7 University\plugins\com.anylogic.core_8.7.11.202204112018\com.anylogic.ms.jar;C:\Program Files\AnyLogic 8.7 University\plugins\com.anylogic.engine.sa_8.7.11.202204112018\lib\sa\com.anylogic.engine.sa.web.jar;C:\Program Files\AnyLogic 8.7 University\plugins\com.anylogic.engine.sa_8.7.11.202204112018\lib\sa\executor-basic-8.3.jar;C:\Program Files\AnyLogic 8.7 University\plugins\com.anylogic.engine.sa_8.7.11.202204112018\lib\sa\ioutil-8.3.jar;C:\Program Files\AnyLogic 8.7 University\plugins\com.anylogic.engine.sa_8.7.11.202204112018\lib\sa\jackson\jackson-annotations-2.12.2.jar;C:\Program Files\AnyLogic 8.7 University\plugins\com.anylogic.engine.sa_8.7.11.202204112018\lib\sa\jackson\jackson-core-2.12.2.jar;C:\Program Files\AnyLogic 8.7 University\plugins\com.anylogic.engine.sa_8.7.11.202204112018\lib\sa\jackson\jackson-databind-2.12.2.jar;C:\Program Files\AnyLogic 8.7 University\plugins\com.anylogic.engine.sa_8.7.11.202204112018\lib\sa\spark\javax.servlet-api-3.1.0.jar;C:\Program Files\AnyLogic 8.7 University\plugins\com.anylogic.engine.sa_8.7.11.202204112018\lib\sa\spark\jetty-client-9.4.31.v20200723.jar;C:\Program Files\AnyLogic 8.7 Uni
Launcher Type: SUN_STANDARD

[Global flags]
     intx CICompilerCount                          = 4                                         {product} {ergonomic}
     uint ConcGCThreads                            = 2                                         {product} {ergonomic}
     uint G1ConcRefinementThreads                  = 8                                         {product} {ergonomic}
   size_t G1HeapRegionSize                         = 1048576                                   {product} {ergonomic}
    uintx GCDrainStackTargetSize                   = 64                                        {product} {ergonomic}
   size_t InitialHeapSize                          = 134217728                                 {product} {ergonomic}
   size_t MarkStackSize                            = 4194304                                   {product} {ergonomic}
   size_t MaxHeapSize                              = 4294967296                                {product} {command line}
   size_t MaxNewSize                               = 2576351232                                {product} {ergonomic}
   size_t MinHeapDeltaBytes                        = 1048576                                   {product} {ergonomic}
    uintx NonNMethodCodeHeapSize                   = 5835340                                {pd product} {ergonomic}
    uintx NonProfiledCodeHeapSize                  = 122911450                              {pd product} {ergonomic}
    uintx ProfiledCodeHeapSize                     = 122911450                              {pd product} {ergonomic}
    uintx ReservedCodeCacheSize                    = 251658240                              {pd product} {ergonomic}
     bool SegmentedCodeCache                       = true                                      {product} {ergonomic}
     bool UseCompressedClassPointers               = true                                 {lp64_product} {ergonomic}
     bool UseCompressedOops                        = true                                 {lp64_product} {ergonomic}
     bool UseG1GC                                  = true                                      {product} {ergonomic}
     bool UseLargePagesIndividualAllocation        = false                                  {pd product} {ergonomic}

Logging:
Log output configuration:
 #0: stdout all=warning uptime,level,tags
 #1: stderr all=off uptime,level,tags

Environment Variables:
JAVA_HOME=C:\Program Files\Java\jdk-16.0.2
PATH=C:/Program Files/AnyLogic 8.7 University/jre/bin/server;C:/Program Files/AnyLogic 8.7 University/jre/bin;C:\Program Files\Common Files\Oracle\Java\javapath;C:\Program Files\NVIDIA GPU Computing Toolkit\CUDA\v11.2\bin;C:\Program Files\NVIDIA GPU Computing Toolkit\CUDA\v11.2\libnvvp;C:\Program Files\MATLAB\R2018a\bin\win64;C:\WINDOWS\system32;C:\WINDOWS;C:\WINDOWS\System32\Wbem;C:\WINDOWS\System32\WindowsPowerShell\v1.0\;C:\Program Files (x86)\HP\HP Performance Advisor;C:\WINDOWS\System32\OpenSSH\;C:\Users\Mels\AppData\Local\Microsoft\WindowsApps;C:\Users\Mels\AppData\Local\Programs\MiKTeX 2.9\miktex\bin\x64\;C:\Program Files\Intel\WiFi\bin\;C:\Program Files\Common Files\Intel\WirelessCommon\;C:\WINDOWS\system32;C:\WINDOWS;C:\WINDOWS\System32\Wbem;C:\WINDOWS\System32\WindowsPowerShell\v1.0\;C:\WINDOWS\System32\OpenSSH\;C:\Programs\Anaconda3\;"C:\ProgramData\Anaconda3\Scripts;C:\ProgramData\Anaconda3\";C:\Program Files\Git\cmd;C:\Program Files\MATLAB\R2020b\bin;C:\Program Files\NVIDIA Corporation\Nsight Compute 2020.3.0\;C:\Program Files (x86)\NVIDIA Corporation\PhysX\Common;C:\Program Files (x86)\Intel\Intel(R) Management Engine Components\DAL;C:\Program Files\Intel\Intel(R) Management Engine Components\DAL;C:\Program Files\Java\jdk-16.0.2\bin;C:\Program Files\TortoiseGit\bin;C:\Users\Mels\AppData\Local\GitHubDesktop\bin;C:\Users\Mels\AppData\Local\Programs\Microsoft VS Code\bin;C:\Program Files\AnyLogic 8.7 University;
USERNAME=Mels
OS=Windows_NT
PROCESSOR_IDENTIFIER=Intel64 Family 6 Model 158 Stepping 9, GenuineIntel



---------------  S Y S T E M  ---------------

OS: Windows 10 , 64 bit Build 19041 (10.0.19041.1645)

CPU:total 8 (initial active 8) (4 cores per cpu, 2 threads per core) family 6 model 158 stepping 9, cmov, cx8, fxsr, mmx, sse, sse2, sse3, ssse3, sse4.1, sse4.2, popcnt, avx, avx2, aes, clmul, erms, 3dnowpref, lzcnt, ht, tsc, tscinvbit, bmi1, bmi2, adx, fma

Memory: 4k page, system-wide physical 8067M (246M free)
TotalPageFile size 32643M (AvailPageFile size 666M)
current process WorkingSet (physical memory assigned to process): 396M, peak: 403M
current process commit charge ("private bytes"): 596M, peak: 1361M

vm_info: OpenJDK 64-Bit Server VM (11.0.2+9) for windows-amd64 JRE (11.0.2+9), built on Jan 18 2019 05:23:22 by "mach5one" with MS VC++ 15.5 (VS2017)

END.
